<?xml version="1.0" encoding="UTF-8"?>
<testsuite xmlns:xsi="http://www.w3.org/2001/XMLSchema-instance" xsi:noNamespaceSchemaLocation="https://maven.apache.org/surefire/maven-surefire-plugin/xsd/surefire-test-report-3.0.xsd" version="3.0" name="AllStoriesTest" time="105.683" tests="1" errors="1" skipped="0" failures="0">
  <properties>
[...]
</properties>
  <testcase name="run" classname="AllStoriesTest" time="105.677">
    <error message="JBehave detected failed stories. Failing Maven build." type="java.lang.RuntimeException"><![CDATA[java.lang.RuntimeException: JBehave detected failed stories. Failing Maven build.
	at AllStoriesTest.run(AllStoriesTest.java:66)
]]></error>
    <system-out><![CDATA[Directory: D:\Automation Quality Projects\Dewan-Automation\reports\Sun Mar 29 15-29-22 EET 2026\ is created!
Report Path: D:\Automation Quality Projects\Dewan-Automation\reports\Sun Mar 29 15-29-22 EET 2026\

Processing system properties {}
Using controls EmbedderControls[batch=false,skip=false,generateViewAfterStories=true,ignoreFailureInStories=false,ignoreFailureInView=false,verboseFailures=true,verboseFiltering=false,storyTimeouts=7200,threads=1,failOnStoryTimeout=true]
Running story stories/TC_001_JPPMC_PRECONDITION.story
29 Mar 2026 15:29:23,668 INFO : com.automation.jbehave.ConsoleLogger - ==========================================================
29 Mar 2026 15:29:23,668 INFO : com.automation.jbehave.ConsoleLogger - Begin Story: TC_001_JPPMC_PRECONDITION.story
29 Mar 2026 15:29:23,668 INFO : com.automation.jbehave.ConsoleLogger - ==========================================================
29 Mar 2026 15:29:23,668 INFO : com.automation.jbehave.ConsoleLogger - Narrative[inOrderTo=,asA=,iWantTo=,soThat=]
29 Mar 2026 15:29:23,669 INFO : com.automation.jbehave.ConsoleLogger - Lifecycle[before=Lifecycle.Steps[outcome=<null>,metaFilter=<null>,steps=[]],after={}]
Using timeout for story TC_001_JPPMC_PRECONDITION.story of 7200 secs.
29 Mar 2026 15:29:26,916 INFO : com.automation.jbehave.ConsoleLogger - ==========================================================
29 Mar 2026 15:29:26,917 INFO : com.automation.jbehave.ConsoleLogger - Scenario: TC_001_JPPMC_001
29 Mar 2026 15:29:26,917 INFO : com.automation.jbehave.ConsoleLogger - ==========================================================
29 Mar 2026 15:29:26,918 INFO : com.automation.jbehave.PropertyParameterConverter - Parameter converted:[p:dewanAdminJPPMC] >> [http://172.16.30.83:5555/JPPMC_Admin/]
29 Mar 2026 15:29:28,934 INFO : com.automation.pages.CannedPage - Navigating to the page: http://172.16.30.83:5555/JPPMC_Admin/
29 Mar 2026 15:29:28,983 INFO : com.automation.jbehave.ConsoleLogger - Given [Navigation] I navigate to 'p:dewanAdminJPPMC' (SUCCESSFUL)
29 Mar 2026 15:29:29,706 INFO : com.automation.jbehave.ConsoleLogger - ==========================================================
29 Mar 2026 15:29:29,706 INFO : com.automation.jbehave.ConsoleLogger - End Story:  TC_001_JPPMC_PRECONDITION.story
29 Mar 2026 15:29:29,706 INFO : com.automation.jbehave.ConsoleLogger - Status:  PASSED 
29 Mar 2026 15:29:29,706 INFO : com.automation.jbehave.ConsoleLogger - ==========================================================
Running story stories/TC_002_JPPMC.story
29 Mar 2026 15:29:29,712 INFO : com.automation.jbehave.ConsoleLogger - ==========================================================
29 Mar 2026 15:29:29,712 INFO : com.automation.jbehave.ConsoleLogger - Begin Story: TC_002_JPPMC.story
29 Mar 2026 15:29:29,712 INFO : com.automation.jbehave.ConsoleLogger - ==========================================================
29 Mar 2026 15:29:29,712 INFO : com.automation.jbehave.ConsoleLogger - Narrative[inOrderTo=,asA=,iWantTo=,soThat=]
29 Mar 2026 15:29:29,713 INFO : com.automation.jbehave.ConsoleLogger - Lifecycle[before=Lifecycle.Steps[outcome=<null>,metaFilter=<null>,steps=[]],after={}]
Using timeout for story TC_002_JPPMC.story of 7200 secs.
29 Mar 2026 15:29:31,206 INFO : com.automation.jbehave.ConsoleLogger - ==========================================================
29 Mar 2026 15:29:31,206 INFO : com.automation.jbehave.ConsoleLogger - Scenario: TC_002_JPPMC_001
29 Mar 2026 15:29:31,207 INFO : com.automation.jbehave.ConsoleLogger - ==========================================================
29 Mar 2026 15:29:31,208 INFO : com.automation.jbehave.PropertyParameterConverter - Parameter converted:[p:dewanJPPMC] >> [http://172.16.30.83:5555/JPPMC_EndUser/login.aspx]
29 Mar 2026 15:29:32,210 INFO : com.automation.pages.CannedPage - Navigating to the page: http://172.16.30.83:5555/JPPMC_EndUser/login.aspx
29 Mar 2026 15:29:32,262 INFO : com.automation.jbehave.ConsoleLogger - Given [Navigation] I navigate to 'p:dewanJPPMC' (SUCCESSFUL)
29 Mar 2026 15:29:32,689 INFO : com.automation.jbehave.ConsoleLogger - ==========================================================
29 Mar 2026 15:29:32,690 INFO : com.automation.jbehave.ConsoleLogger - End Story:  TC_002_JPPMC.story
29 Mar 2026 15:29:32,690 INFO : com.automation.jbehave.ConsoleLogger - Status:  PASSED 
29 Mar 2026 15:29:32,690 INFO : com.automation.jbehave.ConsoleLogger - ==========================================================
Running story stories/TC_003_JPPMC.story
29 Mar 2026 15:29:32,693 INFO : com.automation.jbehave.ConsoleLogger - ==========================================================
29 Mar 2026 15:29:32,693 INFO : com.automation.jbehave.ConsoleLogger - Begin Story: TC_003_JPPMC.story
29 Mar 2026 15:29:32,693 INFO : com.automation.jbehave.ConsoleLogger - ==========================================================
29 Mar 2026 15:29:32,693 INFO : com.automation.jbehave.ConsoleLogger - Narrative[inOrderTo=,asA=,iWantTo=,soThat=]
29 Mar 2026 15:29:32,694 INFO : com.automation.jbehave.ConsoleLogger - Lifecycle[before=Lifecycle.Steps[outcome=<null>,metaFilter=<null>,steps=[]],after={}]
Using timeout for story TC_003_JPPMC.story of 7200 secs.
29 Mar 2026 15:29:34,112 INFO : com.automation.jbehave.ConsoleLogger - ==========================================================
29 Mar 2026 15:29:34,113 INFO : com.automation.jbehave.ConsoleLogger - Scenario: TC_003_JPPMC_001
29 Mar 2026 15:29:34,113 INFO : com.automation.jbehave.ConsoleLogger - ==========================================================
29 Mar 2026 15:29:34,113 INFO : com.automation.jbehave.PropertyParameterConverter - Parameter converted:[p:dewanJPPMC] >> [http://172.16.30.83:5555/JPPMC_EndUser/login.aspx]
29 Mar 2026 15:29:34,551 INFO : com.automation.pages.CannedPage - Navigating to the page: http://172.16.30.83:5555/JPPMC_EndUser/login.aspx
29 Mar 2026 15:29:34,619 INFO : com.automation.jbehave.ConsoleLogger - Given [Navigation] I navigate to 'p:dewanJPPMC' (SUCCESSFUL)
29 Mar 2026 15:29:34,624 INFO : com.automation.jbehave.PropertyParameterConverter - Parameter converted:[p:JPPMCuser.HikmatZomat] >> [Hikmat.Zomat]
29 Mar 2026 15:29:34,624 INFO : com.automation.jbehave.PropertyParameterConverter - Parameter converted:[p:JPPMC.password] >> [Aa1]
29 Mar 2026 15:29:38,557 INFO : com.automation.pages.CannedPage - Filled 'userName' with value: Hikmat.Zomat
29 Mar 2026 15:29:41,680 INFO : com.automation.pages.CannedPage - Clicked on 'password'
29 Mar 2026 15:29:44,822 INFO : com.automation.pages.CannedPage - Filled 'password' with value: Aa1
29 Mar 2026 15:29:44,930 INFO : com.automation.pages.CannedPage - Clicked on 'login Button'
29 Mar 2026 15:29:44,955 INFO : com.automation.jbehave.ConsoleLogger - When [Input] I login as 'p:JPPMCuser.HikmatZomat' with password 'p:JPPMC.password' (SUCCESSFUL)
29 Mar 2026 15:29:47,569 INFO : com.automation.pages.CustomPage - Hovered on 'User Name Header Button'
29 Mar 2026 15:29:47,592 INFO : com.automation.jbehave.ConsoleLogger - And [Input] I hover on 'User Name Header Button' (SUCCESSFUL)
29 Mar 2026 15:29:48,736 INFO : com.automation.pages.CannedPage - Clicked on 'Profile Header Button'
29 Mar 2026 15:29:48,767 INFO : com.automation.jbehave.ConsoleLogger - And [Input] I click on 'Profile Header Button' (SUCCESSFUL)
29 Mar 2026 15:29:48,767 INFO : com.automation.jbehave.PropertyParameterConverter - Parameter converted:[p:JPPMCuser.HikmatZomat] >> [Hikmat.Zomat]
29 Mar 2026 15:29:48,919 INFO : com.automation.jbehave.ConsoleLogger - And [Assertion] Verify 'User Name Value' have attribute 'value' with 'p:JPPMCuser.HikmatZomat' ｟value｠ (SUCCESSFUL)
29 Mar 2026 15:29:49,235 INFO : com.automation.pages.CustomPage - Hovered on 'User Name Header Button'
29 Mar 2026 15:29:49,271 INFO : com.automation.jbehave.ConsoleLogger - And [Input] I hover on 'User Name Header Button' (SUCCESSFUL)
29 Mar 2026 15:29:50,317 INFO : com.automation.pages.CannedPage - Clicked on 'logout Button'
29 Mar 2026 15:29:50,352 INFO : com.automation.jbehave.ConsoleLogger - Then [Input] I click on 'logout Button' (SUCCESSFUL)
29 Mar 2026 15:29:50,478 INFO : com.automation.jbehave.ConsoleLogger - And [Assertion] Verify 'login Button' is present (SUCCESSFUL)
29 Mar 2026 15:29:50,783 INFO : com.automation.jbehave.ConsoleLogger - ==========================================================
29 Mar 2026 15:29:50,784 INFO : com.automation.jbehave.ConsoleLogger - End Story:  TC_003_JPPMC.story
29 Mar 2026 15:29:50,784 INFO : com.automation.jbehave.ConsoleLogger - Status:  PASSED 
29 Mar 2026 15:29:50,784 INFO : com.automation.jbehave.ConsoleLogger - ==========================================================
Running story stories/TC_004_JPPMC.story
29 Mar 2026 15:29:50,786 INFO : com.automation.jbehave.ConsoleLogger - ==========================================================
29 Mar 2026 15:29:50,786 INFO : com.automation.jbehave.ConsoleLogger - Begin Story: TC_004_JPPMC.story
29 Mar 2026 15:29:50,786 INFO : com.automation.jbehave.ConsoleLogger - ==========================================================
29 Mar 2026 15:29:50,786 INFO : com.automation.jbehave.ConsoleLogger - Narrative[inOrderTo=,asA=,iWantTo=,soThat=]
29 Mar 2026 15:29:50,786 INFO : com.automation.jbehave.ConsoleLogger - Lifecycle[before=Lifecycle.Steps[outcome=<null>,metaFilter=<null>,steps=[]],after={}]
Using timeout for story TC_004_JPPMC.story of 7200 secs.
29 Mar 2026 15:29:52,408 INFO : com.automation.jbehave.ConsoleLogger - ==========================================================
29 Mar 2026 15:29:52,408 INFO : com.automation.jbehave.ConsoleLogger - Scenario: TC_004_JPPMC_001
29 Mar 2026 15:29:52,408 INFO : com.automation.jbehave.ConsoleLogger - ==========================================================
29 Mar 2026 15:29:52,409 INFO : com.automation.jbehave.PropertyParameterConverter - Parameter converted:[p:dewanJPPMC] >> [http://172.16.30.83:5555/JPPMC_EndUser/login.aspx]
29 Mar 2026 15:29:52,775 INFO : com.automation.pages.CannedPage - Navigating to the page: http://172.16.30.83:5555/JPPMC_EndUser/login.aspx
29 Mar 2026 15:29:52,865 INFO : com.automation.jbehave.ConsoleLogger - Given [Navigation] I navigate to 'p:dewanJPPMC' (SUCCESSFUL)
29 Mar 2026 15:29:52,866 INFO : com.automation.jbehave.PropertyParameterConverter - Parameter converted:[p:JPPMCuser.HikmatZomat] >> [Hikmat.Zomat]
29 Mar 2026 15:29:52,866 INFO : com.automation.jbehave.PropertyParameterConverter - Parameter converted:[p:JPPMC.password] >> [Aa1]
29 Mar 2026 15:29:56,941 INFO : com.automation.pages.CannedPage - Filled 'userName' with value: Hikmat.Zomat
29 Mar 2026 15:30:00,129 INFO : com.automation.pages.CannedPage - Clicked on 'password'
29 Mar 2026 15:30:03,251 INFO : com.automation.pages.CannedPage - Filled 'password' with value: Aa1
29 Mar 2026 15:30:03,378 INFO : com.automation.pages.CannedPage - Clicked on 'login Button'
29 Mar 2026 15:30:03,407 INFO : com.automation.jbehave.ConsoleLogger - And [Input] I login as 'p:JPPMCuser.HikmatZomat' with password 'p:JPPMC.password' (SUCCESSFUL)
29 Mar 2026 15:30:07,454 INFO : com.automation.pages.CannedPage - Clicked on 'Add Process Button'
29 Mar 2026 15:30:07,517 INFO : com.automation.jbehave.ConsoleLogger - And [Input] I click on 'Add Process Button' (SUCCESSFUL)
29 Mar 2026 15:30:37,898 ERROR: com.automation.jbehave.ConsoleLogger - org.openqa.selenium.TimeoutException: Expected condition failed: waiting for visibility of [[ChromeDriver: chrome on windows (e8a2bac8d1fa8d824c557948a18a4355)] -> xpath: //a[contains(text(),'تعميم')]] (tried for 30 second(s) with 500 milliseconds interval)
Build info: version: '4.10.0', revision: 'c14d967899'
System info: os.name: 'Windows 11', os.arch: 'amd64', os.version: '10.0', java.version: '22.0.1'
Driver info: org.openqa.selenium.chrome.ChromeDriver
Capabilities {acceptInsecureCerts: false, browserName: chrome, browserVersion: 146.0.7680.165, chrome: {chromedriverVersion: 146.0.7680.165 (4b989da09e1..., userDataDir: C:\Users\MBARGH~1\AppData\L...}, fedcm:accounts: true, goog:chromeOptions: {debuggerAddress: localhost:48229}, goog:processID: 25284, networkConnectionEnabled: false, pageLoadStrategy: normal, platformName: windows, proxy: Proxy(), se:cdp: ws://localhost:48229/devtoo..., se:cdpVersion: 146.0.7680.165, setWindowRect: true, strictFileInteractability: false, timeouts: {implicit: 0, pageLoad: 300000, script: 30000}, unhandledPromptBehavior: dismiss and notify, webauthn:extension:credBlob: true, webauthn:extension:largeBlob: true, webauthn:extension:minPinLength: true, webauthn:extension:prf: true, webauthn:virtualAuthenticators: true}
Session ID: e8a2bac8d1fa8d824c557948a18a4355
29 Mar 2026 15:30:38,078 INFO : com.automation.jbehave.ConsoleLogger - Screenshot saved successfully
29 Mar 2026 15:30:38,110 INFO : com.automation.jbehave.ConsoleLogger - And [Input] I click on 'Generalization Button' (FAILED)
29 Mar 2026 15:30:38,141 INFO : com.automation.jbehave.ConsoleLogger - When [Input] Set 'Subject Field' value to 'random' (NOT PERFORMED)
29 Mar 2026 15:30:38,171 INFO : com.automation.jbehave.ConsoleLogger - And [Input] Set 'Generalization Date Field' value to 'date' (NOT PERFORMED)
29 Mar 2026 15:30:38,206 INFO : com.automation.jbehave.ConsoleLogger - And [Action] I get value from 'Generalization Get Year' and save it as 'GeneralizationYearValue' (NOT PERFORMED)
29 Mar 2026 15:30:38,242 INFO : com.automation.jbehave.ConsoleLogger - And [Assertion] Verify 'GeneralizationYearValue' equals current year (NOT PERFORMED)
29 Mar 2026 15:30:38,274 INFO : com.automation.jbehave.ConsoleLogger - And [Navigation] I scroll to end of page (NOT PERFORMED)
29 Mar 2026 15:30:38,307 INFO : com.automation.jbehave.ConsoleLogger - And [Input] I click on 'Save Button' (NOT PERFORMED)
29 Mar 2026 15:30:38,335 INFO : com.automation.jbehave.ConsoleLogger - And [Action] I get value from 'Generalization Get Serial Number' and save it as 'GeneralizationSerialNumberValue' (NOT PERFORMED)
29 Mar 2026 15:30:38,362 INFO : com.automation.jbehave.ConsoleLogger - And [Action] I get text from 'Subject Field' and save it as 'GeneralizationSubjectText' (NOT PERFORMED)
29 Mar 2026 15:30:38,392 INFO : com.automation.jbehave.ConsoleLogger - And [Progress] I wait for '3' sec (NOT PERFORMED)
29 Mar 2026 15:30:38,422 INFO : com.automation.jbehave.ConsoleLogger - And [Input] I hover on  'All Task Header Button' (NOT PERFORMED)
29 Mar 2026 15:30:38,455 INFO : com.automation.jbehave.ConsoleLogger - And [Input] I click on 'My Processes List Header Button' (NOT PERFORMED)
29 Mar 2026 15:30:38,455 INFO : com.automation.jbehave.PropertyParameterConverter - Parameter converted:[p:ProcessUnCompletedStatus] >> [تحت الاجراء]
29 Mar 2026 15:30:38,486 INFO : com.automation.jbehave.ConsoleLogger - And [Assertion] Verify 'Process Status' equals 'p:ProcessUnCompletedStatus' text (NOT PERFORMED)
29 Mar 2026 15:30:38,516 INFO : com.automation.jbehave.ConsoleLogger - And [Progress] I wait for '3' sec (NOT PERFORMED)
29 Mar 2026 15:30:38,552 INFO : com.automation.jbehave.ConsoleLogger - And [Input] I hover on  'All Task Header Button' (NOT PERFORMED)
29 Mar 2026 15:30:38,587 INFO : com.automation.jbehave.ConsoleLogger - And [Input] I click on 'Task List Header Button' (NOT PERFORMED)
29 Mar 2026 15:30:38,619 INFO : com.automation.jbehave.ConsoleLogger - And [Assertion] Verify text of 'Task List First Subject Text' equals saved value 'GeneralizationSubjectText' (NOT PERFORMED)
29 Mar 2026 15:30:38,652 INFO : com.automation.jbehave.ConsoleLogger - And [Input] I click on 'Task List View Process Button' (NOT PERFORMED)
29 Mar 2026 15:30:38,692 INFO : com.automation.jbehave.ConsoleLogger - And [Navigation] I scroll to end of page (NOT PERFORMED)
29 Mar 2026 15:30:38,728 INFO : com.automation.jbehave.ConsoleLogger - And [Input] I click on 'Direction Tab' (NOT PERFORMED)
29 Mar 2026 15:30:38,763 INFO : com.automation.jbehave.ConsoleLogger - And [Input] I click on 'Generalize Button' (NOT PERFORMED)
29 Mar 2026 15:30:38,792 INFO : com.automation.jbehave.ConsoleLogger - And [Progress] I wait for '15' sec (NOT PERFORMED)
29 Mar 2026 15:30:38,822 INFO : com.automation.jbehave.ConsoleLogger - And [Input] I click on 'Generalizations Header Button' (NOT PERFORMED)
29 Mar 2026 15:30:38,849 INFO : com.automation.jbehave.ConsoleLogger - And [Assertion] Verify text of 'Generalization First Subject Text' equals saved value 'GeneralizationSubjectText' (NOT PERFORMED)
29 Mar 2026 15:30:38,850 INFO : com.automation.jbehave.ConsoleLogger - !-- And [Assertion] Verify text of 'Generalization First Serial Number' equals saved value 'GeneralizationSerialNumberValue' (IGNORED)
29 Mar 2026 15:30:38,879 INFO : com.automation.jbehave.ConsoleLogger - And [Input] I click on 'Generalizations View Process Button' (NOT PERFORMED)
29 Mar 2026 15:30:38,905 INFO : com.automation.jbehave.ConsoleLogger - And [Progress] I wait for '3' sec (NOT PERFORMED)
29 Mar 2026 15:30:38,935 INFO : com.automation.jbehave.ConsoleLogger - And [Navigation] I scroll to end of page (NOT PERFORMED)
29 Mar 2026 15:30:38,965 INFO : com.automation.jbehave.ConsoleLogger - And [Progress] I wait for '3' sec (NOT PERFORMED)
29 Mar 2026 15:30:38,991 INFO : com.automation.jbehave.ConsoleLogger - And [Navigation] I scroll to end of page (NOT PERFORMED)
29 Mar 2026 15:30:39,018 INFO : com.automation.jbehave.ConsoleLogger - And [Progress] I wait for '3' sec (NOT PERFORMED)
29 Mar 2026 15:30:39,046 INFO : com.automation.jbehave.ConsoleLogger - And [Input] I click on 'Direction Tab' (NOT PERFORMED)
29 Mar 2026 15:30:39,072 INFO : com.automation.jbehave.ConsoleLogger - And [Assertion] Verify 'Generalize Button' not present (NOT PERFORMED)
29 Mar 2026 15:30:39,104 INFO : com.automation.jbehave.ConsoleLogger - And [Progress] I wait for '3' sec (NOT PERFORMED)
29 Mar 2026 15:30:39,137 INFO : com.automation.jbehave.ConsoleLogger - And [Input] I hover on  'All Task Header Button' (NOT PERFORMED)
29 Mar 2026 15:30:39,170 INFO : com.automation.jbehave.ConsoleLogger - And [Input] I click on 'My Processes List Header Button' (NOT PERFORMED)
29 Mar 2026 15:30:39,171 INFO : com.automation.jbehave.PropertyParameterConverter - Parameter converted:[p:ProcessCompletedStatus] >> [تمت العملية بنجاح]
29 Mar 2026 15:30:39,201 INFO : com.automation.jbehave.ConsoleLogger - And [Assertion] Verify 'Process Status' equals 'p:ProcessCompletedStatus' text (NOT PERFORMED)
29 Mar 2026 15:30:39,230 INFO : com.automation.jbehave.ConsoleLogger - And [Input] I hover on  'User Name Header Button' (NOT PERFORMED)
29 Mar 2026 15:30:39,263 INFO : com.automation.jbehave.ConsoleLogger - Then [Input] I click on 'logout Button' (NOT PERFORMED)
29 Mar 2026 15:30:39,298 INFO : com.automation.jbehave.ConsoleLogger - And [Assertion] Verify 'login Button' is present (NOT PERFORMED)
29 Mar 2026 15:30:39,298 INFO : com.automation.jbehave.PropertyParameterConverter - Parameter converted:[p:JPPMCuser.manarDojan] >> [manar.dojan]
29 Mar 2026 15:30:39,298 INFO : com.automation.jbehave.PropertyParameterConverter - Parameter converted:[p:JPPMC.password] >> [Aa1]
29 Mar 2026 15:30:39,329 INFO : com.automation.jbehave.ConsoleLogger - And [Input] I login as 'p:JPPMCuser.manarDojan' with password 'p:JPPMC.password' (NOT PERFORMED)
29 Mar 2026 15:30:39,366 INFO : com.automation.jbehave.ConsoleLogger - And [Input] I click on 'Generalizations Header Button' (NOT PERFORMED)
29 Mar 2026 15:30:39,399 INFO : com.automation.jbehave.ConsoleLogger - And [Assertion] Verify text of 'Generalization First Subject Text' equals saved value 'GeneralizationSubjectText' (NOT PERFORMED)
29 Mar 2026 15:30:39,399 INFO : com.automation.jbehave.ConsoleLogger - !-- And [Assertion] Verify text of 'Generalization First Serial Number' equals saved value 'GeneralizationSerialNumberValue' (IGNORED)
29 Mar 2026 15:30:39,436 INFO : com.automation.jbehave.ConsoleLogger - And [Input] I hover on  'User Name Header Button' (NOT PERFORMED)
29 Mar 2026 15:30:39,467 INFO : com.automation.jbehave.ConsoleLogger - And [Input] I click on 'logout Button' (NOT PERFORMED)
29 Mar 2026 15:30:39,502 INFO : com.automation.jbehave.ConsoleLogger - And [Assertion] Verify 'login Button' is present (NOT PERFORMED)
29 Mar 2026 15:30:39,607 INFO : com.automation.jbehave.ConsoleLogger - ==========================================================
29 Mar 2026 15:30:39,607 INFO : com.automation.jbehave.ConsoleLogger - Scenario: TC_004_JPPMC_002
29 Mar 2026 15:30:39,607 INFO : com.automation.jbehave.ConsoleLogger - ==========================================================
29 Mar 2026 15:30:39,608 INFO : com.automation.jbehave.PropertyParameterConverter - Parameter converted:[p:dewanJPPMC] >> [http://172.16.30.83:5555/JPPMC_EndUser/login.aspx]
29 Mar 2026 15:30:39,816 INFO : com.automation.pages.CannedPage - Navigating to the page: http://172.16.30.83:5555/JPPMC_EndUser/login.aspx
29 Mar 2026 15:30:39,858 INFO : com.automation.jbehave.ConsoleLogger - Given [Navigation] I navigate to 'p:dewanJPPMC' (SUCCESSFUL)
29 Mar 2026 15:30:39,858 INFO : com.automation.jbehave.PropertyParameterConverter - Parameter converted:[p:JPPMCuser.HikmatZomat] >> [Hikmat.Zomat]
29 Mar 2026 15:30:39,859 INFO : com.automation.jbehave.PropertyParameterConverter - Parameter converted:[p:JPPMC.password] >> [Aa1]
29 Mar 2026 15:30:43,175 INFO : com.automation.pages.CannedPage - Filled 'userName' with value: Hikmat.Zomat
29 Mar 2026 15:30:46,298 INFO : com.automation.pages.CannedPage - Clicked on 'password'
29 Mar 2026 15:30:49,447 INFO : com.automation.pages.CannedPage - Filled 'password' with value: Aa1
29 Mar 2026 15:30:49,549 INFO : com.automation.pages.CannedPage - Clicked on 'login Button'
29 Mar 2026 15:30:49,585 INFO : com.automation.jbehave.ConsoleLogger - And [Input] I login as 'p:JPPMCuser.HikmatZomat' with password 'p:JPPMC.password' (SUCCESSFUL)
29 Mar 2026 15:30:51,322 INFO : com.automation.pages.CannedPage - Clicked on 'Generalizations Header Button'
29 Mar 2026 15:30:51,364 INFO : com.automation.jbehave.ConsoleLogger - And [Input] I click on 'Generalizations Header Button' (SUCCESSFUL)
29 Mar 2026 15:30:51,365 INFO : com.automation.jbehave.PropertyParameterConverter - Parameter converted:[p:GeneralizationSizePage] >> [10000000]
29 Mar 2026 15:30:51,642 INFO : com.automation.pages.CannedPage - Filled 'Generalization Size Page Input' with value: 10000000
29 Mar 2026 15:30:51,676 INFO : com.automation.jbehave.ConsoleLogger - When [Input] Set 'Generalization Size Page Input' value to 'p:GeneralizationSizePage' (SUCCESSFUL)
29 Mar 2026 15:30:52,012 INFO : com.automation.pages.CannedPage - Clicked on 'Change Grid Size Button'
29 Mar 2026 15:30:52,063 INFO : com.automation.jbehave.ConsoleLogger - And [Input] I click on 'Change Grid Size Button' (SUCCESSFUL)
29 Mar 2026 15:30:55,103 INFO : com.automation.jbehave.ConsoleLogger - And [Progress] I wait for '3' sec (SUCCESSFUL)
Fetched value from Generalization Size Page Input: 35
Putting value in StateManager: key=GeneralizationSizePageValue, value=35
GeneralizationSizePageValue saved as: 35
29 Mar 2026 15:30:55,239 INFO : com.automation.jbehave.ConsoleLogger - And [Action] I get value from 'Generalization Size Page Input' and save it as 'GeneralizationSizePageValue' (SUCCESSFUL)
Getting value from StateManager: key=GeneralizationSizePageValue, value=35
29 Mar 2026 15:30:55,643 ERROR: com.automation.jbehave.ConsoleLogger - java.lang.Exception: Duplicate value found: 11
29 Mar 2026 15:30:55,752 INFO : com.automation.jbehave.ConsoleLogger - Screenshot saved successfully
29 Mar 2026 15:30:55,789 INFO : com.automation.jbehave.ConsoleLogger - Then [Assertion] Verify uniqueness of values in column 'رقم التعميم' to approaches 'GeneralizationSizePageValue' (FAILED)
29 Mar 2026 15:30:55,837 INFO : com.automation.jbehave.ConsoleLogger - And [Input] I hover on  'User Name Header Button' (NOT PERFORMED)
29 Mar 2026 15:30:55,881 INFO : com.automation.jbehave.ConsoleLogger - And [Input] I click on 'logout Button' (NOT PERFORMED)
29 Mar 2026 15:30:55,922 INFO : com.automation.jbehave.ConsoleLogger - And [Assertion] Verify 'login Button' is present (NOT PERFORMED)
29 Mar 2026 15:30:56,283 INFO : com.automation.jbehave.ConsoleLogger - ==========================================================
29 Mar 2026 15:30:56,284 INFO : com.automation.jbehave.ConsoleLogger - End Story:  TC_004_JPPMC.story
29 Mar 2026 15:30:56,284 INFO : com.automation.jbehave.ConsoleLogger - Status:  FAILED 
29 Mar 2026 15:30:56,284 INFO : com.automation.jbehave.ConsoleLogger - ==========================================================
Running story stories/TC_005_JPPMC.story
29 Mar 2026 15:30:56,285 INFO : com.automation.jbehave.ConsoleLogger - ==========================================================
29 Mar 2026 15:30:56,285 INFO : com.automation.jbehave.ConsoleLogger - Begin Story: TC_005_JPPMC.story
29 Mar 2026 15:30:56,285 INFO : com.automation.jbehave.ConsoleLogger - ==========================================================
29 Mar 2026 15:30:56,286 INFO : com.automation.jbehave.ConsoleLogger - Narrative[inOrderTo=,asA=,iWantTo=,soThat=]
29 Mar 2026 15:30:56,286 INFO : com.automation.jbehave.ConsoleLogger - Lifecycle[before=Lifecycle.Steps[outcome=<null>,metaFilter=<null>,steps=[]],after={}]
Using timeout for story TC_005_JPPMC.story of 7200 secs.
29 Mar 2026 15:30:57,543 INFO : com.automation.jbehave.ConsoleLogger - ==========================================================
29 Mar 2026 15:30:57,544 INFO : com.automation.jbehave.ConsoleLogger - Scenario: TC_005_JPPMC_001
29 Mar 2026 15:30:57,544 INFO : com.automation.jbehave.ConsoleLogger - ==========================================================
29 Mar 2026 15:30:57,544 INFO : com.automation.jbehave.PropertyParameterConverter - Parameter converted:[p:dewanJPPMC] >> [http://172.16.30.83:5555/JPPMC_EndUser/login.aspx]
29 Mar 2026 15:30:58,346 INFO : com.automation.pages.CannedPage - Navigating to the page: http://172.16.30.83:5555/JPPMC_EndUser/login.aspx
29 Mar 2026 15:30:58,397 INFO : com.automation.jbehave.ConsoleLogger - Given [Navigation] I navigate to 'p:dewanJPPMC' (SUCCESSFUL)
29 Mar 2026 15:30:58,398 INFO : com.automation.jbehave.ConsoleLogger - !-- And [Input] I login as 'p:JPPMCuser.HikmatZomat' with password 'p:JPPMC.password' (IGNORED)
29 Mar 2026 15:30:58,398 INFO : com.automation.jbehave.ConsoleLogger - !-- And [Input] I click on 'Add Process Button' (IGNORED)
29 Mar 2026 15:30:58,399 INFO : com.automation.jbehave.ConsoleLogger - !-- And [Input] I click on 'Outgoing Button' (IGNORED)
29 Mar 2026 15:30:58,399 INFO : com.automation.jbehave.ConsoleLogger - !-- When [Input] Set 'Subject Field' value to 'random' (IGNORED)
29 Mar 2026 15:30:58,400 INFO : com.automation.jbehave.ConsoleLogger - !-- And [Input] I select 'p:CommissionersExportingUser' from the 'Commissioners Exporting Outgoing JPPMC' combo box (IGNORED)
29 Mar 2026 15:30:58,401 INFO : com.automation.jbehave.ConsoleLogger - !-- And [Input] Select 'p:AddresseeNameValue' value from 'Addressee Name Outgoing JPPMC' dropdown list (IGNORED)
29 Mar 2026 15:30:58,401 INFO : com.automation.jbehave.ConsoleLogger - !-- And [Navigation] I scroll to end of page (IGNORED)
29 Mar 2026 15:30:58,401 INFO : com.automation.jbehave.ConsoleLogger - !-- And [Input] I click on 'Save Draft Button' (IGNORED)
29 Mar 2026 15:30:58,401 INFO : com.automation.jbehave.ConsoleLogger - !-- And [Action] I get text from 'Subject Field' and save it as 'SubjectText' (IGNORED)
29 Mar 2026 15:30:58,401 INFO : com.automation.jbehave.ConsoleLogger - !-- And [Action] I get value from 'Outgoing Get Serial Number' and save it as 'OutgoingSerialNumberValue' (IGNORED)
29 Mar 2026 15:30:58,402 INFO : com.automation.jbehave.ConsoleLogger - !-- And [Progress] I wait for '5' sec (IGNORED)
29 Mar 2026 15:30:58,402 INFO : com.automation.jbehave.ConsoleLogger - !-- And [Navigation] I scroll to end of page (IGNORED)
29 Mar 2026 15:30:58,402 INFO : com.automation.jbehave.ConsoleLogger - !-- And [Input] I click on 'Save Button' (IGNORED)
29 Mar 2026 15:30:58,402 INFO : com.automation.jbehave.ConsoleLogger - !-- And [Progress] I wait for '3' sec (IGNORED)
29 Mar 2026 15:30:58,403 INFO : com.automation.jbehave.ConsoleLogger - !-- And [Navigation] I scroll to end of page (IGNORED)
29 Mar 2026 15:30:58,403 INFO : com.automation.jbehave.ConsoleLogger - !-- And [Progress] I wait for '3' sec (IGNORED)
29 Mar 2026 15:30:58,403 INFO : com.automation.jbehave.ConsoleLogger - !-- And [Navigation] I scroll to end of page (IGNORED)
29 Mar 2026 15:30:58,403 INFO : com.automation.jbehave.ConsoleLogger - !-- And [Progress] I wait for '3' sec (IGNORED)
29 Mar 2026 15:30:58,403 INFO : com.automation.jbehave.ConsoleLogger - !-- And [Input] I click on 'Direction Tab' (IGNORED)
29 Mar 2026 15:30:58,403 INFO : com.automation.jbehave.ConsoleLogger - !-- !-- And [Input] I click on 'Add Button' (IGNORED)
29 Mar 2026 15:30:58,404 INFO : com.automation.jbehave.ConsoleLogger - !-- !-- And [Progress] I wait for '4' sec (IGNORED)
29 Mar 2026 15:30:58,404 INFO : com.automation.jbehave.ConsoleLogger - !-- !-- And [Input] I click on 'Close Notification Button' (IGNORED)
29 Mar 2026 15:30:58,404 INFO : com.automation.jbehave.ConsoleLogger - !-- !-- And [Assertion] Verify 'Outgoing User Name Directed To1 JPPMC' equals 'p:manarDojan.username' text (IGNORED)
29 Mar 2026 15:30:58,405 INFO : com.automation.jbehave.ConsoleLogger - !-- And [Progress] I wait for '3' sec (IGNORED)
29 Mar 2026 15:30:58,405 INFO : com.automation.jbehave.ConsoleLogger - !-- And [Navigation] I scroll to end of page (IGNORED)
29 Mar 2026 15:30:58,405 INFO : com.automation.jbehave.ConsoleLogger - !-- And [Progress] I wait for '3' sec (IGNORED)
29 Mar 2026 15:30:58,405 INFO : com.automation.jbehave.ConsoleLogger - !-- And [Navigation] I scroll to end of page (IGNORED)
29 Mar 2026 15:30:58,405 INFO : com.automation.jbehave.ConsoleLogger - !-- And [Progress] I wait for '3' sec (IGNORED)
29 Mar 2026 15:30:58,405 INFO : com.automation.jbehave.ConsoleLogger - !-- And [Input] I click on 'Direction Button' (IGNORED)
29 Mar 2026 15:30:58,405 INFO : com.automation.jbehave.ConsoleLogger - !-- And [Progress] I wait for '10' sec (IGNORED)
29 Mar 2026 15:30:58,406 INFO : com.automation.jbehave.ConsoleLogger - !-- And [Input] I hover on  'All Task Header Button' (IGNORED)
29 Mar 2026 15:30:58,406 INFO : com.automation.jbehave.ConsoleLogger - !-- And [Input] I click on 'My Processes List Header Button' (IGNORED)
29 Mar 2026 15:30:58,406 INFO : com.automation.jbehave.ConsoleLogger - !-- And [Assertion] Verify 'Process Status' equals 'p:ProcessCompletedStatus' text (IGNORED)
29 Mar 2026 15:30:58,406 INFO : com.automation.jbehave.ConsoleLogger - !-- And [Input] I hover on  'User Name Header Button' (IGNORED)
29 Mar 2026 15:30:58,407 INFO : com.automation.jbehave.ConsoleLogger - !-- Then [Input] I click on 'logout Button' (IGNORED)
29 Mar 2026 15:30:58,407 INFO : com.automation.jbehave.ConsoleLogger - !-- And [Assertion] Verify 'login Button' is present (IGNORED)
29 Mar 2026 15:30:58,408 INFO : com.automation.jbehave.ConsoleLogger - !-- And [Input] I login as 'p:JPPMCuser.MalakAlshishani' with password 'p:JPPMC.password' (IGNORED)
29 Mar 2026 15:30:58,408 INFO : com.automation.jbehave.ConsoleLogger - !-- And [Input] I hover on  'All Task Header Button' (IGNORED)
29 Mar 2026 15:30:58,408 INFO : com.automation.jbehave.ConsoleLogger - !-- And [Input] I click on 'Tasks To View' (IGNORED)
29 Mar 2026 15:30:58,408 INFO : com.automation.jbehave.ConsoleLogger - !-- And [Assertion] Verify text of 'Tasks To View First Subject Text JPPMC' equals saved value 'SubjectText' (IGNORED)
29 Mar 2026 15:30:58,409 INFO : com.automation.jbehave.ConsoleLogger - !-- And [Input] I click on 'Generalizations View Process Button' (IGNORED)
29 Mar 2026 15:30:58,409 INFO : com.automation.jbehave.ConsoleLogger - !-- And [Assertion] Verify text of 'Subject Field' equals saved value 'SubjectText' (IGNORED)
29 Mar 2026 15:30:58,410 INFO : com.automation.jbehave.ConsoleLogger - !-- And [Assertion] Verify value of 'Outgoing Get Serial Number' equals saved value 'OutgoingSerialNumberValue' (IGNORED)
29 Mar 2026 15:30:58,410 INFO : com.automation.jbehave.ConsoleLogger - !-- And [Progress] I wait for '3' sec (IGNORED)
29 Mar 2026 15:30:58,410 INFO : com.automation.jbehave.ConsoleLogger - !-- And [Navigation] I scroll to end of page (IGNORED)
29 Mar 2026 15:30:58,410 INFO : com.automation.jbehave.ConsoleLogger - !-- And [Progress] I wait for '3' sec (IGNORED)
29 Mar 2026 15:30:58,410 INFO : com.automation.jbehave.ConsoleLogger - !-- And [Navigation] I scroll to end of page (IGNORED)
29 Mar 2026 15:30:58,410 INFO : com.automation.jbehave.ConsoleLogger - !-- And [Progress] I wait for '3' sec (IGNORED)
29 Mar 2026 15:30:58,410 INFO : com.automation.jbehave.ConsoleLogger - !-- And [Input] I click on 'Direction Tab' (IGNORED)
29 Mar 2026 15:30:58,411 INFO : com.automation.jbehave.ConsoleLogger - !-- And [Input] I click on 'View Button' (IGNORED)
29 Mar 2026 15:30:58,411 INFO : com.automation.jbehave.ConsoleLogger - !-- And [Progress] I wait for '5' sec (IGNORED)
29 Mar 2026 15:30:58,411 INFO : com.automation.jbehave.ConsoleLogger - !-- And [Input] I hover on  'All Task Header Button' (IGNORED)
29 Mar 2026 15:30:58,411 INFO : com.automation.jbehave.ConsoleLogger - !-- And [Input] I click on 'Completed Tasks' (IGNORED)
29 Mar 2026 15:30:58,411 INFO : com.automation.jbehave.ConsoleLogger - !-- And [Assertion] Verify text of 'Completed Tasks First Subject Text' equals saved value 'SubjectText' (IGNORED)
29 Mar 2026 15:30:58,411 INFO : com.automation.jbehave.ConsoleLogger - !-- And [Input] I hover on  'User Name Header Button' (IGNORED)
29 Mar 2026 15:30:58,412 INFO : com.automation.jbehave.ConsoleLogger - !-- And [Input] I click on 'logout Button' (IGNORED)
29 Mar 2026 15:30:58,412 INFO : com.automation.jbehave.ConsoleLogger - !-- And [Assertion] Verify 'login Button' is present (IGNORED)
29 Mar 2026 15:30:58,851 INFO : com.automation.jbehave.ConsoleLogger - ==========================================================
29 Mar 2026 15:30:58,851 INFO : com.automation.jbehave.ConsoleLogger - End Story:  TC_005_JPPMC.story
29 Mar 2026 15:30:58,851 INFO : com.automation.jbehave.ConsoleLogger - Status:  PASSED 
29 Mar 2026 15:30:58,851 INFO : com.automation.jbehave.ConsoleLogger - ==========================================================
Running story stories/TC_006_JPPMC.story
29 Mar 2026 15:30:58,854 INFO : com.automation.jbehave.ConsoleLogger - ==========================================================
29 Mar 2026 15:30:58,854 INFO : com.automation.jbehave.ConsoleLogger - Begin Story: TC_006_JPPMC.story
29 Mar 2026 15:30:58,854 INFO : com.automation.jbehave.ConsoleLogger - ==========================================================
29 Mar 2026 15:30:58,854 INFO : com.automation.jbehave.ConsoleLogger - Narrative[inOrderTo=,asA=,iWantTo=,soThat=]
29 Mar 2026 15:30:58,854 INFO : com.automation.jbehave.ConsoleLogger - Lifecycle[before=Lifecycle.Steps[outcome=<null>,metaFilter=<null>,steps=[]],after={}]
Using timeout for story TC_006_JPPMC.story of 7200 secs.
29 Mar 2026 15:31:00,524 INFO : com.automation.jbehave.ConsoleLogger - ==========================================================
29 Mar 2026 15:31:00,524 INFO : com.automation.jbehave.ConsoleLogger - Scenario: TC_006_JPPMC_001
29 Mar 2026 15:31:00,524 INFO : com.automation.jbehave.ConsoleLogger - ==========================================================
29 Mar 2026 15:31:00,525 INFO : com.automation.jbehave.PropertyParameterConverter - Parameter converted:[p:dewanJPPMC] >> [http://172.16.30.83:5555/JPPMC_EndUser/login.aspx]
29 Mar 2026 15:31:00,808 INFO : com.automation.pages.CannedPage - Navigating to the page: http://172.16.30.83:5555/JPPMC_EndUser/login.aspx
29 Mar 2026 15:31:00,900 INFO : com.automation.jbehave.ConsoleLogger - Given [Navigation] I navigate to 'p:dewanJPPMC' (SUCCESSFUL)
29 Mar 2026 15:31:00,902 INFO : com.automation.jbehave.ConsoleLogger - !-- And [Input] I login as 'p:JPPMCuser.HikmatZomat' with password 'p:JPPMC.password' (IGNORED)
29 Mar 2026 15:31:00,902 INFO : com.automation.jbehave.ConsoleLogger - !-- And [Input] I click on 'Add Process Button' (IGNORED)
29 Mar 2026 15:31:00,903 INFO : com.automation.jbehave.ConsoleLogger - !-- And [Input] I click on 'Incoming Button' (IGNORED)
29 Mar 2026 15:31:00,904 INFO : com.automation.jbehave.ConsoleLogger - !-- When [Input] Set 'Subject Field' value to 'random' (IGNORED)
29 Mar 2026 15:31:00,905 INFO : com.automation.jbehave.ConsoleLogger - !-- And [Input] I select 'p:CommissionersExportingUser' from the 'Commissioners Exporting Incoming JPPMC' combo box (IGNORED)
29 Mar 2026 15:31:00,905 INFO : com.automation.jbehave.ConsoleLogger - !-- And [Progress] I wait for '3' sec (IGNORED)
29 Mar 2026 15:31:00,906 INFO : com.automation.jbehave.ConsoleLogger - !-- And [Input] Select 'p:RecipientsValue' value from 'Recipients Incoming JPPMC' dropdown list (IGNORED)
29 Mar 2026 15:31:00,906 INFO : com.automation.jbehave.ConsoleLogger - !-- And [Navigation] I scroll to end of page (IGNORED)
29 Mar 2026 15:31:00,907 INFO : com.automation.jbehave.ConsoleLogger - !-- And [Input] I click on 'Save Draft Button' (IGNORED)
29 Mar 2026 15:31:00,907 INFO : com.automation.jbehave.ConsoleLogger - !-- And [Progress] I wait for '5' sec (IGNORED)
29 Mar 2026 15:31:00,907 INFO : com.automation.jbehave.ConsoleLogger - !-- And [Navigation] I scroll to end of page (IGNORED)
29 Mar 2026 15:31:00,907 INFO : com.automation.jbehave.ConsoleLogger - !-- And [Input] I click on 'Save Button' (IGNORED)
29 Mar 2026 15:31:00,908 INFO : com.automation.jbehave.ConsoleLogger - !-- And [Progress] I wait for '3' sec (IGNORED)
29 Mar 2026 15:31:00,908 INFO : com.automation.jbehave.ConsoleLogger - !-- And [Action] I get value from 'Commissioners Exporting Incoming JPPMC' and save it as 'GeneralManagerOfficeComboBoxValue' (IGNORED)
29 Mar 2026 15:31:00,908 INFO : com.automation.jbehave.ConsoleLogger - !-- And [Action] I get text from 'Subject Field' and save it as 'SubjectText' (IGNORED)
29 Mar 2026 15:31:00,909 INFO : com.automation.jbehave.ConsoleLogger - !-- And [Action] I get value from 'Incoming Get Serial Number' and save it as 'IncomingSerialNumberValue' (IGNORED)
29 Mar 2026 15:31:00,909 INFO : com.automation.jbehave.ConsoleLogger - !-- And [Progress] I wait for '3' sec (IGNORED)
29 Mar 2026 15:31:00,909 INFO : com.automation.jbehave.ConsoleLogger - !-- And [Navigation] I scroll to end of page (IGNORED)
29 Mar 2026 15:31:00,910 INFO : com.automation.jbehave.ConsoleLogger - !-- And [Progress] I wait for '3' sec (IGNORED)
29 Mar 2026 15:31:00,910 INFO : com.automation.jbehave.ConsoleLogger - !-- And [Navigation] I scroll to end of page (IGNORED)
29 Mar 2026 15:31:00,910 INFO : com.automation.jbehave.ConsoleLogger - !-- And [Progress] I wait for '3' sec (IGNORED)
29 Mar 2026 15:31:00,911 INFO : com.automation.jbehave.ConsoleLogger - !-- And [Input] I click on 'Direction Tab' (IGNORED)
29 Mar 2026 15:31:00,911 INFO : com.automation.jbehave.ConsoleLogger - !-- And [Progress] I wait for '3' sec (IGNORED)
29 Mar 2026 15:31:00,911 INFO : com.automation.jbehave.ConsoleLogger - !-- And [Navigation] I scroll to end of page (IGNORED)
29 Mar 2026 15:31:00,911 INFO : com.automation.jbehave.ConsoleLogger - !-- And [Progress] I wait for '3' sec (IGNORED)
29 Mar 2026 15:31:00,911 INFO : com.automation.jbehave.ConsoleLogger - !-- And [Navigation] I scroll to end of page (IGNORED)
29 Mar 2026 15:31:00,912 INFO : com.automation.jbehave.ConsoleLogger - !-- And [Progress] I wait for '3' sec (IGNORED)
29 Mar 2026 15:31:00,912 INFO : com.automation.jbehave.ConsoleLogger - !-- And [Input] I click on 'Direction Button' (IGNORED)
29 Mar 2026 15:31:00,912 INFO : com.automation.jbehave.ConsoleLogger - !-- And [Progress] I wait for '6' sec (IGNORED)
29 Mar 2026 15:31:00,913 INFO : com.automation.jbehave.ConsoleLogger - !-- And [Input] I hover on 'All Task Header Button' (IGNORED)
29 Mar 2026 15:31:00,913 INFO : com.automation.jbehave.ConsoleLogger - !-- And [Input] I click on 'My Processes List Header Button' (IGNORED)
29 Mar 2026 15:31:00,914 INFO : com.automation.jbehave.ConsoleLogger - !-- And [Assertion] Verify 'Process Status' equals 'p:ProcessUnCompletedStatus' text (IGNORED)
29 Mar 2026 15:31:00,914 INFO : com.automation.jbehave.ConsoleLogger - !-- And [Input] I click on 'My Processes List View Process Button' (IGNORED)
29 Mar 2026 15:31:00,915 INFO : com.automation.jbehave.ConsoleLogger - !-- And [Progress] I wait for '3' sec (IGNORED)
29 Mar 2026 15:31:00,915 INFO : com.automation.jbehave.ConsoleLogger - !-- And [Navigation] I scroll to end of page (IGNORED)
29 Mar 2026 15:31:00,915 INFO : com.automation.jbehave.ConsoleLogger - !-- And [Progress] I wait for '3' sec (IGNORED)
29 Mar 2026 15:31:00,915 INFO : com.automation.jbehave.ConsoleLogger - !-- And [Navigation] I scroll to end of page (IGNORED)
29 Mar 2026 15:31:00,916 INFO : com.automation.jbehave.ConsoleLogger - !-- And [Progress] I wait for '3' sec (IGNORED)
29 Mar 2026 15:31:00,916 INFO : com.automation.jbehave.ConsoleLogger - !-- And [Input] I click on 'Incoming Users Directed To' (IGNORED)
29 Mar 2026 15:31:00,917 INFO : com.automation.jbehave.ConsoleLogger - !-- And [Assertion] Verify 'Incoming User Name Directed To1' equals 'p:MalakAlshishani.username' text (IGNORED)
29 Mar 2026 15:31:00,917 INFO : com.automation.jbehave.ConsoleLogger - !-- And [Input] I hover on 'All Task Header Button' (IGNORED)
29 Mar 2026 15:31:00,917 INFO : com.automation.jbehave.ConsoleLogger - !-- And [Input] I click on 'Completed Tasks' (IGNORED)
29 Mar 2026 15:31:00,918 INFO : com.automation.jbehave.ConsoleLogger - !-- And [Assertion] Verify text of 'Completed Tasks First Subject Text' equals saved value 'SubjectText' (IGNORED)
29 Mar 2026 15:31:00,918 INFO : com.automation.jbehave.ConsoleLogger - !-- And [Input] I hover on  'User Name Header Button' (IGNORED)
29 Mar 2026 15:31:00,918 INFO : com.automation.jbehave.ConsoleLogger - !-- And [Input] I click on 'logout Button' (IGNORED)
29 Mar 2026 15:31:00,919 INFO : com.automation.jbehave.ConsoleLogger - !-- And [Input] I login as 'p:JPPMCuser.MalakAlshishani' with password 'p:JPPMC.password' (IGNORED)
29 Mar 2026 15:31:00,919 INFO : com.automation.jbehave.ConsoleLogger - !-- And [Input] I hover on  'All Task Header Button' (IGNORED)
29 Mar 2026 15:31:00,919 INFO : com.automation.jbehave.ConsoleLogger - !-- And [Input] I click on 'Task List Header Button' (IGNORED)
29 Mar 2026 15:31:00,924 INFO : com.automation.jbehave.ConsoleLogger - !-- And [Assertion] Verify text of 'Task List First Subject Text' equals saved value 'SubjectText' (IGNORED)
29 Mar 2026 15:31:00,924 INFO : com.automation.jbehave.ConsoleLogger - !-- And [Input] I click on 'Task List View Process Button' (IGNORED)
29 Mar 2026 15:31:00,925 INFO : com.automation.jbehave.ConsoleLogger - !-- And [Progress] I wait for '3' sec (IGNORED)
29 Mar 2026 15:31:00,925 INFO : com.automation.jbehave.ConsoleLogger - !-- And [Navigation] I scroll to end of page (IGNORED)
29 Mar 2026 15:31:00,925 INFO : com.automation.jbehave.ConsoleLogger - !-- And [Progress] I wait for '3' sec (IGNORED)
29 Mar 2026 15:31:00,925 INFO : com.automation.jbehave.ConsoleLogger - !-- And [Navigation] I scroll to end of page (IGNORED)
29 Mar 2026 15:31:00,926 INFO : com.automation.jbehave.ConsoleLogger - !-- And [Progress] I wait for '3' sec (IGNORED)
29 Mar 2026 15:31:00,926 INFO : com.automation.jbehave.ConsoleLogger - !-- And [Input] I click on 'Close Button' (IGNORED)
29 Mar 2026 15:31:00,926 INFO : com.automation.jbehave.ConsoleLogger - !-- And [Progress] I wait for '3' sec (IGNORED)
29 Mar 2026 15:31:00,926 INFO : com.automation.jbehave.ConsoleLogger - !-- And [Javascript] I accept alert (IGNORED)
29 Mar 2026 15:31:00,927 INFO : com.automation.jbehave.ConsoleLogger - !-- And [Progress] I wait for '3' sec (IGNORED)
29 Mar 2026 15:31:00,927 INFO : com.automation.jbehave.ConsoleLogger - !-- And [Input] I hover on 'All Task Header Button' (IGNORED)
29 Mar 2026 15:31:00,927 INFO : com.automation.jbehave.ConsoleLogger - !-- And [Input] I click on 'Completed Tasks' (IGNORED)
29 Mar 2026 15:31:00,927 INFO : com.automation.jbehave.ConsoleLogger - !-- And [Assertion] Verify text of 'Completed Tasks First Subject Text' equals saved value 'SubjectText' (IGNORED)
29 Mar 2026 15:31:00,927 INFO : com.automation.jbehave.ConsoleLogger - !-- And [Input] I hover on  'User Name Header Button' (IGNORED)
29 Mar 2026 15:31:00,928 INFO : com.automation.jbehave.ConsoleLogger - !-- And [Input] I click on 'logout Button' (IGNORED)
29 Mar 2026 15:31:00,928 INFO : com.automation.jbehave.ConsoleLogger - !-- And [Assertion] Verify 'login Button' is present (IGNORED)
29 Mar 2026 15:31:00,928 INFO : com.automation.jbehave.ConsoleLogger - !-- Then [Input] I login as 'p:JPPMCuser.HikmatZomat' with password 'p:JPPMC.password' (IGNORED)
29 Mar 2026 15:31:00,929 INFO : com.automation.jbehave.ConsoleLogger - !-- And [Input] I hover on 'All Task Header Button' (IGNORED)
29 Mar 2026 15:31:00,929 INFO : com.automation.jbehave.ConsoleLogger - !-- And [Input] I click on 'My Processes List Header Button' (IGNORED)
29 Mar 2026 15:31:00,929 INFO : com.automation.jbehave.ConsoleLogger - !-- And [Assertion] Verify 'Process Status' equals 'p:ProcessCompletedStatus' text (IGNORED)
29 Mar 2026 15:31:00,930 INFO : com.automation.jbehave.ConsoleLogger - !-- And [Input] I hover on  'User Name Header Button' (IGNORED)
29 Mar 2026 15:31:00,930 INFO : com.automation.jbehave.ConsoleLogger - !-- And [Input] I click on 'logout Button' (IGNORED)
29 Mar 2026 15:31:00,930 INFO : com.automation.jbehave.ConsoleLogger - !-- And [Assertion] Verify 'login Button' is present (IGNORED)
29 Mar 2026 15:31:01,452 INFO : com.automation.jbehave.ConsoleLogger - ==========================================================
29 Mar 2026 15:31:01,453 INFO : com.automation.jbehave.ConsoleLogger - Scenario: TC_006_JPPMC_002
29 Mar 2026 15:31:01,453 INFO : com.automation.jbehave.ConsoleLogger - ==========================================================
29 Mar 2026 15:31:01,453 INFO : com.automation.jbehave.PropertyParameterConverter - Parameter converted:[p:dewanJPPMC] >> [http://172.16.30.83:5555/JPPMC_EndUser/login.aspx]
29 Mar 2026 15:31:02,018 INFO : com.automation.pages.CannedPage - Navigating to the page: http://172.16.30.83:5555/JPPMC_EndUser/login.aspx
29 Mar 2026 15:31:02,081 INFO : com.automation.jbehave.ConsoleLogger - Given [Navigation] I navigate to 'p:dewanJPPMC' (SUCCESSFUL)
29 Mar 2026 15:31:02,081 INFO : com.automation.jbehave.ConsoleLogger - !-- And [Input] I login as 'p:JPPMCuser.HikmatZomat' with password 'p:JPPMC.password' (IGNORED)
29 Mar 2026 15:31:02,081 INFO : com.automation.jbehave.ConsoleLogger - !-- And [Input] I click on 'Add Process Button' (IGNORED)
29 Mar 2026 15:31:02,081 INFO : com.automation.jbehave.ConsoleLogger - !-- And [Input] I click on 'Incoming Button' (IGNORED)
29 Mar 2026 15:31:02,083 INFO : com.automation.jbehave.ConsoleLogger - !-- When [Input] Set 'Subject Field' value to 'random' (IGNORED)
29 Mar 2026 15:31:02,083 INFO : com.automation.jbehave.ConsoleLogger - !-- !-- And [Input] Set 'Num Book From The Source' value to 'nanotime' (IGNORED)
29 Mar 2026 15:31:02,083 INFO : com.automation.jbehave.ConsoleLogger - !-- And [Input] I select 'p:GeneralManagerOffice' from the 'General Manager Office Incoming JPPMC' combo box (IGNORED)
29 Mar 2026 15:31:02,084 INFO : com.automation.jbehave.ConsoleLogger - !-- And [Progress] I wait for '3' sec (IGNORED)
29 Mar 2026 15:31:02,084 INFO : com.automation.jbehave.ConsoleLogger - !-- And [Input] Select 'p:RecipientsValue' value from 'Recipients Incoming JPPMC' dropdown list (IGNORED)
29 Mar 2026 15:31:02,084 INFO : com.automation.jbehave.ConsoleLogger - !-- And [Input] I click on 'Save Draft Button' (IGNORED)
29 Mar 2026 15:31:02,084 INFO : com.automation.jbehave.ConsoleLogger - !-- And [Input] I click on 'Save Button' (IGNORED)
29 Mar 2026 15:31:02,085 INFO : com.automation.jbehave.ConsoleLogger - !-- And [Progress] I wait for '3' sec (IGNORED)
29 Mar 2026 15:31:02,085 INFO : com.automation.jbehave.ConsoleLogger - !-- And [Action] I get value from 'General Manager Office Incoming JPPMC' and save it as 'GeneralManagerOfficeComboBoxValue' (IGNORED)
29 Mar 2026 15:31:02,085 INFO : com.automation.jbehave.ConsoleLogger - !-- And [Action] I get text from 'Subject Field' and save it as 'SubjectText' (IGNORED)
29 Mar 2026 15:31:02,085 INFO : com.automation.jbehave.ConsoleLogger - !-- And [Action] I get value from 'Incoming Get Serial Number' and save it as 'IncomingSerialNumberValue' (IGNORED)
29 Mar 2026 15:31:02,085 INFO : com.automation.jbehave.ConsoleLogger - !-- And [Navigation] I scroll to end of page (IGNORED)
29 Mar 2026 15:31:02,085 INFO : com.automation.jbehave.ConsoleLogger - !-- And [Navigation] I scroll to end of page (IGNORED)
29 Mar 2026 15:31:02,085 INFO : com.automation.jbehave.ConsoleLogger - !-- And [Input] I click on 'Direction Tab' (IGNORED)
29 Mar 2026 15:31:02,085 INFO : com.automation.jbehave.ConsoleLogger - !-- And [Input] I click on 'Click On All Check Box' (IGNORED)
29 Mar 2026 15:31:02,085 INFO : com.automation.jbehave.ConsoleLogger - !-- And [Input] I click on 'Delete Button' (IGNORED)
29 Mar 2026 15:31:02,086 INFO : com.automation.jbehave.ConsoleLogger - !-- And [Progress] I wait for '3' sec (IGNORED)
29 Mar 2026 15:31:02,086 INFO : com.automation.jbehave.ConsoleLogger - !-- And [Input] I click on 'Close Notification Button' (IGNORED)
29 Mar 2026 15:31:02,086 INFO : com.automation.jbehave.ConsoleLogger - !-- And [Progress] I wait for '3' sec (IGNORED)
29 Mar 2026 15:31:02,086 INFO : com.automation.jbehave.ConsoleLogger - !-- And [Input] I select the 'To View Radio Button' (IGNORED)
29 Mar 2026 15:31:02,086 INFO : com.automation.jbehave.ConsoleLogger - !-- And [Progress] I wait for '5' sec (IGNORED)
29 Mar 2026 15:31:02,086 INFO : com.automation.jbehave.ConsoleLogger - !-- And [Navigation] I scroll to end of page (IGNORED)
29 Mar 2026 15:31:02,086 INFO : com.automation.jbehave.ConsoleLogger - !-- And [Input] I click on 'Add Button' (IGNORED)
29 Mar 2026 15:31:02,087 INFO : com.automation.jbehave.ConsoleLogger - !-- And [Progress] I wait for '4' sec (IGNORED)
29 Mar 2026 15:31:02,087 INFO : com.automation.jbehave.ConsoleLogger - !-- And [Input] I click on 'Close Notification Button' (IGNORED)
29 Mar 2026 15:31:02,087 INFO : com.automation.jbehave.ConsoleLogger - !-- And [Input] I click on 'Direction Button' (IGNORED)
29 Mar 2026 15:31:02,087 INFO : com.automation.jbehave.ConsoleLogger - !-- And [Progress] I wait for '4' sec (IGNORED)
29 Mar 2026 15:31:02,087 INFO : com.automation.jbehave.ConsoleLogger - !-- And [Input] I hover on 'All Task Header Button' (IGNORED)
29 Mar 2026 15:31:02,089 INFO : com.automation.jbehave.ConsoleLogger - !-- And [Input] I click on 'My Processes List Header Button' (IGNORED)
29 Mar 2026 15:31:02,089 INFO : com.automation.jbehave.ConsoleLogger - !-- And [Assertion] Verify 'Process Status' equals 'p:ProcessCompletedStatus' text (IGNORED)
29 Mar 2026 15:31:02,090 INFO : com.automation.jbehave.ConsoleLogger - !-- And [Input] I click on 'My Processes List View Process Button' (IGNORED)
29 Mar 2026 15:31:02,090 INFO : com.automation.jbehave.ConsoleLogger - !-- And [Input] I click on 'Incoming Users Directed To' (IGNORED)
29 Mar 2026 15:31:02,090 INFO : com.automation.jbehave.ConsoleLogger - !-- And [Assertion] Verify 'Incoming User Name Directed To1' equals 'p:manarDojan.username' text (IGNORED)
29 Mar 2026 15:31:02,090 INFO : com.automation.jbehave.ConsoleLogger - !-- And [Input] I hover on 'All Task Header Button' (IGNORED)
29 Mar 2026 15:31:02,090 INFO : com.automation.jbehave.ConsoleLogger - !-- And [Input] I click on 'Completed Tasks' (IGNORED)
29 Mar 2026 15:31:02,091 INFO : com.automation.jbehave.ConsoleLogger - !-- And [Assertion] Verify text of 'Completed Tasks First Subject Text' equals saved value 'SubjectText' (IGNORED)
29 Mar 2026 15:31:02,091 INFO : com.automation.jbehave.ConsoleLogger - !-- And [Input] I click on 'logout Button' (IGNORED)
29 Mar 2026 15:31:02,091 INFO : com.automation.jbehave.ConsoleLogger - !-- Then [Input] I login as 'p:JPPMCuser.manarDojan' with password 'p:JPPMC.password' (IGNORED)
29 Mar 2026 15:31:02,091 INFO : com.automation.jbehave.ConsoleLogger - !-- And [Input] I click on 'Tasks To View' (IGNORED)
29 Mar 2026 15:31:02,091 INFO : com.automation.jbehave.ConsoleLogger - !-- And [Assertion] Verify text of 'Tasks To View First Subject Text SCC' equals saved value 'SubjectText' (IGNORED)
29 Mar 2026 15:31:02,091 INFO : com.automation.jbehave.ConsoleLogger - !-- And [Input] I click on 'Generalizations View Process Button' (IGNORED)
29 Mar 2026 15:31:02,092 INFO : com.automation.jbehave.ConsoleLogger - !-- And [Assertion] Verify text of 'Subject Field' equals saved value 'SubjectText' (IGNORED)
29 Mar 2026 15:31:02,092 INFO : com.automation.jbehave.ConsoleLogger - !-- And [Assertion] Verify value of 'Incoming Get Serial Number' equals saved value 'IncomingSerialNumberValue' (IGNORED)
29 Mar 2026 15:31:02,092 INFO : com.automation.jbehave.ConsoleLogger - !-- And [Input] I click on 'logout Button' (IGNORED)
29 Mar 2026 15:31:02,092 INFO : com.automation.jbehave.ConsoleLogger - !-- And [Assertion] Verify 'login Button' is present (IGNORED)
29 Mar 2026 15:31:02,581 INFO : com.automation.jbehave.ConsoleLogger - ==========================================================
29 Mar 2026 15:31:02,582 INFO : com.automation.jbehave.ConsoleLogger - End Story:  TC_006_JPPMC.story
29 Mar 2026 15:31:02,582 INFO : com.automation.jbehave.ConsoleLogger - Status:  PASSED 
29 Mar 2026 15:31:02,582 INFO : com.automation.jbehave.ConsoleLogger - ==========================================================
Running story stories/TC_007_JPPMC.story
29 Mar 2026 15:31:02,584 INFO : com.automation.jbehave.ConsoleLogger - ==========================================================
29 Mar 2026 15:31:02,584 INFO : com.automation.jbehave.ConsoleLogger - Begin Story: TC_007_JPPMC.story
29 Mar 2026 15:31:02,584 INFO : com.automation.jbehave.ConsoleLogger - ==========================================================
29 Mar 2026 15:31:02,584 INFO : com.automation.jbehave.ConsoleLogger - Narrative[inOrderTo=,asA=,iWantTo=,soThat=]
29 Mar 2026 15:31:02,584 INFO : com.automation.jbehave.ConsoleLogger - Lifecycle[before=Lifecycle.Steps[outcome=<null>,metaFilter=<null>,steps=[]],after={}]
Using timeout for story TC_007_JPPMC.story of 7200 secs.
29 Mar 2026 15:31:04,175 INFO : com.automation.jbehave.ConsoleLogger - ==========================================================
29 Mar 2026 15:31:04,175 INFO : com.automation.jbehave.ConsoleLogger - Scenario: TC_007_JPPMC_001
29 Mar 2026 15:31:04,175 INFO : com.automation.jbehave.ConsoleLogger - ==========================================================
29 Mar 2026 15:31:04,176 INFO : com.automation.jbehave.PropertyParameterConverter - Parameter converted:[p:dewanJPPMC] >> [http://172.16.30.83:5555/JPPMC_EndUser/login.aspx]
29 Mar 2026 15:31:04,559 INFO : com.automation.pages.CannedPage - Navigating to the page: http://172.16.30.83:5555/JPPMC_EndUser/login.aspx
29 Mar 2026 15:31:04,642 INFO : com.automation.jbehave.ConsoleLogger - Given [Navigation] I navigate to 'p:dewanJPPMC' (SUCCESSFUL)
29 Mar 2026 15:31:04,644 INFO : com.automation.jbehave.ConsoleLogger - !-- And [Input] I login as 'p:JPPMCuser.HikmatZomat' with password 'p:JPPMC.password' (IGNORED)
29 Mar 2026 15:31:04,645 INFO : com.automation.jbehave.ConsoleLogger - !-- And [Input] I click on 'Add Process Button' (IGNORED)
29 Mar 2026 15:31:04,648 INFO : com.automation.jbehave.ConsoleLogger - !-- And [Input] I click on 'Internal Correspondence Button JPPMC' (IGNORED)
29 Mar 2026 15:31:04,649 INFO : com.automation.jbehave.ConsoleLogger - !-- When [Input] Set 'Subject Field' value to 'random' (IGNORED)
29 Mar 2026 15:31:04,650 INFO : com.automation.jbehave.ConsoleLogger - !-- And [Input] I select 'p:CommissionersExportingUser' from the 'Commissioner Internal Correspondence JPPMC' combo box (IGNORED)
29 Mar 2026 15:31:04,650 INFO : com.automation.jbehave.ConsoleLogger - !-- And [Progress] I wait for '3' sec (IGNORED)
29 Mar 2026 15:31:04,650 INFO : com.automation.jbehave.ConsoleLogger - !-- And [Navigation] I scroll to end of page (IGNORED)
29 Mar 2026 15:31:04,650 INFO : com.automation.jbehave.ConsoleLogger - !-- And [Input] I select 'p:MainClassificationValue' from the 'Main Classification Internal Correspondence JPPMC' combo box (IGNORED)
29 Mar 2026 15:31:04,650 INFO : com.automation.jbehave.ConsoleLogger - !-- And [Progress] I wait for '3' sec (IGNORED)
29 Mar 2026 15:31:04,650 INFO : com.automation.jbehave.ConsoleLogger - !-- And [Navigation] I scroll to end of page (IGNORED)
29 Mar 2026 15:31:04,651 INFO : com.automation.jbehave.ConsoleLogger - !-- And [Progress] I wait for '3' sec (IGNORED)
29 Mar 2026 15:31:04,651 INFO : com.automation.jbehave.ConsoleLogger - !-- And [Navigation] I scroll to end of page (IGNORED)
29 Mar 2026 15:31:04,651 INFO : com.automation.jbehave.ConsoleLogger - !-- And [Progress] I wait for '3' sec (IGNORED)
29 Mar 2026 15:31:04,651 INFO : com.automation.jbehave.ConsoleLogger - !-- And [Input] I click on 'Save Button' (IGNORED)
29 Mar 2026 15:31:04,651 INFO : com.automation.jbehave.ConsoleLogger - !-- And [Progress] I wait for '3' sec (IGNORED)
29 Mar 2026 15:31:04,651 INFO : com.automation.jbehave.ConsoleLogger - !-- And [Action] I get value from 'Commissioner Internal Correspondence JPPMC' and save it as 'CommissionersExportingUser' (IGNORED)
29 Mar 2026 15:31:04,651 INFO : com.automation.jbehave.ConsoleLogger - !-- And [Action] I get text from 'Subject Field' and save it as 'SubjectText' (IGNORED)
29 Mar 2026 15:31:04,651 INFO : com.automation.jbehave.ConsoleLogger - !-- And [Action] I get value from 'Internal Correspondence Get Serial Number JPPMC' and save it as 'InternalCorrespondenceSerialNumberValue' (IGNORED)
29 Mar 2026 15:31:04,651 INFO : com.automation.jbehave.ConsoleLogger - !-- And [Progress] I wait for '3' sec (IGNORED)
29 Mar 2026 15:31:04,652 INFO : com.automation.jbehave.ConsoleLogger - !-- And [Navigation] I scroll to end of page (IGNORED)
29 Mar 2026 15:31:04,652 INFO : com.automation.jbehave.ConsoleLogger - !-- And [Progress] I wait for '3' sec (IGNORED)
29 Mar 2026 15:31:04,652 INFO : com.automation.jbehave.ConsoleLogger - !-- And [Navigation] I scroll to end of page (IGNORED)
29 Mar 2026 15:31:04,652 INFO : com.automation.jbehave.ConsoleLogger - !-- And [Progress] I wait for '3' sec (IGNORED)
29 Mar 2026 15:31:04,652 INFO : com.automation.jbehave.ConsoleLogger - !-- And [Input] I click on 'Direction Tab' (IGNORED)
29 Mar 2026 15:31:04,652 INFO : com.automation.jbehave.ConsoleLogger - !-- And [Progress] I wait for '3' sec (IGNORED)
29 Mar 2026 15:31:04,652 INFO : com.automation.jbehave.ConsoleLogger - !-- And [Navigation] I scroll to end of page (IGNORED)
29 Mar 2026 15:31:04,652 INFO : com.automation.jbehave.ConsoleLogger - !-- And [Progress] I wait for '3' sec (IGNORED)
29 Mar 2026 15:31:04,652 INFO : com.automation.jbehave.ConsoleLogger - !-- And [Navigation] I scroll to end of page (IGNORED)
29 Mar 2026 15:31:04,653 INFO : com.automation.jbehave.ConsoleLogger - !-- And [Progress] I wait for '3' sec (IGNORED)
29 Mar 2026 15:31:04,653 INFO : com.automation.jbehave.ConsoleLogger - !-- And [Input] I select 'p:CommissionersExportingUser' from the 'Division Input' combo box (IGNORED)
29 Mar 2026 15:31:04,653 INFO : com.automation.jbehave.ConsoleLogger - !-- And [Input] I click on 'AddButton' (IGNORED)
29 Mar 2026 15:31:04,653 INFO : com.automation.jbehave.ConsoleLogger - !-- And [Progress] I wait for '4' sec (IGNORED)
29 Mar 2026 15:31:04,653 INFO : com.automation.jbehave.ConsoleLogger - !-- !-- And [Input] I click on 'Close Notification Button' (IGNORED)
29 Mar 2026 15:31:04,653 INFO : com.automation.jbehave.ConsoleLogger - !-- !-- And [Progress] I wait for '3' sec (IGNORED)
29 Mar 2026 15:31:04,653 INFO : com.automation.jbehave.ConsoleLogger - !-- And [Assertion] Verify text of 'Department Liaison Officer Name' contains saved value 'CommissionersExportingUser' (IGNORED)
29 Mar 2026 15:31:04,654 INFO : com.automation.jbehave.ConsoleLogger - !-- And [Progress] I wait for '3' sec (IGNORED)
29 Mar 2026 15:31:04,654 INFO : com.automation.jbehave.ConsoleLogger - !-- And [Navigation] I scroll to end of page (IGNORED)
29 Mar 2026 15:31:04,654 INFO : com.automation.jbehave.ConsoleLogger - !-- And [Progress] I wait for '3' sec (IGNORED)
29 Mar 2026 15:31:04,654 INFO : com.automation.jbehave.ConsoleLogger - !-- And [Navigation] I scroll to end of page (IGNORED)
29 Mar 2026 15:31:04,654 INFO : com.automation.jbehave.ConsoleLogger - !-- And [Progress] I wait for '3' sec (IGNORED)
29 Mar 2026 15:31:04,654 INFO : com.automation.jbehave.ConsoleLogger - !-- And [Input] I click on 'Direction Button' (IGNORED)
29 Mar 2026 15:31:04,654 INFO : com.automation.jbehave.ConsoleLogger - !-- And [Progress] I wait for '4' sec (IGNORED)
29 Mar 2026 15:31:04,654 INFO : com.automation.jbehave.ConsoleLogger - !-- And [Input] I hover on 'All Task Header Button' (IGNORED)
29 Mar 2026 15:31:04,655 INFO : com.automation.jbehave.ConsoleLogger - !-- And [Input] I click on 'My Processes List Header Button' (IGNORED)
29 Mar 2026 15:31:04,655 INFO : com.automation.jbehave.ConsoleLogger - !-- And [Progress] I wait for '3' sec (IGNORED)
29 Mar 2026 15:31:04,655 INFO : com.automation.jbehave.ConsoleLogger - !-- And [Assertion] Verify 'Process Status' equals 'p:ProcessUnCompletedStatus' text (IGNORED)
29 Mar 2026 15:31:04,655 INFO : com.automation.jbehave.ConsoleLogger - !-- And [Input] I click on 'My Processes List View Process Button' (IGNORED)
29 Mar 2026 15:31:04,655 INFO : com.automation.jbehave.ConsoleLogger - !-- And [Progress] I wait for '3' sec (IGNORED)
29 Mar 2026 15:31:04,655 INFO : com.automation.jbehave.ConsoleLogger - !-- And [Navigation] I scroll to end of page (IGNORED)
29 Mar 2026 15:31:04,655 INFO : com.automation.jbehave.ConsoleLogger - !-- And [Progress] I wait for '3' sec (IGNORED)
29 Mar 2026 15:31:04,655 INFO : com.automation.jbehave.ConsoleLogger - !-- And [Navigation] I scroll to end of page (IGNORED)
29 Mar 2026 15:31:04,655 INFO : com.automation.jbehave.ConsoleLogger - !-- And [Progress] I wait for '3' sec (IGNORED)
29 Mar 2026 15:31:04,656 INFO : com.automation.jbehave.ConsoleLogger - !-- And [Input] I click on 'Incoming Users Directed To' (IGNORED)
29 Mar 2026 15:31:04,656 INFO : com.automation.jbehave.ConsoleLogger - !-- And [Assertion] Verify 'Incoming User Name Directed To1' equals 'p:MalakAlshishani.username' text (IGNORED)
29 Mar 2026 15:31:04,656 INFO : com.automation.jbehave.ConsoleLogger - !-- And [Input] I hover on 'All Task Header Button' (IGNORED)
29 Mar 2026 15:31:04,656 INFO : com.automation.jbehave.ConsoleLogger - !-- And [Input] I click on 'Completed Tasks' (IGNORED)
29 Mar 2026 15:31:04,656 INFO : com.automation.jbehave.ConsoleLogger - !-- And [Assertion] Verify text of 'Completed Tasks First Subject Text' equals saved value 'SubjectText' (IGNORED)
29 Mar 2026 15:31:04,656 INFO : com.automation.jbehave.ConsoleLogger - !-- And [Input] I hover on  'User Name Header Button' (IGNORED)
29 Mar 2026 15:31:04,656 INFO : com.automation.jbehave.ConsoleLogger - !-- And [Input] I click on 'logout Button' (IGNORED)
29 Mar 2026 15:31:04,656 INFO : com.automation.jbehave.ConsoleLogger - !-- And [Input] I login as 'p:JPPMCuser.MalakAlshishani' with password 'p:JPPMC.password' (IGNORED)
29 Mar 2026 15:31:04,657 INFO : com.automation.jbehave.ConsoleLogger - !-- And [Input] I hover on  'All Task Header Button' (IGNORED)
29 Mar 2026 15:31:04,657 INFO : com.automation.jbehave.ConsoleLogger - !-- And [Input] I click on 'Task List Header Button' (IGNORED)
29 Mar 2026 15:31:04,657 INFO : com.automation.jbehave.ConsoleLogger - !-- And [Assertion] Verify text of 'Task List First Subject Text' equals saved value 'SubjectText' (IGNORED)
29 Mar 2026 15:31:04,657 INFO : com.automation.jbehave.ConsoleLogger - !-- And [Input] I click on 'Task List View Process Button' (IGNORED)
29 Mar 2026 15:31:04,657 INFO : com.automation.jbehave.ConsoleLogger - !-- And [Progress] I wait for '3' sec (IGNORED)
29 Mar 2026 15:31:04,657 INFO : com.automation.jbehave.ConsoleLogger - !-- And [Navigation] I scroll to end of page (IGNORED)
29 Mar 2026 15:31:04,657 INFO : com.automation.jbehave.ConsoleLogger - !-- And [Progress] I wait for '3' sec (IGNORED)
29 Mar 2026 15:31:04,657 INFO : com.automation.jbehave.ConsoleLogger - !-- And [Navigation] I scroll to end of page (IGNORED)
29 Mar 2026 15:31:04,658 INFO : com.automation.jbehave.ConsoleLogger - !-- And [Progress] I wait for '3' sec (IGNORED)
29 Mar 2026 15:31:04,658 INFO : com.automation.jbehave.ConsoleLogger - !-- And [Input] I click on 'Close Button' (IGNORED)
29 Mar 2026 15:31:04,658 INFO : com.automation.jbehave.ConsoleLogger - !-- And [Javascript] I accept alert (IGNORED)
29 Mar 2026 15:31:04,659 INFO : com.automation.jbehave.ConsoleLogger - !-- And [Progress] I wait for '3' sec (IGNORED)
29 Mar 2026 15:31:04,659 INFO : com.automation.jbehave.ConsoleLogger - !-- And [Input] I hover on 'All Task Header Button' (IGNORED)
29 Mar 2026 15:31:04,659 INFO : com.automation.jbehave.ConsoleLogger - !-- And [Input] I click on 'Completed Tasks' (IGNORED)
29 Mar 2026 15:31:04,659 INFO : com.automation.jbehave.ConsoleLogger - !-- And [Assertion] Verify text of 'Completed Tasks First Subject Text' equals saved value 'SubjectText' (IGNORED)
29 Mar 2026 15:31:04,659 INFO : com.automation.jbehave.ConsoleLogger - !-- And [Input] I hover on  'User Name Header Button' (IGNORED)
29 Mar 2026 15:31:04,660 INFO : com.automation.jbehave.ConsoleLogger - !-- And [Input] I click on 'logout Button' (IGNORED)
29 Mar 2026 15:31:04,660 INFO : com.automation.jbehave.ConsoleLogger - !-- And [Assertion] Verify 'login Button' is present (IGNORED)
29 Mar 2026 15:31:04,660 INFO : com.automation.jbehave.ConsoleLogger - !-- Then [Input] I login as 'p:JPPMCuser.HikmatZomat' with password 'p:JPPMC.password' (IGNORED)
29 Mar 2026 15:31:04,660 INFO : com.automation.jbehave.ConsoleLogger - !-- And [Input] I hover on 'All Task Header Button' (IGNORED)
29 Mar 2026 15:31:04,660 INFO : com.automation.jbehave.ConsoleLogger - !-- And [Input] I click on 'My Processes List Header Button' (IGNORED)
29 Mar 2026 15:31:04,661 INFO : com.automation.jbehave.ConsoleLogger - !-- And [Assertion] Verify 'Process Status' equals 'p:ProcessCompletedStatus' text (IGNORED)
29 Mar 2026 15:31:04,661 INFO : com.automation.jbehave.ConsoleLogger - !-- And [Input] I hover on  'User Name Header Button' (IGNORED)
29 Mar 2026 15:31:04,661 INFO : com.automation.jbehave.ConsoleLogger - !-- And [Input] I click on 'logout Button' (IGNORED)
29 Mar 2026 15:31:04,661 INFO : com.automation.jbehave.ConsoleLogger - !-- And [Assertion] Verify 'login Button' is present (IGNORED)
29 Mar 2026 15:31:05,122 INFO : com.automation.jbehave.ConsoleLogger - ==========================================================
29 Mar 2026 15:31:05,122 INFO : com.automation.jbehave.ConsoleLogger - Scenario: TC_007_JPPMC_002
29 Mar 2026 15:31:05,122 INFO : com.automation.jbehave.ConsoleLogger - ==========================================================
29 Mar 2026 15:31:05,122 INFO : com.automation.jbehave.PropertyParameterConverter - Parameter converted:[p:dewanJPPMC] >> [http://172.16.30.83:5555/JPPMC_EndUser/login.aspx]
29 Mar 2026 15:31:05,729 INFO : com.automation.pages.CannedPage - Navigating to the page: http://172.16.30.83:5555/JPPMC_EndUser/login.aspx
29 Mar 2026 15:31:05,771 INFO : com.automation.jbehave.ConsoleLogger - Given [Navigation] I navigate to 'p:dewanJPPMC' (SUCCESSFUL)
29 Mar 2026 15:31:05,771 INFO : com.automation.jbehave.ConsoleLogger - !-- And [Input] I login as 'p:JPPMCuser.HikmatZomat' with password 'p:JPPMC.password' (IGNORED)
29 Mar 2026 15:31:05,771 INFO : com.automation.jbehave.ConsoleLogger - !-- And [Input] I click on 'Add Process Button' (IGNORED)
29 Mar 2026 15:31:05,771 INFO : com.automation.jbehave.ConsoleLogger - !-- And [Input] I click on 'Internal Correspondence Button SCC' (IGNORED)
29 Mar 2026 15:31:05,771 INFO : com.automation.jbehave.ConsoleLogger - !-- When [Input] Set 'Subject Field' value to 'random' (IGNORED)
29 Mar 2026 15:31:05,771 INFO : com.automation.jbehave.ConsoleLogger - !-- And [Input] I select 'p:GeneralManagerOffice' from the 'General Manager Office Internal Correspondence SCC' combo box (IGNORED)
29 Mar 2026 15:31:05,771 INFO : com.automation.jbehave.ConsoleLogger - !-- And [Input] I select 'p:FileName' from the 'File Name Internal Correspondence SCC' combo box (IGNORED)
29 Mar 2026 15:31:05,771 INFO : com.automation.jbehave.ConsoleLogger - !-- And [Input] Set 'File Subject Internal Correspondence SCC' value to 'random' (IGNORED)
29 Mar 2026 15:31:05,771 INFO : com.automation.jbehave.ConsoleLogger - !-- And [Input] I click on 'Save Draft Button' (IGNORED)
29 Mar 2026 15:31:05,771 INFO : com.automation.jbehave.ConsoleLogger - !-- And [Input] I click on 'Save Button' (IGNORED)
29 Mar 2026 15:31:05,771 INFO : com.automation.jbehave.ConsoleLogger - !-- And [Progress] I wait for '3' sec (IGNORED)
29 Mar 2026 15:31:05,772 INFO : com.automation.jbehave.ConsoleLogger - !-- And [Action] I get value from 'General Manager Office Internal Correspondence SCC' and save it as 'GeneralManagerOfficeComboBoxValue' (IGNORED)
29 Mar 2026 15:31:05,772 INFO : com.automation.jbehave.ConsoleLogger - !-- And [Action] I get text from 'Subject Field' and save it as 'SubjectText' (IGNORED)
29 Mar 2026 15:31:05,772 INFO : com.automation.jbehave.ConsoleLogger - !-- And [Action] I get value from 'Internal Correspondence Get Serial Number SCC' and save it as 'InternalCorrespondenceSerialNumberValue' (IGNORED)
29 Mar 2026 15:31:05,772 INFO : com.automation.jbehave.ConsoleLogger - !-- And [Input] I click on 'Direction Tab' (IGNORED)
29 Mar 2026 15:31:05,772 INFO : com.automation.jbehave.ConsoleLogger - !-- And [Input] I click on 'Click On All Check Box' (IGNORED)
29 Mar 2026 15:31:05,772 INFO : com.automation.jbehave.ConsoleLogger - !-- And [Input] I click on 'Delete Button' (IGNORED)
29 Mar 2026 15:31:05,772 INFO : com.automation.jbehave.ConsoleLogger - !-- And [Progress] I wait for '3' sec (IGNORED)
29 Mar 2026 15:31:05,772 INFO : com.automation.jbehave.ConsoleLogger - !-- And [Input] I click on 'Close Notification Button' (IGNORED)
29 Mar 2026 15:31:05,772 INFO : com.automation.jbehave.ConsoleLogger - !-- And [Progress] I wait for '3' sec (IGNORED)
29 Mar 2026 15:31:05,772 INFO : com.automation.jbehave.ConsoleLogger - !-- And [Input] I select the 'To View Radio Button' (IGNORED)
29 Mar 2026 15:31:05,772 INFO : com.automation.jbehave.ConsoleLogger - !-- And [Progress] I wait for '3' sec (IGNORED)
29 Mar 2026 15:31:05,772 INFO : com.automation.jbehave.ConsoleLogger - !-- And [Navigation] I scroll to end of page (IGNORED)
29 Mar 2026 15:31:05,772 INFO : com.automation.jbehave.ConsoleLogger - !-- And [Input] I click on 'Add Button' (IGNORED)
29 Mar 2026 15:31:05,772 INFO : com.automation.jbehave.ConsoleLogger - !-- And [Progress] I wait for '3' sec (IGNORED)
29 Mar 2026 15:31:05,772 INFO : com.automation.jbehave.ConsoleLogger - !-- And [Input] I click on 'Close Notification Button' (IGNORED)
29 Mar 2026 15:31:05,772 INFO : com.automation.jbehave.ConsoleLogger - !-- And [Assertion] Verify text of 'Department Liaison Officer Name' contains saved value 'GeneralManagerOfficeComboBoxValue' (IGNORED)
29 Mar 2026 15:31:05,772 INFO : com.automation.jbehave.ConsoleLogger - !-- And [Input] I click on 'Direction Button' (IGNORED)
29 Mar 2026 15:31:05,772 INFO : com.automation.jbehave.ConsoleLogger - !-- And [Progress] I wait for '4' sec (IGNORED)
29 Mar 2026 15:31:05,772 INFO : com.automation.jbehave.ConsoleLogger - !-- And [Input] I hover on 'All Task Header Button' (IGNORED)
29 Mar 2026 15:31:05,772 INFO : com.automation.jbehave.ConsoleLogger - !-- And [Input] I click on 'My Processes List Header Button' (IGNORED)
29 Mar 2026 15:31:05,773 INFO : com.automation.jbehave.ConsoleLogger - !-- And [Assertion] Verify 'Process Status' equals 'p:ProcessCompletedStatus' text (IGNORED)
29 Mar 2026 15:31:05,773 INFO : com.automation.jbehave.ConsoleLogger - !-- And [Input] I click on 'My Processes List View Process Button' (IGNORED)
29 Mar 2026 15:31:05,773 INFO : com.automation.jbehave.ConsoleLogger - !-- And [Input] I click on 'Incoming Users Directed To' (IGNORED)
29 Mar 2026 15:31:05,773 INFO : com.automation.jbehave.ConsoleLogger - !-- And [Assertion] Verify 'Incoming User Name Directed To1' equals 'p:manarDojan.username' text (IGNORED)
29 Mar 2026 15:31:05,773 INFO : com.automation.jbehave.ConsoleLogger - !-- And [Input] I hover on 'All Task Header Button' (IGNORED)
29 Mar 2026 15:31:05,773 INFO : com.automation.jbehave.ConsoleLogger - !-- And [Input] I click on 'Completed Tasks' (IGNORED)
29 Mar 2026 15:31:05,773 INFO : com.automation.jbehave.ConsoleLogger - !-- And [Assertion] Verify text of 'Completed Tasks First Subject Text' equals saved value 'SubjectText' (IGNORED)
29 Mar 2026 15:31:05,773 INFO : com.automation.jbehave.ConsoleLogger - !-- And [Input] I click on 'logout Button' (IGNORED)
29 Mar 2026 15:31:05,773 INFO : com.automation.jbehave.ConsoleLogger - !-- Then [Input] I login as 'p:JPPMCuser.manarDojan' with password 'p:JPPMC.password' (IGNORED)
29 Mar 2026 15:31:05,773 INFO : com.automation.jbehave.ConsoleLogger - !-- And [Input] I click on 'Tasks To View' (IGNORED)
29 Mar 2026 15:31:05,773 INFO : com.automation.jbehave.ConsoleLogger - !-- And [Assertion] Verify text of 'Tasks To View First Subject Text SCC' equals saved value 'SubjectText' (IGNORED)
29 Mar 2026 15:31:05,773 INFO : com.automation.jbehave.ConsoleLogger - !-- And [Input] I click on 'Generalizations View Process Button' (IGNORED)
29 Mar 2026 15:31:05,773 INFO : com.automation.jbehave.ConsoleLogger - !-- And [Assertion] Verify text of 'Subject Field' equals saved value 'SubjectText' (IGNORED)
29 Mar 2026 15:31:05,773 INFO : com.automation.jbehave.ConsoleLogger - !-- And [Assertion] Verify value of 'Internal Correspondence Get Serial Number SCC' equals saved value 'InternalCorrespondenceSerialNumberValue' (IGNORED)
29 Mar 2026 15:31:05,773 INFO : com.automation.jbehave.ConsoleLogger - !-- And [Input] I click on 'logout Button' (IGNORED)
29 Mar 2026 15:31:05,773 INFO : com.automation.jbehave.ConsoleLogger - !-- And [Assertion] Verify 'login Button' is present (IGNORED)
29 Mar 2026 15:31:06,087 INFO : com.automation.jbehave.ConsoleLogger - ==========================================================
29 Mar 2026 15:31:06,087 INFO : com.automation.jbehave.ConsoleLogger - End Story:  TC_007_JPPMC.story
29 Mar 2026 15:31:06,087 INFO : com.automation.jbehave.ConsoleLogger - Status:  PASSED 
29 Mar 2026 15:31:06,087 INFO : com.automation.jbehave.ConsoleLogger - ==========================================================
Sent message successfully....
Generating reports view to 'D:\Automation Quality Projects\Dewan-Automation\target\jbehave' using formats '[ide_console, xml, html, consolelogger]' and view properties '{reports=ftl/jbehave-reports.ftl, nonDecorated=ftl/jbehave-report-non-decorated.ftl, maps=ftl/jbehave-maps.ftl, navigator=ftl/jbehave-navigator.ftl, views=ftl/jbehave-views.ftl, decorated=ftl/jbehave-report-decorated.ftl}'
Reports view generated with 0 stories (of which 0 pending) containing 0 scenarios (of which 0 pending)
]]></system-out>
    <system-err><![CDATA[[pool-2-thread-1] INFO io.github.bonigarcia.wdm.WebDriverManager - Using chromedriver 146.0.7680.165 (resolved driver for Chrome 146)
[pool-2-thread-1] INFO io.github.bonigarcia.wdm.WebDriverManager - Exporting webdriver.chrome.driver as C:\Users\mbarghuthi\.cache\selenium\chromedriver\win64\146.0.7680.165\chromedriver.exe
Mar 29, 2026 3:29:24 PM org.openqa.selenium.remote.service.DriverService$Builder getLogOutput
INFO: Driver logs no longer sent to console by default; https://www.selenium.dev/documentation/webdriver/drivers/service/#setting-log-output
Mar 29, 2026 3:29:26 PM org.openqa.selenium.devtools.CdpVersionFinder findNearestMatch
WARNING: Unable to find CDP implementation matching 146
Mar 29, 2026 3:29:26 PM org.openqa.selenium.chromium.ChromiumDriver lambda$new$4
WARNING: Unable to find version of CDP to use for . You may need to include a dependency on a specific version of the CDP using something similar to `org.seleniumhq.selenium:selenium-devtools-v86:4.10.0` where the version ("v86") matches the version of the chromium-based browser you're using and the version number of the artifact is the same as Selenium's.
[AsyncHttpClient-1-4] WARN org.asynchttpclient.netty.handler.WebSocketHandler - onError
java.net.SocketException: Connection reset
	at java.base/sun.nio.ch.SocketChannelImpl.throwConnectionReset(SocketChannelImpl.java:403)
	at java.base/sun.nio.ch.SocketChannelImpl.implRead(SocketChannelImpl.java:435)
	at java.base/sun.nio.ch.SocketChannelImpl.read(SocketChannelImpl.java:493)
	at io.netty.buffer.PooledByteBuf.setBytes(PooledByteBuf.java:256)
	at io.netty.buffer.AbstractByteBuf.writeBytes(AbstractByteBuf.java:1132)
	at io.netty.channel.socket.nio.NioSocketChannel.doReadBytes(NioSocketChannel.java:357)
	at io.netty.channel.nio.AbstractNioByteChannel$NioByteUnsafe.read(AbstractNioByteChannel.java:151)
	at io.netty.channel.nio.NioEventLoop.processSelectedKey(NioEventLoop.java:788)
	at io.netty.channel.nio.NioEventLoop.processSelectedKeysOptimized(NioEventLoop.java:724)
	at io.netty.channel.nio.NioEventLoop.processSelectedKeys(NioEventLoop.java:650)
	at io.netty.channel.nio.NioEventLoop.run(NioEventLoop.java:562)
	at io.netty.util.concurrent.SingleThreadEventExecutor$4.run(SingleThreadEventExecutor.java:997)
	at io.netty.util.internal.ThreadExecutorMap$2.run(ThreadExecutorMap.java:74)
	at io.netty.util.concurrent.FastThreadLocalRunnable.run(FastThreadLocalRunnable.java:30)
	at java.base/java.lang.Thread.run(Thread.java:1570)
Mar 29, 2026 3:29:29 PM org.openqa.selenium.remote.http.WebSocket$Listener onError
WARNING: Connection reset
java.net.SocketException: Connection reset
	at java.base/sun.nio.ch.SocketChannelImpl.throwConnectionReset(SocketChannelImpl.java:403)
	at java.base/sun.nio.ch.SocketChannelImpl.implRead(SocketChannelImpl.java:435)
	at java.base/sun.nio.ch.SocketChannelImpl.read(SocketChannelImpl.java:493)
	at io.netty.buffer.PooledByteBuf.setBytes(PooledByteBuf.java:256)
	at io.netty.buffer.AbstractByteBuf.writeBytes(AbstractByteBuf.java:1132)
	at io.netty.channel.socket.nio.NioSocketChannel.doReadBytes(NioSocketChannel.java:357)
	at io.netty.channel.nio.AbstractNioByteChannel$NioByteUnsafe.read(AbstractNioByteChannel.java:151)
	at io.netty.channel.nio.NioEventLoop.processSelectedKey(NioEventLoop.java:788)
	at io.netty.channel.nio.NioEventLoop.processSelectedKeysOptimized(NioEventLoop.java:724)
	at io.netty.channel.nio.NioEventLoop.processSelectedKeys(NioEventLoop.java:650)
	at io.netty.channel.nio.NioEventLoop.run(NioEventLoop.java:562)
	at io.netty.util.concurrent.SingleThreadEventExecutor$4.run(SingleThreadEventExecutor.java:997)
	at io.netty.util.internal.ThreadExecutorMap$2.run(ThreadExecutorMap.java:74)
	at io.netty.util.concurrent.FastThreadLocalRunnable.run(FastThreadLocalRunnable.java:30)
	at java.base/java.lang.Thread.run(Thread.java:1570)

[pool-2-thread-1] INFO io.github.bonigarcia.wdm.WebDriverManager - Using chromedriver 146.0.7680.165 (resolved driver for Chrome 146)
[pool-2-thread-1] INFO io.github.bonigarcia.wdm.WebDriverManager - Exporting webdriver.chrome.driver as C:\Users\mbarghuthi\.cache\selenium\chromedriver\win64\146.0.7680.165\chromedriver.exe
Mar 29, 2026 3:29:29 PM org.openqa.selenium.remote.service.DriverService$Builder getLogOutput
INFO: Driver logs no longer sent to console by default; https://www.selenium.dev/documentation/webdriver/drivers/service/#setting-log-output
Mar 29, 2026 3:29:31 PM org.openqa.selenium.devtools.CdpVersionFinder findNearestMatch
WARNING: Unable to find CDP implementation matching 146
Mar 29, 2026 3:29:31 PM org.openqa.selenium.chromium.ChromiumDriver lambda$new$4
WARNING: Unable to find version of CDP to use for . You may need to include a dependency on a specific version of the CDP using something similar to `org.seleniumhq.selenium:selenium-devtools-v86:4.10.0` where the version ("v86") matches the version of the chromium-based browser you're using and the version number of the artifact is the same as Selenium's.
[pool-2-thread-1] INFO io.github.bonigarcia.wdm.WebDriverManager - Using chromedriver 146.0.7680.165 (resolved driver for Chrome 146)
[pool-2-thread-1] INFO io.github.bonigarcia.wdm.WebDriverManager - Exporting webdriver.chrome.driver as C:\Users\mbarghuthi\.cache\selenium\chromedriver\win64\146.0.7680.165\chromedriver.exe
Mar 29, 2026 3:29:32 PM org.openqa.selenium.remote.service.DriverService$Builder getLogOutput
INFO: Driver logs no longer sent to console by default; https://www.selenium.dev/documentation/webdriver/drivers/service/#setting-log-output
Mar 29, 2026 3:29:34 PM org.openqa.selenium.devtools.CdpVersionFinder findNearestMatch
WARNING: Unable to find CDP implementation matching 146
Mar 29, 2026 3:29:34 PM org.openqa.selenium.chromium.ChromiumDriver lambda$new$4
WARNING: Unable to find version of CDP to use for . You may need to include a dependency on a specific version of the CDP using something similar to `org.seleniumhq.selenium:selenium-devtools-v86:4.10.0` where the version ("v86") matches the version of the chromium-based browser you're using and the version number of the artifact is the same as Selenium's.
[pool-2-thread-1] INFO io.github.bonigarcia.wdm.WebDriverManager - Using chromedriver 146.0.7680.165 (resolved driver for Chrome 146)
[pool-2-thread-1] INFO io.github.bonigarcia.wdm.WebDriverManager - Exporting webdriver.chrome.driver as C:\Users\mbarghuthi\.cache\selenium\chromedriver\win64\146.0.7680.165\chromedriver.exe
Mar 29, 2026 3:29:50 PM org.openqa.selenium.remote.service.DriverService$Builder getLogOutput
INFO: Driver logs no longer sent to console by default; https://www.selenium.dev/documentation/webdriver/drivers/service/#setting-log-output
Mar 29, 2026 3:29:52 PM org.openqa.selenium.devtools.CdpVersionFinder findNearestMatch
WARNING: Unable to find CDP implementation matching 146
Mar 29, 2026 3:29:52 PM org.openqa.selenium.chromium.ChromiumDriver lambda$new$4
WARNING: Unable to find version of CDP to use for . You may need to include a dependency on a specific version of the CDP using something similar to `org.seleniumhq.selenium:selenium-devtools-v86:4.10.0` where the version ("v86") matches the version of the chromium-based browser you're using and the version number of the artifact is the same as Selenium's.
Screenshot of page 'http://172.16.30.83:5555/JPPMC_EndUser/Enduser/Home.aspx' has **NOT** been saved. If there is no error, perhaps the WebDriver type you are using is not compatible with taking screenshots
Screenshot of page 'http://172.16.30.83:5555/JPPMC_EndUser/Enduser/Generalazation' has **NOT** been saved. If there is no error, perhaps the WebDriver type you are using is not compatible with taking screenshots
[pool-2-thread-1] INFO io.github.bonigarcia.wdm.WebDriverManager - Using chromedriver 146.0.7680.165 (resolved driver for Chrome 146)
[pool-2-thread-1] INFO io.github.bonigarcia.wdm.WebDriverManager - Exporting webdriver.chrome.driver as C:\Users\mbarghuthi\.cache\selenium\chromedriver\win64\146.0.7680.165\chromedriver.exe
Mar 29, 2026 3:30:56 PM org.openqa.selenium.remote.service.DriverService$Builder getLogOutput
INFO: Driver logs no longer sent to console by default; https://www.selenium.dev/documentation/webdriver/drivers/service/#setting-log-output
Mar 29, 2026 3:30:57 PM org.openqa.selenium.devtools.CdpVersionFinder findNearestMatch
WARNING: Unable to find CDP implementation matching 146
Mar 29, 2026 3:30:57 PM org.openqa.selenium.chromium.ChromiumDriver lambda$new$4
WARNING: Unable to find version of CDP to use for . You may need to include a dependency on a specific version of the CDP using something similar to `org.seleniumhq.selenium:selenium-devtools-v86:4.10.0` where the version ("v86") matches the version of the chromium-based browser you're using and the version number of the artifact is the same as Selenium's.
[pool-2-thread-1] INFO io.github.bonigarcia.wdm.WebDriverManager - Using chromedriver 146.0.7680.165 (resolved driver for Chrome 146)
[pool-2-thread-1] INFO io.github.bonigarcia.wdm.WebDriverManager - Exporting webdriver.chrome.driver as C:\Users\mbarghuthi\.cache\selenium\chromedriver\win64\146.0.7680.165\chromedriver.exe
Mar 29, 2026 3:30:58 PM org.openqa.selenium.remote.service.DriverService$Builder getLogOutput
INFO: Driver logs no longer sent to console by default; https://www.selenium.dev/documentation/webdriver/drivers/service/#setting-log-output
Mar 29, 2026 3:31:00 PM org.openqa.selenium.devtools.CdpVersionFinder findNearestMatch
WARNING: Unable to find CDP implementation matching 146
Mar 29, 2026 3:31:00 PM org.openqa.selenium.chromium.ChromiumDriver lambda$new$4
WARNING: Unable to find version of CDP to use for . You may need to include a dependency on a specific version of the CDP using something similar to `org.seleniumhq.selenium:selenium-devtools-v86:4.10.0` where the version ("v86") matches the version of the chromium-based browser you're using and the version number of the artifact is the same as Selenium's.
[pool-2-thread-1] INFO io.github.bonigarcia.wdm.WebDriverManager - Using chromedriver 146.0.7680.165 (resolved driver for Chrome 146)
[pool-2-thread-1] INFO io.github.bonigarcia.wdm.WebDriverManager - Exporting webdriver.chrome.driver as C:\Users\mbarghuthi\.cache\selenium\chromedriver\win64\146.0.7680.165\chromedriver.exe
Mar 29, 2026 3:31:02 PM org.openqa.selenium.remote.service.DriverService$Builder getLogOutput
INFO: Driver logs no longer sent to console by default; https://www.selenium.dev/documentation/webdriver/drivers/service/#setting-log-output
Mar 29, 2026 3:31:04 PM org.openqa.selenium.devtools.CdpVersionFinder findNearestMatch
WARNING: Unable to find CDP implementation matching 146
Mar 29, 2026 3:31:04 PM org.openqa.selenium.chromium.ChromiumDriver lambda$new$4
WARNING: Unable to find version of CDP to use for . You may need to include a dependency on a specific version of the CDP using something similar to `org.seleniumhq.selenium:selenium-devtools-v86:4.10.0` where the version ("v86") matches the version of the chromium-based browser you're using and the version number of the artifact is the same as Selenium's.
]]></system-err>
  </testcase>
</testsuite>