<?xml version="1.0" encoding="UTF-8"?>
<testsuite xmlns:xsi="http://www.w3.org/2001/XMLSchema-instance" xsi:noNamespaceSchemaLocation="https://maven.apache.org/surefire/maven-surefire-plugin/xsd/surefire-test-report-3.0.xsd" version="3.0" name="AllStoriesTest" time="161.115" tests="1" errors="1" skipped="0" failures="0">
  <properties>
[...]
</properties>
  <testcase name="run" classname="AllStoriesTest" time="161.109">
    <error message="JBehave detected failed stories. Failing Maven build." type="java.lang.RuntimeException"><![CDATA[java.lang.RuntimeException: JBehave detected failed stories. Failing Maven build.
	at AllStoriesTest.run(AllStoriesTest.java:66)
]]></error>
    <system-out><![CDATA[Directory: D:\Automation Quality Projects\Dewan-Automation\reports\Sun Mar 29 15-08-47 EET 2026\ is created!
Report Path: D:\Automation Quality Projects\Dewan-Automation\reports\Sun Mar 29 15-08-47 EET 2026\

Processing system properties {}
Using controls EmbedderControls[batch=false,skip=false,generateViewAfterStories=true,ignoreFailureInStories=false,ignoreFailureInView=false,verboseFailures=true,verboseFiltering=false,storyTimeouts=7200,threads=1,failOnStoryTimeout=true]
Running story stories/TC_001_JPPMC_PRECONDITION.story
29 Mar 2026 15:08:48,344 INFO : com.automation.jbehave.ConsoleLogger - ==========================================================
29 Mar 2026 15:08:48,345 INFO : com.automation.jbehave.ConsoleLogger - Begin Story: TC_001_JPPMC_PRECONDITION.story
29 Mar 2026 15:08:48,345 INFO : com.automation.jbehave.ConsoleLogger - ==========================================================
29 Mar 2026 15:08:48,346 INFO : com.automation.jbehave.ConsoleLogger - Narrative[inOrderTo=,asA=,iWantTo=,soThat=]
29 Mar 2026 15:08:48,348 INFO : com.automation.jbehave.ConsoleLogger - Lifecycle[before=Lifecycle.Steps[outcome=<null>,metaFilter=<null>,steps=[]],after={}]
Using timeout for story TC_001_JPPMC_PRECONDITION.story of 7200 secs.
29 Mar 2026 15:08:52,687 INFO : com.automation.jbehave.ConsoleLogger - ==========================================================
29 Mar 2026 15:08:52,687 INFO : com.automation.jbehave.ConsoleLogger - Scenario: TC_001_JPPMC_001
29 Mar 2026 15:08:52,688 INFO : com.automation.jbehave.ConsoleLogger - ==========================================================
29 Mar 2026 15:08:52,689 INFO : com.automation.jbehave.PropertyParameterConverter - Parameter converted:[p:dewanAdminJPPMC] >> [http://172.16.30.83:5555/JPPMC_Admin/]
29 Mar 2026 15:08:54,908 INFO : com.automation.pages.CannedPage - Navigating to the page: http://172.16.30.83:5555/JPPMC_Admin/
29 Mar 2026 15:08:54,965 INFO : com.automation.jbehave.ConsoleLogger - Given [Navigation] I navigate to 'p:dewanAdminJPPMC' (SUCCESSFUL)
29 Mar 2026 15:08:55,755 INFO : com.automation.jbehave.ConsoleLogger - ==========================================================
29 Mar 2026 15:08:55,755 INFO : com.automation.jbehave.ConsoleLogger - End Story:  TC_001_JPPMC_PRECONDITION.story
29 Mar 2026 15:08:55,755 INFO : com.automation.jbehave.ConsoleLogger - Status:  PASSED 
29 Mar 2026 15:08:55,755 INFO : com.automation.jbehave.ConsoleLogger - ==========================================================
Running story stories/TC_002_JPPMC.story
29 Mar 2026 15:08:55,762 INFO : com.automation.jbehave.ConsoleLogger - ==========================================================
29 Mar 2026 15:08:55,763 INFO : com.automation.jbehave.ConsoleLogger - Begin Story: TC_002_JPPMC.story
29 Mar 2026 15:08:55,763 INFO : com.automation.jbehave.ConsoleLogger - ==========================================================
29 Mar 2026 15:08:55,763 INFO : com.automation.jbehave.ConsoleLogger - Narrative[inOrderTo=,asA=,iWantTo=,soThat=]
29 Mar 2026 15:08:55,764 INFO : com.automation.jbehave.ConsoleLogger - Lifecycle[before=Lifecycle.Steps[outcome=<null>,metaFilter=<null>,steps=[]],after={}]
Using timeout for story TC_002_JPPMC.story of 7200 secs.
29 Mar 2026 15:08:57,315 INFO : com.automation.jbehave.ConsoleLogger - ==========================================================
29 Mar 2026 15:08:57,317 INFO : com.automation.jbehave.ConsoleLogger - Scenario: TC_002_JPPMC_001
29 Mar 2026 15:08:57,319 INFO : com.automation.jbehave.ConsoleLogger - ==========================================================
29 Mar 2026 15:08:57,324 INFO : com.automation.jbehave.PropertyParameterConverter - Parameter converted:[p:dewanJPPMC] >> [http://172.16.30.83:5555/JPPMC_EndUser/login.aspx]
29 Mar 2026 15:08:58,108 INFO : com.automation.pages.CannedPage - Navigating to the page: http://172.16.30.83:5555/JPPMC_EndUser/login.aspx
29 Mar 2026 15:08:58,178 INFO : com.automation.jbehave.ConsoleLogger - Given [Navigation] I navigate to 'p:dewanJPPMC' (SUCCESSFUL)
29 Mar 2026 15:08:58,716 INFO : com.automation.jbehave.ConsoleLogger - ==========================================================
29 Mar 2026 15:08:58,716 INFO : com.automation.jbehave.ConsoleLogger - End Story:  TC_002_JPPMC.story
29 Mar 2026 15:08:58,716 INFO : com.automation.jbehave.ConsoleLogger - Status:  PASSED 
29 Mar 2026 15:08:58,716 INFO : com.automation.jbehave.ConsoleLogger - ==========================================================
Running story stories/TC_003_JPPMC.story
29 Mar 2026 15:08:58,723 INFO : com.automation.jbehave.ConsoleLogger - ==========================================================
29 Mar 2026 15:08:58,725 INFO : com.automation.jbehave.ConsoleLogger - Begin Story: TC_003_JPPMC.story
29 Mar 2026 15:08:58,725 INFO : com.automation.jbehave.ConsoleLogger - ==========================================================
29 Mar 2026 15:08:58,725 INFO : com.automation.jbehave.ConsoleLogger - Narrative[inOrderTo=,asA=,iWantTo=,soThat=]
29 Mar 2026 15:08:58,726 INFO : com.automation.jbehave.ConsoleLogger - Lifecycle[before=Lifecycle.Steps[outcome=<null>,metaFilter=<null>,steps=[]],after={}]
Using timeout for story TC_003_JPPMC.story of 7200 secs.
29 Mar 2026 15:09:00,418 INFO : com.automation.jbehave.ConsoleLogger - ==========================================================
29 Mar 2026 15:09:00,419 INFO : com.automation.jbehave.ConsoleLogger - Scenario: TC_003_JPPMC_001
29 Mar 2026 15:09:00,419 INFO : com.automation.jbehave.ConsoleLogger - ==========================================================
29 Mar 2026 15:09:00,420 INFO : com.automation.jbehave.PropertyParameterConverter - Parameter converted:[p:dewanJPPMC] >> [http://172.16.30.83:5555/JPPMC_EndUser/login.aspx]
29 Mar 2026 15:09:01,436 INFO : com.automation.pages.CannedPage - Navigating to the page: http://172.16.30.83:5555/JPPMC_EndUser/login.aspx
29 Mar 2026 15:09:01,485 INFO : com.automation.jbehave.ConsoleLogger - Given [Navigation] I navigate to 'p:dewanJPPMC' (SUCCESSFUL)
29 Mar 2026 15:09:01,490 INFO : com.automation.jbehave.PropertyParameterConverter - Parameter converted:[p:JPPMCuser.HikmatZomat] >> [Hikmat.Zomat]
29 Mar 2026 15:09:01,490 INFO : com.automation.jbehave.PropertyParameterConverter - Parameter converted:[p:JPPMC.password] >> [Aa1]
29 Mar 2026 15:09:05,266 INFO : com.automation.pages.CannedPage - Filled 'userName' with value: Hikmat.Zomat
29 Mar 2026 15:09:08,419 INFO : com.automation.pages.CannedPage - Clicked on 'password'
29 Mar 2026 15:09:11,570 INFO : com.automation.pages.CannedPage - Filled 'password' with value: Aa1
29 Mar 2026 15:09:11,694 INFO : com.automation.pages.CannedPage - Clicked on 'login Button'
29 Mar 2026 15:09:11,718 INFO : com.automation.jbehave.ConsoleLogger - When [Input] I login as 'p:JPPMCuser.HikmatZomat' with password 'p:JPPMC.password' (SUCCESSFUL)
29 Mar 2026 15:09:14,216 INFO : com.automation.pages.CustomPage - Hovered on 'User Name Header Button'
29 Mar 2026 15:09:14,246 INFO : com.automation.jbehave.ConsoleLogger - And [Input] I hover on 'User Name Header Button' (SUCCESSFUL)
29 Mar 2026 15:09:15,558 INFO : com.automation.pages.CannedPage - Clicked on 'Profile Header Button'
29 Mar 2026 15:09:15,595 INFO : com.automation.jbehave.ConsoleLogger - And [Input] I click on 'Profile Header Button' (SUCCESSFUL)
29 Mar 2026 15:09:15,596 INFO : com.automation.jbehave.PropertyParameterConverter - Parameter converted:[p:JPPMCuser.HikmatZomat] >> [Hikmat.Zomat]
29 Mar 2026 15:09:15,802 INFO : com.automation.jbehave.ConsoleLogger - And [Assertion] Verify 'User Name Value' have attribute 'value' with 'p:JPPMCuser.HikmatZomat' ｟value｠ (SUCCESSFUL)
29 Mar 2026 15:09:16,114 INFO : com.automation.pages.CustomPage - Hovered on 'User Name Header Button'
29 Mar 2026 15:09:16,143 INFO : com.automation.jbehave.ConsoleLogger - And [Input] I hover on 'User Name Header Button' (SUCCESSFUL)
29 Mar 2026 15:09:16,745 INFO : com.automation.pages.CannedPage - Clicked on 'logout Button'
29 Mar 2026 15:09:16,777 INFO : com.automation.jbehave.ConsoleLogger - Then [Input] I click on 'logout Button' (SUCCESSFUL)
29 Mar 2026 15:09:16,938 INFO : com.automation.jbehave.ConsoleLogger - And [Assertion] Verify 'login Button' is present (SUCCESSFUL)
29 Mar 2026 15:09:17,515 INFO : com.automation.jbehave.ConsoleLogger - ==========================================================
29 Mar 2026 15:09:17,516 INFO : com.automation.jbehave.ConsoleLogger - End Story:  TC_003_JPPMC.story
29 Mar 2026 15:09:17,516 INFO : com.automation.jbehave.ConsoleLogger - Status:  PASSED 
29 Mar 2026 15:09:17,516 INFO : com.automation.jbehave.ConsoleLogger - ==========================================================
Running story stories/TC_004_JPPMC.story
29 Mar 2026 15:09:17,523 INFO : com.automation.jbehave.ConsoleLogger - ==========================================================
29 Mar 2026 15:09:17,523 INFO : com.automation.jbehave.ConsoleLogger - Begin Story: TC_004_JPPMC.story
29 Mar 2026 15:09:17,523 INFO : com.automation.jbehave.ConsoleLogger - ==========================================================
29 Mar 2026 15:09:17,524 INFO : com.automation.jbehave.ConsoleLogger - Narrative[inOrderTo=,asA=,iWantTo=,soThat=]
29 Mar 2026 15:09:17,524 INFO : com.automation.jbehave.ConsoleLogger - Lifecycle[before=Lifecycle.Steps[outcome=<null>,metaFilter=<null>,steps=[]],after={}]
Using timeout for story TC_004_JPPMC.story of 7200 secs.
29 Mar 2026 15:09:19,109 INFO : com.automation.jbehave.ConsoleLogger - ==========================================================
29 Mar 2026 15:09:19,109 INFO : com.automation.jbehave.ConsoleLogger - Scenario: TC_004_JPPMC_001
29 Mar 2026 15:09:19,109 INFO : com.automation.jbehave.ConsoleLogger - ==========================================================
29 Mar 2026 15:09:19,110 INFO : com.automation.jbehave.PropertyParameterConverter - Parameter converted:[p:dewanJPPMC] >> [http://172.16.30.83:5555/JPPMC_EndUser/login.aspx]
29 Mar 2026 15:09:19,531 INFO : com.automation.pages.CannedPage - Navigating to the page: http://172.16.30.83:5555/JPPMC_EndUser/login.aspx
29 Mar 2026 15:09:19,598 INFO : com.automation.jbehave.ConsoleLogger - Given [Navigation] I navigate to 'p:dewanJPPMC' (SUCCESSFUL)
29 Mar 2026 15:09:19,600 INFO : com.automation.jbehave.PropertyParameterConverter - Parameter converted:[p:JPPMCuser.HikmatZomat] >> [Hikmat.Zomat]
29 Mar 2026 15:09:19,600 INFO : com.automation.jbehave.PropertyParameterConverter - Parameter converted:[p:JPPMC.password] >> [Aa1]
29 Mar 2026 15:09:24,133 INFO : com.automation.pages.CannedPage - Filled 'userName' with value: Hikmat.Zomat
29 Mar 2026 15:09:27,245 INFO : com.automation.pages.CannedPage - Clicked on 'password'
29 Mar 2026 15:09:30,364 INFO : com.automation.pages.CannedPage - Filled 'password' with value: Aa1
29 Mar 2026 15:09:30,492 INFO : com.automation.pages.CannedPage - Clicked on 'login Button'
29 Mar 2026 15:09:30,524 INFO : com.automation.jbehave.ConsoleLogger - And [Input] I login as 'p:JPPMCuser.HikmatZomat' with password 'p:JPPMC.password' (SUCCESSFUL)
29 Mar 2026 15:09:32,410 INFO : com.automation.pages.CannedPage - Clicked on 'Add Process Button'
29 Mar 2026 15:09:32,445 INFO : com.automation.jbehave.ConsoleLogger - And [Input] I click on 'Add Process Button' (SUCCESSFUL)
29 Mar 2026 15:09:34,004 INFO : com.automation.pages.CannedPage - Clicked on 'Generalization Button'
29 Mar 2026 15:09:34,028 INFO : com.automation.jbehave.ConsoleLogger - And [Input] I click on 'Generalization Button' (SUCCESSFUL)
Putting value in StateManager: key=, value=Auto1740899056010900
29 Mar 2026 15:09:34,272 INFO : com.automation.pages.CannedPage - Filled 'Subject Field' with value: Auto1740899056010900
29 Mar 2026 15:09:34,294 INFO : com.automation.jbehave.ConsoleLogger - When [Input] Set 'Subject Field' value to 'random' (SUCCESSFUL)
Putting value in StateManager: key=, value=2026-03-29
29 Mar 2026 15:09:34,533 INFO : com.automation.pages.CannedPage - Filled 'Generalization Date Field' with value: 2026-03-29
29 Mar 2026 15:09:34,563 INFO : com.automation.jbehave.ConsoleLogger - And [Input] Set 'Generalization Date Field' value to 'date' (SUCCESSFUL)
Fetched value from Generalization Get Year: 2026
Putting value in StateManager: key=GeneralizationYearValue, value=2026
GeneralizationYearValue saved as: 2026
29 Mar 2026 15:09:34,680 INFO : com.automation.jbehave.ConsoleLogger - And [Action] I get value from 'Generalization Get Year' and save it as 'GeneralizationYearValue' (SUCCESSFUL)
Getting value from StateManager: key=GeneralizationYearValue, value=2026
Assertion passed: GeneralizationYearValue equals current year
29 Mar 2026 15:09:34,707 INFO : com.automation.jbehave.ConsoleLogger - And [Assertion] Verify 'GeneralizationYearValue' equals current year (SUCCESSFUL)
29 Mar 2026 15:09:34,715 INFO : com.automation.pages.CannedPage - I scroll to end of page
29 Mar 2026 15:09:34,744 INFO : com.automation.jbehave.ConsoleLogger - And [Navigation] I scroll to end of page (SUCCESSFUL)
29 Mar 2026 15:09:37,889 INFO : com.automation.pages.CannedPage - Clicked on 'Save Button'
29 Mar 2026 15:09:37,935 INFO : com.automation.jbehave.ConsoleLogger - And [Input] I click on 'Save Button' (SUCCESSFUL)
Fetched value from Generalization Get Serial Number: ٢٦
Putting value in StateManager: key=GeneralizationSerialNumberValue, value=٢٦
GeneralizationSerialNumberValue saved as: ٢٦
29 Mar 2026 15:09:38,117 INFO : com.automation.jbehave.ConsoleLogger - And [Action] I get value from 'Generalization Get Serial Number' and save it as 'GeneralizationSerialNumberValue' (SUCCESSFUL)
Fetched text from Subject Field: Auto1740899056010900
Putting value in StateManager: key=GeneralizationSubjectText, value=Auto1740899056010900
GeneralizationSubjectText saved as: Auto1740899056010900
29 Mar 2026 15:09:38,324 INFO : com.automation.jbehave.ConsoleLogger - And [Action] I get text from 'Subject Field' and save it as 'GeneralizationSubjectText' (SUCCESSFUL)
29 Mar 2026 15:09:41,357 INFO : com.automation.jbehave.ConsoleLogger - And [Progress] I wait for '3' sec (SUCCESSFUL)
29 Mar 2026 15:09:41,597 INFO : com.automation.pages.CustomPage - Hovered on 'All Task Header Button'
29 Mar 2026 15:09:41,622 INFO : com.automation.jbehave.ConsoleLogger - And [Input] I hover on  'All Task Header Button' (SUCCESSFUL)
29 Mar 2026 15:09:42,315 INFO : com.automation.pages.CannedPage - Clicked on 'My Processes List Header Button'
29 Mar 2026 15:09:42,344 INFO : com.automation.jbehave.ConsoleLogger - And [Input] I click on 'My Processes List Header Button' (SUCCESSFUL)
29 Mar 2026 15:09:42,345 INFO : com.automation.jbehave.PropertyParameterConverter - Parameter converted:[p:ProcessUnCompletedStatus] >> [تحت الاجراء]
29 Mar 2026 15:09:42,519 INFO : com.automation.jbehave.ConsoleLogger - And [Assertion] Verify 'Process Status' equals 'p:ProcessUnCompletedStatus' text (SUCCESSFUL)
29 Mar 2026 15:09:45,556 INFO : com.automation.jbehave.ConsoleLogger - And [Progress] I wait for '3' sec (SUCCESSFUL)
29 Mar 2026 15:09:45,766 INFO : com.automation.pages.CustomPage - Hovered on 'All Task Header Button'
29 Mar 2026 15:09:45,788 INFO : com.automation.jbehave.ConsoleLogger - And [Input] I hover on  'All Task Header Button' (SUCCESSFUL)
29 Mar 2026 15:09:46,499 INFO : com.automation.pages.CannedPage - Clicked on 'Task List Header Button'
29 Mar 2026 15:09:46,535 INFO : com.automation.jbehave.ConsoleLogger - And [Input] I click on 'Task List Header Button' (SUCCESSFUL)
Getting value from StateManager: key=GeneralizationSubjectText, value=Auto1740899056010900
Expected value (from stateManager, key='GeneralizationSubjectText'): Auto1740899056010900
Actual value (from element 'Task List First Subject Text'): Auto1740899056010900
29 Mar 2026 15:09:46,688 INFO : com.automation.jbehave.ConsoleLogger - And [Assertion] Verify text of 'Task List First Subject Text' equals saved value 'GeneralizationSubjectText' (SUCCESSFUL)
29 Mar 2026 15:09:48,178 INFO : com.automation.pages.CannedPage - Clicked on 'Task List View Process Button'
29 Mar 2026 15:09:48,226 INFO : com.automation.jbehave.ConsoleLogger - And [Input] I click on 'Task List View Process Button' (SUCCESSFUL)
29 Mar 2026 15:09:48,240 INFO : com.automation.pages.CannedPage - I scroll to end of page
29 Mar 2026 15:09:48,310 INFO : com.automation.jbehave.ConsoleLogger - And [Navigation] I scroll to end of page (SUCCESSFUL)
29 Mar 2026 15:09:48,494 INFO : com.automation.pages.CannedPage - Clicked on 'Direction Tab'
29 Mar 2026 15:09:48,535 INFO : com.automation.jbehave.ConsoleLogger - And [Input] I click on 'Direction Tab' (SUCCESSFUL)
29 Mar 2026 15:09:48,698 INFO : com.automation.pages.CannedPage - Clicked on 'Generalize Button'
29 Mar 2026 15:09:48,729 INFO : com.automation.jbehave.ConsoleLogger - And [Input] I click on 'Generalize Button' (SUCCESSFUL)
29 Mar 2026 15:10:03,770 INFO : com.automation.jbehave.ConsoleLogger - And [Progress] I wait for '15' sec (SUCCESSFUL)
29 Mar 2026 15:10:04,640 INFO : com.automation.pages.CannedPage - Clicked on 'Generalizations Header Button'
29 Mar 2026 15:10:04,667 INFO : com.automation.jbehave.ConsoleLogger - And [Input] I click on 'Generalizations Header Button' (SUCCESSFUL)
Getting value from StateManager: key=GeneralizationSubjectText, value=Auto1740899056010900
Expected value (from stateManager, key='GeneralizationSubjectText'): Auto1740899056010900
Actual value (from element 'Generalization First Subject Text'): Auto1740899056010900
29 Mar 2026 15:10:04,774 INFO : com.automation.jbehave.ConsoleLogger - And [Assertion] Verify text of 'Generalization First Subject Text' equals saved value 'GeneralizationSubjectText' (SUCCESSFUL)
29 Mar 2026 15:10:04,775 INFO : com.automation.jbehave.ConsoleLogger - !-- And [Assertion] Verify text of 'Generalization First Serial Number' equals saved value 'GeneralizationSerialNumberValue' (IGNORED)
29 Mar 2026 15:10:05,901 INFO : com.automation.pages.CannedPage - Clicked on 'Generalizations View Process Button'
29 Mar 2026 15:10:05,926 INFO : com.automation.jbehave.ConsoleLogger - And [Input] I click on 'Generalizations View Process Button' (SUCCESSFUL)
29 Mar 2026 15:10:08,968 INFO : com.automation.jbehave.ConsoleLogger - And [Progress] I wait for '3' sec (SUCCESSFUL)
29 Mar 2026 15:10:08,978 INFO : com.automation.pages.CannedPage - I scroll to end of page
29 Mar 2026 15:10:09,002 INFO : com.automation.jbehave.ConsoleLogger - And [Navigation] I scroll to end of page (SUCCESSFUL)
29 Mar 2026 15:10:12,037 INFO : com.automation.jbehave.ConsoleLogger - And [Progress] I wait for '3' sec (SUCCESSFUL)
29 Mar 2026 15:10:12,047 INFO : com.automation.pages.CannedPage - I scroll to end of page
29 Mar 2026 15:10:12,066 INFO : com.automation.jbehave.ConsoleLogger - And [Navigation] I scroll to end of page (SUCCESSFUL)
29 Mar 2026 15:10:15,106 INFO : com.automation.jbehave.ConsoleLogger - And [Progress] I wait for '3' sec (SUCCESSFUL)
29 Mar 2026 15:10:15,205 INFO : com.automation.pages.CannedPage - Clicked on 'Direction Tab'
29 Mar 2026 15:10:15,225 INFO : com.automation.jbehave.ConsoleLogger - And [Input] I click on 'Direction Tab' (SUCCESSFUL)
29 Mar 2026 15:10:45,488 INFO : com.automation.jbehave.ConsoleLogger - And [Assertion] Verify 'Generalize Button' not present (SUCCESSFUL)
29 Mar 2026 15:10:48,522 INFO : com.automation.jbehave.ConsoleLogger - And [Progress] I wait for '3' sec (SUCCESSFUL)
29 Mar 2026 15:10:48,714 INFO : com.automation.pages.CustomPage - Hovered on 'All Task Header Button'
29 Mar 2026 15:10:48,742 INFO : com.automation.jbehave.ConsoleLogger - And [Input] I hover on  'All Task Header Button' (SUCCESSFUL)
29 Mar 2026 15:10:49,193 INFO : com.automation.pages.CannedPage - Clicked on 'My Processes List Header Button'
29 Mar 2026 15:10:49,218 INFO : com.automation.jbehave.ConsoleLogger - And [Input] I click on 'My Processes List Header Button' (SUCCESSFUL)
29 Mar 2026 15:10:49,219 INFO : com.automation.jbehave.PropertyParameterConverter - Parameter converted:[p:ProcessCompletedStatus] >> [تمت العملية بنجاح]
29 Mar 2026 15:10:49,328 INFO : com.automation.jbehave.ConsoleLogger - And [Assertion] Verify 'Process Status' equals 'p:ProcessCompletedStatus' text (SUCCESSFUL)
29 Mar 2026 15:10:49,664 INFO : com.automation.pages.CustomPage - Hovered on 'User Name Header Button'
29 Mar 2026 15:10:49,685 INFO : com.automation.jbehave.ConsoleLogger - And [Input] I hover on  'User Name Header Button' (SUCCESSFUL)
29 Mar 2026 15:10:50,430 INFO : com.automation.pages.CannedPage - Clicked on 'logout Button'
29 Mar 2026 15:10:50,462 INFO : com.automation.jbehave.ConsoleLogger - Then [Input] I click on 'logout Button' (SUCCESSFUL)
29 Mar 2026 15:10:50,598 INFO : com.automation.jbehave.ConsoleLogger - And [Assertion] Verify 'login Button' is present (SUCCESSFUL)
29 Mar 2026 15:10:50,599 INFO : com.automation.jbehave.PropertyParameterConverter - Parameter converted:[p:JPPMCuser.manarDojan] >> [manar.dojan]
29 Mar 2026 15:10:50,599 INFO : com.automation.jbehave.PropertyParameterConverter - Parameter converted:[p:JPPMC.password] >> [Aa1]
29 Mar 2026 15:10:53,881 INFO : com.automation.pages.CannedPage - Filled 'userName' with value: manar.dojan
29 Mar 2026 15:10:56,992 INFO : com.automation.pages.CannedPage - Clicked on 'password'
29 Mar 2026 15:11:00,159 INFO : com.automation.pages.CannedPage - Filled 'password' with value: Aa1
29 Mar 2026 15:11:00,247 INFO : com.automation.pages.CannedPage - Clicked on 'login Button'
29 Mar 2026 15:11:00,268 INFO : com.automation.jbehave.ConsoleLogger - And [Input] I login as 'p:JPPMCuser.manarDojan' with password 'p:JPPMC.password' (SUCCESSFUL)
29 Mar 2026 15:11:00,946 INFO : com.automation.pages.CannedPage - Clicked on 'Generalizations Header Button'
29 Mar 2026 15:11:00,973 INFO : com.automation.jbehave.ConsoleLogger - And [Input] I click on 'Generalizations Header Button' (SUCCESSFUL)
Getting value from StateManager: key=GeneralizationSubjectText, value=Auto1740899056010900
Expected value (from stateManager, key='GeneralizationSubjectText'): Auto1740899056010900
Actual value (from element 'Generalization First Subject Text'): Auto1740899056010900
29 Mar 2026 15:11:01,083 INFO : com.automation.jbehave.ConsoleLogger - And [Assertion] Verify text of 'Generalization First Subject Text' equals saved value 'GeneralizationSubjectText' (SUCCESSFUL)
29 Mar 2026 15:11:01,084 INFO : com.automation.jbehave.ConsoleLogger - !-- And [Assertion] Verify text of 'Generalization First Serial Number' equals saved value 'GeneralizationSerialNumberValue' (IGNORED)
29 Mar 2026 15:11:01,381 INFO : com.automation.pages.CustomPage - Hovered on 'User Name Header Button'
29 Mar 2026 15:11:01,412 INFO : com.automation.jbehave.ConsoleLogger - And [Input] I hover on  'User Name Header Button' (SUCCESSFUL)
29 Mar 2026 15:11:02,000 INFO : com.automation.pages.CannedPage - Clicked on 'logout Button'
29 Mar 2026 15:11:02,026 INFO : com.automation.jbehave.ConsoleLogger - And [Input] I click on 'logout Button' (SUCCESSFUL)
29 Mar 2026 15:11:02,170 INFO : com.automation.jbehave.ConsoleLogger - And [Assertion] Verify 'login Button' is present (SUCCESSFUL)
29 Mar 2026 15:11:02,249 INFO : com.automation.jbehave.ConsoleLogger - ==========================================================
29 Mar 2026 15:11:02,249 INFO : com.automation.jbehave.ConsoleLogger - Scenario: TC_004_JPPMC_002
29 Mar 2026 15:11:02,249 INFO : com.automation.jbehave.ConsoleLogger - ==========================================================
29 Mar 2026 15:11:02,249 INFO : com.automation.jbehave.PropertyParameterConverter - Parameter converted:[p:dewanJPPMC] >> [http://172.16.30.83:5555/JPPMC_EndUser/login.aspx]
29 Mar 2026 15:11:02,430 INFO : com.automation.pages.CannedPage - Navigating to the page: http://172.16.30.83:5555/JPPMC_EndUser/login.aspx
29 Mar 2026 15:11:02,456 INFO : com.automation.jbehave.ConsoleLogger - Given [Navigation] I navigate to 'p:dewanJPPMC' (SUCCESSFUL)
29 Mar 2026 15:11:02,457 INFO : com.automation.jbehave.PropertyParameterConverter - Parameter converted:[p:JPPMCuser.HikmatZomat] >> [Hikmat.Zomat]
29 Mar 2026 15:11:02,457 INFO : com.automation.jbehave.PropertyParameterConverter - Parameter converted:[p:JPPMC.password] >> [Aa1]
29 Mar 2026 15:11:05,717 INFO : com.automation.pages.CannedPage - Filled 'userName' with value: Hikmat.Zomat
29 Mar 2026 15:11:08,835 INFO : com.automation.pages.CannedPage - Clicked on 'password'
29 Mar 2026 15:11:11,950 INFO : com.automation.pages.CannedPage - Filled 'password' with value: Aa1
29 Mar 2026 15:11:12,037 INFO : com.automation.pages.CannedPage - Clicked on 'login Button'
29 Mar 2026 15:11:12,058 INFO : com.automation.jbehave.ConsoleLogger - And [Input] I login as 'p:JPPMCuser.HikmatZomat' with password 'p:JPPMC.password' (SUCCESSFUL)
29 Mar 2026 15:11:12,703 INFO : com.automation.pages.CannedPage - Clicked on 'Generalizations Header Button'
29 Mar 2026 15:11:12,723 INFO : com.automation.jbehave.ConsoleLogger - And [Input] I click on 'Generalizations Header Button' (SUCCESSFUL)
29 Mar 2026 15:11:12,723 INFO : com.automation.jbehave.PropertyParameterConverter - Parameter converted:[p:GeneralizationSizePage] >> [10000000]
29 Mar 2026 15:11:12,978 INFO : com.automation.pages.CannedPage - Filled 'Generalization Size Page Input' with value: 10000000
29 Mar 2026 15:11:13,009 INFO : com.automation.jbehave.ConsoleLogger - When [Input] Set 'Generalization Size Page Input' value to 'p:GeneralizationSizePage' (SUCCESSFUL)
29 Mar 2026 15:11:13,341 INFO : com.automation.pages.CannedPage - Clicked on 'Change Grid Size Button'
29 Mar 2026 15:11:13,368 INFO : com.automation.jbehave.ConsoleLogger - And [Input] I click on 'Change Grid Size Button' (SUCCESSFUL)
29 Mar 2026 15:11:16,401 INFO : com.automation.jbehave.ConsoleLogger - And [Progress] I wait for '3' sec (SUCCESSFUL)
Fetched value from Generalization Size Page Input: 35
Putting value in StateManager: key=GeneralizationSizePageValue, value=35
GeneralizationSizePageValue saved as: 35
29 Mar 2026 15:11:16,491 INFO : com.automation.jbehave.ConsoleLogger - And [Action] I get value from 'Generalization Size Page Input' and save it as 'GeneralizationSizePageValue' (SUCCESSFUL)
Getting value from StateManager: key=GeneralizationSizePageValue, value=35
29 Mar 2026 15:11:16,851 ERROR: com.automation.jbehave.ConsoleLogger - java.lang.Exception: Duplicate value found: 11
29 Mar 2026 15:11:16,945 INFO : com.automation.jbehave.ConsoleLogger - Screenshot saved successfully
29 Mar 2026 15:11:16,976 INFO : com.automation.jbehave.ConsoleLogger - Then [Assertion] Verify uniqueness of values in column 'رقم التعميم' to approaches 'GeneralizationSizePageValue' (FAILED)
29 Mar 2026 15:11:17,006 INFO : com.automation.jbehave.ConsoleLogger - And [Input] I hover on  'User Name Header Button' (NOT PERFORMED)
29 Mar 2026 15:11:17,034 INFO : com.automation.jbehave.ConsoleLogger - And [Input] I click on 'logout Button' (NOT PERFORMED)
29 Mar 2026 15:11:17,060 INFO : com.automation.jbehave.ConsoleLogger - And [Assertion] Verify 'login Button' is present (NOT PERFORMED)
29 Mar 2026 15:11:17,486 INFO : com.automation.jbehave.ConsoleLogger - ==========================================================
29 Mar 2026 15:11:17,486 INFO : com.automation.jbehave.ConsoleLogger - End Story:  TC_004_JPPMC.story
29 Mar 2026 15:11:17,486 INFO : com.automation.jbehave.ConsoleLogger - Status:  FAILED 
29 Mar 2026 15:11:17,486 INFO : com.automation.jbehave.ConsoleLogger - ==========================================================
Running story stories/TC_005_JPPMC.story
29 Mar 2026 15:11:17,492 INFO : com.automation.jbehave.ConsoleLogger - ==========================================================
29 Mar 2026 15:11:17,492 INFO : com.automation.jbehave.ConsoleLogger - Begin Story: TC_005_JPPMC.story
29 Mar 2026 15:11:17,492 INFO : com.automation.jbehave.ConsoleLogger - ==========================================================
29 Mar 2026 15:11:17,493 INFO : com.automation.jbehave.ConsoleLogger - Narrative[inOrderTo=,asA=,iWantTo=,soThat=]
29 Mar 2026 15:11:17,493 INFO : com.automation.jbehave.ConsoleLogger - Lifecycle[before=Lifecycle.Steps[outcome=<null>,metaFilter=<null>,steps=[]],after={}]
Using timeout for story TC_005_JPPMC.story of 7200 secs.
29 Mar 2026 15:11:18,597 INFO : com.automation.jbehave.ConsoleLogger - ==========================================================
29 Mar 2026 15:11:18,597 INFO : com.automation.jbehave.ConsoleLogger - Scenario: TC_005_JPPMC_001
29 Mar 2026 15:11:18,597 INFO : com.automation.jbehave.ConsoleLogger - ==========================================================
29 Mar 2026 15:11:18,598 INFO : com.automation.jbehave.PropertyParameterConverter - Parameter converted:[p:dewanJPPMC] >> [http://172.16.30.83:5555/JPPMC_EndUser/login.aspx]
29 Mar 2026 15:11:18,979 INFO : com.automation.pages.CannedPage - Navigating to the page: http://172.16.30.83:5555/JPPMC_EndUser/login.aspx
29 Mar 2026 15:11:19,011 INFO : com.automation.jbehave.ConsoleLogger - Given [Navigation] I navigate to 'p:dewanJPPMC' (SUCCESSFUL)
29 Mar 2026 15:11:19,011 INFO : com.automation.jbehave.ConsoleLogger - !-- And [Input] I login as 'p:JPPMCuser.HikmatZomat' with password 'p:JPPMC.password' (IGNORED)
29 Mar 2026 15:11:19,012 INFO : com.automation.jbehave.ConsoleLogger - !-- And [Input] I click on 'Add Process Button' (IGNORED)
29 Mar 2026 15:11:19,012 INFO : com.automation.jbehave.ConsoleLogger - !-- And [Input] I click on 'Outgoing Button' (IGNORED)
29 Mar 2026 15:11:19,012 INFO : com.automation.jbehave.ConsoleLogger - !-- When [Input] Set 'Subject Field' value to 'random' (IGNORED)
29 Mar 2026 15:11:19,013 INFO : com.automation.jbehave.ConsoleLogger - !-- And [Input] I select 'p:CommissionersExportingUser' from the 'Commissioners Exporting Outgoing JPPMC' combo box (IGNORED)
29 Mar 2026 15:11:19,013 INFO : com.automation.jbehave.ConsoleLogger - !-- And [Input] Select 'p:AddresseeNameValue' value from 'Addressee Name Outgoing JPPMC' dropdown list (IGNORED)
29 Mar 2026 15:11:19,013 INFO : com.automation.jbehave.ConsoleLogger - !-- And [Navigation] I scroll to end of page (IGNORED)
29 Mar 2026 15:11:19,013 INFO : com.automation.jbehave.ConsoleLogger - !-- And [Input] I click on 'Save Draft Button' (IGNORED)
29 Mar 2026 15:11:19,014 INFO : com.automation.jbehave.ConsoleLogger - !-- And [Action] I get text from 'Subject Field' and save it as 'SubjectText' (IGNORED)
29 Mar 2026 15:11:19,014 INFO : com.automation.jbehave.ConsoleLogger - !-- And [Action] I get value from 'Outgoing Get Serial Number' and save it as 'OutgoingSerialNumberValue' (IGNORED)
29 Mar 2026 15:11:19,014 INFO : com.automation.jbehave.ConsoleLogger - !-- And [Progress] I wait for '5' sec (IGNORED)
29 Mar 2026 15:11:19,014 INFO : com.automation.jbehave.ConsoleLogger - !-- And [Navigation] I scroll to end of page (IGNORED)
29 Mar 2026 15:11:19,015 INFO : com.automation.jbehave.ConsoleLogger - !-- And [Input] I click on 'Save Button' (IGNORED)
29 Mar 2026 15:11:19,015 INFO : com.automation.jbehave.ConsoleLogger - !-- And [Progress] I wait for '3' sec (IGNORED)
29 Mar 2026 15:11:19,015 INFO : com.automation.jbehave.ConsoleLogger - !-- And [Navigation] I scroll to end of page (IGNORED)
29 Mar 2026 15:11:19,015 INFO : com.automation.jbehave.ConsoleLogger - !-- And [Progress] I wait for '3' sec (IGNORED)
29 Mar 2026 15:11:19,015 INFO : com.automation.jbehave.ConsoleLogger - !-- And [Navigation] I scroll to end of page (IGNORED)
29 Mar 2026 15:11:19,015 INFO : com.automation.jbehave.ConsoleLogger - !-- And [Progress] I wait for '3' sec (IGNORED)
29 Mar 2026 15:11:19,016 INFO : com.automation.jbehave.ConsoleLogger - !-- And [Input] I click on 'Direction Tab' (IGNORED)
29 Mar 2026 15:11:19,016 INFO : com.automation.jbehave.ConsoleLogger - !-- !-- And [Input] I click on 'Add Button' (IGNORED)
29 Mar 2026 15:11:19,016 INFO : com.automation.jbehave.ConsoleLogger - !-- !-- And [Progress] I wait for '4' sec (IGNORED)
29 Mar 2026 15:11:19,016 INFO : com.automation.jbehave.ConsoleLogger - !-- !-- And [Input] I click on 'Close Notification Button' (IGNORED)
29 Mar 2026 15:11:19,016 INFO : com.automation.jbehave.ConsoleLogger - !-- !-- And [Assertion] Verify 'Outgoing User Name Directed To1 JPPMC' equals 'p:manarDojan.username' text (IGNORED)
29 Mar 2026 15:11:19,016 INFO : com.automation.jbehave.ConsoleLogger - !-- And [Progress] I wait for '3' sec (IGNORED)
29 Mar 2026 15:11:19,017 INFO : com.automation.jbehave.ConsoleLogger - !-- And [Navigation] I scroll to end of page (IGNORED)
29 Mar 2026 15:11:19,017 INFO : com.automation.jbehave.ConsoleLogger - !-- And [Progress] I wait for '3' sec (IGNORED)
29 Mar 2026 15:11:19,018 INFO : com.automation.jbehave.ConsoleLogger - !-- And [Navigation] I scroll to end of page (IGNORED)
29 Mar 2026 15:11:19,018 INFO : com.automation.jbehave.ConsoleLogger - !-- And [Progress] I wait for '3' sec (IGNORED)
29 Mar 2026 15:11:19,018 INFO : com.automation.jbehave.ConsoleLogger - !-- And [Input] I click on 'Direction Button' (IGNORED)
29 Mar 2026 15:11:19,018 INFO : com.automation.jbehave.ConsoleLogger - !-- And [Progress] I wait for '10' sec (IGNORED)
29 Mar 2026 15:11:19,018 INFO : com.automation.jbehave.ConsoleLogger - !-- And [Input] I hover on  'All Task Header Button' (IGNORED)
29 Mar 2026 15:11:19,018 INFO : com.automation.jbehave.ConsoleLogger - !-- And [Input] I click on 'My Processes List Header Button' (IGNORED)
29 Mar 2026 15:11:19,018 INFO : com.automation.jbehave.ConsoleLogger - !-- And [Assertion] Verify 'Process Status' equals 'p:ProcessCompletedStatus' text (IGNORED)
29 Mar 2026 15:11:19,018 INFO : com.automation.jbehave.ConsoleLogger - !-- And [Input] I hover on  'User Name Header Button' (IGNORED)
29 Mar 2026 15:11:19,018 INFO : com.automation.jbehave.ConsoleLogger - !-- Then [Input] I click on 'logout Button' (IGNORED)
29 Mar 2026 15:11:19,019 INFO : com.automation.jbehave.ConsoleLogger - !-- And [Assertion] Verify 'login Button' is present (IGNORED)
29 Mar 2026 15:11:19,019 INFO : com.automation.jbehave.ConsoleLogger - !-- And [Input] I login as 'p:JPPMCuser.MalakAlshishani' with password 'p:JPPMC.password' (IGNORED)
29 Mar 2026 15:11:19,020 INFO : com.automation.jbehave.ConsoleLogger - !-- And [Input] I hover on  'All Task Header Button' (IGNORED)
29 Mar 2026 15:11:19,020 INFO : com.automation.jbehave.ConsoleLogger - !-- And [Input] I click on 'Tasks To View' (IGNORED)
29 Mar 2026 15:11:19,020 INFO : com.automation.jbehave.ConsoleLogger - !-- And [Assertion] Verify text of 'Tasks To View First Subject Text JPPMC' equals saved value 'SubjectText' (IGNORED)
29 Mar 2026 15:11:19,022 INFO : com.automation.jbehave.ConsoleLogger - !-- And [Input] I click on 'Generalizations View Process Button' (IGNORED)
29 Mar 2026 15:11:19,022 INFO : com.automation.jbehave.ConsoleLogger - !-- And [Assertion] Verify text of 'Subject Field' equals saved value 'SubjectText' (IGNORED)
29 Mar 2026 15:11:19,022 INFO : com.automation.jbehave.ConsoleLogger - !-- And [Assertion] Verify value of 'Outgoing Get Serial Number' equals saved value 'OutgoingSerialNumberValue' (IGNORED)
29 Mar 2026 15:11:19,022 INFO : com.automation.jbehave.ConsoleLogger - !-- And [Progress] I wait for '3' sec (IGNORED)
29 Mar 2026 15:11:19,022 INFO : com.automation.jbehave.ConsoleLogger - !-- And [Navigation] I scroll to end of page (IGNORED)
29 Mar 2026 15:11:19,022 INFO : com.automation.jbehave.ConsoleLogger - !-- And [Progress] I wait for '3' sec (IGNORED)
29 Mar 2026 15:11:19,023 INFO : com.automation.jbehave.ConsoleLogger - !-- And [Navigation] I scroll to end of page (IGNORED)
29 Mar 2026 15:11:19,023 INFO : com.automation.jbehave.ConsoleLogger - !-- And [Progress] I wait for '3' sec (IGNORED)
29 Mar 2026 15:11:19,023 INFO : com.automation.jbehave.ConsoleLogger - !-- And [Input] I click on 'Direction Tab' (IGNORED)
29 Mar 2026 15:11:19,024 INFO : com.automation.jbehave.ConsoleLogger - !-- And [Input] I click on 'View Button' (IGNORED)
29 Mar 2026 15:11:19,024 INFO : com.automation.jbehave.ConsoleLogger - !-- And [Progress] I wait for '5' sec (IGNORED)
29 Mar 2026 15:11:19,024 INFO : com.automation.jbehave.ConsoleLogger - !-- And [Input] I hover on  'All Task Header Button' (IGNORED)
29 Mar 2026 15:11:19,024 INFO : com.automation.jbehave.ConsoleLogger - !-- And [Input] I click on 'Completed Tasks' (IGNORED)
29 Mar 2026 15:11:19,024 INFO : com.automation.jbehave.ConsoleLogger - !-- And [Assertion] Verify text of 'Completed Tasks First Subject Text' equals saved value 'SubjectText' (IGNORED)
29 Mar 2026 15:11:19,024 INFO : com.automation.jbehave.ConsoleLogger - !-- And [Input] I hover on  'User Name Header Button' (IGNORED)
29 Mar 2026 15:11:19,024 INFO : com.automation.jbehave.ConsoleLogger - !-- And [Input] I click on 'logout Button' (IGNORED)
29 Mar 2026 15:11:19,024 INFO : com.automation.jbehave.ConsoleLogger - !-- And [Assertion] Verify 'login Button' is present (IGNORED)
29 Mar 2026 15:11:19,358 INFO : com.automation.jbehave.ConsoleLogger - ==========================================================
29 Mar 2026 15:11:19,358 INFO : com.automation.jbehave.ConsoleLogger - End Story:  TC_005_JPPMC.story
29 Mar 2026 15:11:19,358 INFO : com.automation.jbehave.ConsoleLogger - Status:  PASSED 
29 Mar 2026 15:11:19,358 INFO : com.automation.jbehave.ConsoleLogger - ==========================================================
Running story stories/TC_006_JPPMC.story
29 Mar 2026 15:11:19,366 INFO : com.automation.jbehave.ConsoleLogger - ==========================================================
29 Mar 2026 15:11:19,366 INFO : com.automation.jbehave.ConsoleLogger - Begin Story: TC_006_JPPMC.story
29 Mar 2026 15:11:19,366 INFO : com.automation.jbehave.ConsoleLogger - ==========================================================
29 Mar 2026 15:11:19,367 INFO : com.automation.jbehave.ConsoleLogger - Narrative[inOrderTo=,asA=,iWantTo=,soThat=]
29 Mar 2026 15:11:19,367 INFO : com.automation.jbehave.ConsoleLogger - Lifecycle[before=Lifecycle.Steps[outcome=<null>,metaFilter=<null>,steps=[]],after={}]
Using timeout for story TC_006_JPPMC.story of 7200 secs.
29 Mar 2026 15:11:20,612 INFO : com.automation.jbehave.ConsoleLogger - ==========================================================
29 Mar 2026 15:11:20,612 INFO : com.automation.jbehave.ConsoleLogger - Scenario: TC_006_JPPMC_001
29 Mar 2026 15:11:20,612 INFO : com.automation.jbehave.ConsoleLogger - ==========================================================
29 Mar 2026 15:11:20,613 INFO : com.automation.jbehave.PropertyParameterConverter - Parameter converted:[p:dewanJPPMC] >> [http://172.16.30.83:5555/JPPMC_EndUser/login.aspx]
29 Mar 2026 15:11:21,584 INFO : com.automation.pages.CannedPage - Navigating to the page: http://172.16.30.83:5555/JPPMC_EndUser/login.aspx
29 Mar 2026 15:11:21,650 INFO : com.automation.jbehave.ConsoleLogger - Given [Navigation] I navigate to 'p:dewanJPPMC' (SUCCESSFUL)
29 Mar 2026 15:11:21,651 INFO : com.automation.jbehave.ConsoleLogger - !-- And [Input] I login as 'p:JPPMCuser.HikmatZomat' with password 'p:JPPMC.password' (IGNORED)
29 Mar 2026 15:11:21,651 INFO : com.automation.jbehave.ConsoleLogger - !-- And [Input] I click on 'Add Process Button' (IGNORED)
29 Mar 2026 15:11:21,651 INFO : com.automation.jbehave.ConsoleLogger - !-- And [Input] I click on 'Incoming Button' (IGNORED)
29 Mar 2026 15:11:21,651 INFO : com.automation.jbehave.ConsoleLogger - !-- When [Input] Set 'Subject Field' value to 'random' (IGNORED)
29 Mar 2026 15:11:21,652 INFO : com.automation.jbehave.ConsoleLogger - !-- And [Input] I select 'p:CommissionersExportingUser' from the 'Commissioners Exporting Incoming JPPMC' combo box (IGNORED)
29 Mar 2026 15:11:21,653 INFO : com.automation.jbehave.ConsoleLogger - !-- And [Progress] I wait for '3' sec (IGNORED)
29 Mar 2026 15:11:21,653 INFO : com.automation.jbehave.ConsoleLogger - !-- And [Input] Select 'p:RecipientsValue' value from 'Recipients Incoming JPPMC' dropdown list (IGNORED)
29 Mar 2026 15:11:21,653 INFO : com.automation.jbehave.ConsoleLogger - !-- And [Navigation] I scroll to end of page (IGNORED)
29 Mar 2026 15:11:21,653 INFO : com.automation.jbehave.ConsoleLogger - !-- And [Input] I click on 'Save Draft Button' (IGNORED)
29 Mar 2026 15:11:21,654 INFO : com.automation.jbehave.ConsoleLogger - !-- And [Progress] I wait for '5' sec (IGNORED)
29 Mar 2026 15:11:21,654 INFO : com.automation.jbehave.ConsoleLogger - !-- And [Navigation] I scroll to end of page (IGNORED)
29 Mar 2026 15:11:21,654 INFO : com.automation.jbehave.ConsoleLogger - !-- And [Input] I click on 'Save Button' (IGNORED)
29 Mar 2026 15:11:21,654 INFO : com.automation.jbehave.ConsoleLogger - !-- And [Progress] I wait for '3' sec (IGNORED)
29 Mar 2026 15:11:21,654 INFO : com.automation.jbehave.ConsoleLogger - !-- And [Action] I get value from 'Commissioners Exporting Incoming JPPMC' and save it as 'GeneralManagerOfficeComboBoxValue' (IGNORED)
29 Mar 2026 15:11:21,654 INFO : com.automation.jbehave.ConsoleLogger - !-- And [Action] I get text from 'Subject Field' and save it as 'SubjectText' (IGNORED)
29 Mar 2026 15:11:21,655 INFO : com.automation.jbehave.ConsoleLogger - !-- And [Action] I get value from 'Incoming Get Serial Number' and save it as 'IncomingSerialNumberValue' (IGNORED)
29 Mar 2026 15:11:21,655 INFO : com.automation.jbehave.ConsoleLogger - !-- And [Progress] I wait for '3' sec (IGNORED)
29 Mar 2026 15:11:21,655 INFO : com.automation.jbehave.ConsoleLogger - !-- And [Navigation] I scroll to end of page (IGNORED)
29 Mar 2026 15:11:21,655 INFO : com.automation.jbehave.ConsoleLogger - !-- And [Progress] I wait for '3' sec (IGNORED)
29 Mar 2026 15:11:21,655 INFO : com.automation.jbehave.ConsoleLogger - !-- And [Navigation] I scroll to end of page (IGNORED)
29 Mar 2026 15:11:21,655 INFO : com.automation.jbehave.ConsoleLogger - !-- And [Progress] I wait for '3' sec (IGNORED)
29 Mar 2026 15:11:21,655 INFO : com.automation.jbehave.ConsoleLogger - !-- And [Input] I click on 'Direction Tab' (IGNORED)
29 Mar 2026 15:11:21,655 INFO : com.automation.jbehave.ConsoleLogger - !-- And [Progress] I wait for '3' sec (IGNORED)
29 Mar 2026 15:11:21,655 INFO : com.automation.jbehave.ConsoleLogger - !-- And [Navigation] I scroll to end of page (IGNORED)
29 Mar 2026 15:11:21,656 INFO : com.automation.jbehave.ConsoleLogger - !-- And [Progress] I wait for '3' sec (IGNORED)
29 Mar 2026 15:11:21,656 INFO : com.automation.jbehave.ConsoleLogger - !-- And [Navigation] I scroll to end of page (IGNORED)
29 Mar 2026 15:11:21,656 INFO : com.automation.jbehave.ConsoleLogger - !-- And [Progress] I wait for '3' sec (IGNORED)
29 Mar 2026 15:11:21,656 INFO : com.automation.jbehave.ConsoleLogger - !-- And [Input] I click on 'Direction Button' (IGNORED)
29 Mar 2026 15:11:21,657 INFO : com.automation.jbehave.ConsoleLogger - !-- And [Progress] I wait for '6' sec (IGNORED)
29 Mar 2026 15:11:21,657 INFO : com.automation.jbehave.ConsoleLogger - !-- And [Input] I hover on 'All Task Header Button' (IGNORED)
29 Mar 2026 15:11:21,657 INFO : com.automation.jbehave.ConsoleLogger - !-- And [Input] I click on 'My Processes List Header Button' (IGNORED)
29 Mar 2026 15:11:21,657 INFO : com.automation.jbehave.ConsoleLogger - !-- And [Assertion] Verify 'Process Status' equals 'p:ProcessUnCompletedStatus' text (IGNORED)
29 Mar 2026 15:11:21,657 INFO : com.automation.jbehave.ConsoleLogger - !-- And [Input] I click on 'My Processes List View Process Button' (IGNORED)
29 Mar 2026 15:11:21,657 INFO : com.automation.jbehave.ConsoleLogger - !-- And [Progress] I wait for '3' sec (IGNORED)
29 Mar 2026 15:11:21,657 INFO : com.automation.jbehave.ConsoleLogger - !-- And [Navigation] I scroll to end of page (IGNORED)
29 Mar 2026 15:11:21,657 INFO : com.automation.jbehave.ConsoleLogger - !-- And [Progress] I wait for '3' sec (IGNORED)
29 Mar 2026 15:11:21,658 INFO : com.automation.jbehave.ConsoleLogger - !-- And [Navigation] I scroll to end of page (IGNORED)
29 Mar 2026 15:11:21,658 INFO : com.automation.jbehave.ConsoleLogger - !-- And [Progress] I wait for '3' sec (IGNORED)
29 Mar 2026 15:11:21,658 INFO : com.automation.jbehave.ConsoleLogger - !-- And [Input] I click on 'Incoming Users Directed To' (IGNORED)
29 Mar 2026 15:11:21,658 INFO : com.automation.jbehave.ConsoleLogger - !-- And [Assertion] Verify 'Incoming User Name Directed To1' equals 'p:MalakAlshishani.username' text (IGNORED)
29 Mar 2026 15:11:21,658 INFO : com.automation.jbehave.ConsoleLogger - !-- And [Input] I hover on 'All Task Header Button' (IGNORED)
29 Mar 2026 15:11:21,658 INFO : com.automation.jbehave.ConsoleLogger - !-- And [Input] I click on 'Completed Tasks' (IGNORED)
29 Mar 2026 15:11:21,658 INFO : com.automation.jbehave.ConsoleLogger - !-- And [Assertion] Verify text of 'Completed Tasks First Subject Text' equals saved value 'SubjectText' (IGNORED)
29 Mar 2026 15:11:21,659 INFO : com.automation.jbehave.ConsoleLogger - !-- And [Input] I hover on  'User Name Header Button' (IGNORED)
29 Mar 2026 15:11:21,659 INFO : com.automation.jbehave.ConsoleLogger - !-- And [Input] I click on 'logout Button' (IGNORED)
29 Mar 2026 15:11:21,659 INFO : com.automation.jbehave.ConsoleLogger - !-- And [Input] I login as 'p:JPPMCuser.MalakAlshishani' with password 'p:JPPMC.password' (IGNORED)
29 Mar 2026 15:11:21,660 INFO : com.automation.jbehave.ConsoleLogger - !-- And [Input] I hover on  'All Task Header Button' (IGNORED)
29 Mar 2026 15:11:21,660 INFO : com.automation.jbehave.ConsoleLogger - !-- And [Input] I click on 'Task List Header Button' (IGNORED)
29 Mar 2026 15:11:21,660 INFO : com.automation.jbehave.ConsoleLogger - !-- And [Assertion] Verify text of 'Task List First Subject Text' equals saved value 'SubjectText' (IGNORED)
29 Mar 2026 15:11:21,660 INFO : com.automation.jbehave.ConsoleLogger - !-- And [Input] I click on 'Task List View Process Button' (IGNORED)
29 Mar 2026 15:11:21,660 INFO : com.automation.jbehave.ConsoleLogger - !-- And [Progress] I wait for '3' sec (IGNORED)
29 Mar 2026 15:11:21,661 INFO : com.automation.jbehave.ConsoleLogger - !-- And [Navigation] I scroll to end of page (IGNORED)
29 Mar 2026 15:11:21,661 INFO : com.automation.jbehave.ConsoleLogger - !-- And [Progress] I wait for '3' sec (IGNORED)
29 Mar 2026 15:11:21,661 INFO : com.automation.jbehave.ConsoleLogger - !-- And [Navigation] I scroll to end of page (IGNORED)
29 Mar 2026 15:11:21,661 INFO : com.automation.jbehave.ConsoleLogger - !-- And [Progress] I wait for '3' sec (IGNORED)
29 Mar 2026 15:11:21,661 INFO : com.automation.jbehave.ConsoleLogger - !-- And [Input] I click on 'Close Button' (IGNORED)
29 Mar 2026 15:11:21,662 INFO : com.automation.jbehave.ConsoleLogger - !-- And [Progress] I wait for '3' sec (IGNORED)
29 Mar 2026 15:11:21,662 INFO : com.automation.jbehave.ConsoleLogger - !-- And [Javascript] I accept alert (IGNORED)
29 Mar 2026 15:11:21,662 INFO : com.automation.jbehave.ConsoleLogger - !-- And [Progress] I wait for '3' sec (IGNORED)
29 Mar 2026 15:11:21,662 INFO : com.automation.jbehave.ConsoleLogger - !-- And [Input] I hover on 'All Task Header Button' (IGNORED)
29 Mar 2026 15:11:21,662 INFO : com.automation.jbehave.ConsoleLogger - !-- And [Input] I click on 'Completed Tasks' (IGNORED)
29 Mar 2026 15:11:21,662 INFO : com.automation.jbehave.ConsoleLogger - !-- And [Assertion] Verify text of 'Completed Tasks First Subject Text' equals saved value 'SubjectText' (IGNORED)
29 Mar 2026 15:11:21,662 INFO : com.automation.jbehave.ConsoleLogger - !-- And [Input] I hover on  'User Name Header Button' (IGNORED)
29 Mar 2026 15:11:21,663 INFO : com.automation.jbehave.ConsoleLogger - !-- And [Input] I click on 'logout Button' (IGNORED)
29 Mar 2026 15:11:21,663 INFO : com.automation.jbehave.ConsoleLogger - !-- And [Assertion] Verify 'login Button' is present (IGNORED)
29 Mar 2026 15:11:21,663 INFO : com.automation.jbehave.ConsoleLogger - !-- Then [Input] I login as 'p:JPPMCuser.HikmatZomat' with password 'p:JPPMC.password' (IGNORED)
29 Mar 2026 15:11:21,663 INFO : com.automation.jbehave.ConsoleLogger - !-- And [Input] I hover on 'All Task Header Button' (IGNORED)
29 Mar 2026 15:11:21,663 INFO : com.automation.jbehave.ConsoleLogger - !-- And [Input] I click on 'My Processes List Header Button' (IGNORED)
29 Mar 2026 15:11:21,663 INFO : com.automation.jbehave.ConsoleLogger - !-- And [Assertion] Verify 'Process Status' equals 'p:ProcessCompletedStatus' text (IGNORED)
29 Mar 2026 15:11:21,664 INFO : com.automation.jbehave.ConsoleLogger - !-- And [Input] I hover on  'User Name Header Button' (IGNORED)
29 Mar 2026 15:11:21,664 INFO : com.automation.jbehave.ConsoleLogger - !-- And [Input] I click on 'logout Button' (IGNORED)
29 Mar 2026 15:11:21,664 INFO : com.automation.jbehave.ConsoleLogger - !-- And [Assertion] Verify 'login Button' is present (IGNORED)
29 Mar 2026 15:11:21,859 INFO : com.automation.jbehave.ConsoleLogger - ==========================================================
29 Mar 2026 15:11:21,860 INFO : com.automation.jbehave.ConsoleLogger - Scenario: TC_006_JPPMC_002
29 Mar 2026 15:11:21,860 INFO : com.automation.jbehave.ConsoleLogger - ==========================================================
29 Mar 2026 15:11:21,860 INFO : com.automation.jbehave.PropertyParameterConverter - Parameter converted:[p:dewanJPPMC] >> [http://172.16.30.83:5555/JPPMC_EndUser/login.aspx]
29 Mar 2026 15:11:23,148 INFO : com.automation.pages.CannedPage - Navigating to the page: http://172.16.30.83:5555/JPPMC_EndUser/login.aspx
29 Mar 2026 15:11:23,178 INFO : com.automation.jbehave.ConsoleLogger - Given [Navigation] I navigate to 'p:dewanJPPMC' (SUCCESSFUL)
29 Mar 2026 15:11:23,178 INFO : com.automation.jbehave.ConsoleLogger - !-- And [Input] I login as 'p:JPPMCuser.HikmatZomat' with password 'p:JPPMC.password' (IGNORED)
29 Mar 2026 15:11:23,178 INFO : com.automation.jbehave.ConsoleLogger - !-- And [Input] I click on 'Add Process Button' (IGNORED)
29 Mar 2026 15:11:23,178 INFO : com.automation.jbehave.ConsoleLogger - !-- And [Input] I click on 'Incoming Button' (IGNORED)
29 Mar 2026 15:11:23,178 INFO : com.automation.jbehave.ConsoleLogger - !-- When [Input] Set 'Subject Field' value to 'random' (IGNORED)
29 Mar 2026 15:11:23,178 INFO : com.automation.jbehave.ConsoleLogger - !-- !-- And [Input] Set 'Num Book From The Source' value to 'nanotime' (IGNORED)
29 Mar 2026 15:11:23,178 INFO : com.automation.jbehave.ConsoleLogger - !-- And [Input] I select 'p:GeneralManagerOffice' from the 'General Manager Office Incoming JPPMC' combo box (IGNORED)
29 Mar 2026 15:11:23,178 INFO : com.automation.jbehave.ConsoleLogger - !-- And [Progress] I wait for '3' sec (IGNORED)
29 Mar 2026 15:11:23,178 INFO : com.automation.jbehave.ConsoleLogger - !-- And [Input] Select 'p:RecipientsValue' value from 'Recipients Incoming JPPMC' dropdown list (IGNORED)
29 Mar 2026 15:11:23,179 INFO : com.automation.jbehave.ConsoleLogger - !-- And [Input] I click on 'Save Draft Button' (IGNORED)
29 Mar 2026 15:11:23,179 INFO : com.automation.jbehave.ConsoleLogger - !-- And [Input] I click on 'Save Button' (IGNORED)
29 Mar 2026 15:11:23,179 INFO : com.automation.jbehave.ConsoleLogger - !-- And [Progress] I wait for '3' sec (IGNORED)
29 Mar 2026 15:11:23,179 INFO : com.automation.jbehave.ConsoleLogger - !-- And [Action] I get value from 'General Manager Office Incoming JPPMC' and save it as 'GeneralManagerOfficeComboBoxValue' (IGNORED)
29 Mar 2026 15:11:23,179 INFO : com.automation.jbehave.ConsoleLogger - !-- And [Action] I get text from 'Subject Field' and save it as 'SubjectText' (IGNORED)
29 Mar 2026 15:11:23,179 INFO : com.automation.jbehave.ConsoleLogger - !-- And [Action] I get value from 'Incoming Get Serial Number' and save it as 'IncomingSerialNumberValue' (IGNORED)
29 Mar 2026 15:11:23,179 INFO : com.automation.jbehave.ConsoleLogger - !-- And [Navigation] I scroll to end of page (IGNORED)
29 Mar 2026 15:11:23,179 INFO : com.automation.jbehave.ConsoleLogger - !-- And [Navigation] I scroll to end of page (IGNORED)
29 Mar 2026 15:11:23,179 INFO : com.automation.jbehave.ConsoleLogger - !-- And [Input] I click on 'Direction Tab' (IGNORED)
29 Mar 2026 15:11:23,179 INFO : com.automation.jbehave.ConsoleLogger - !-- And [Input] I click on 'Click On All Check Box' (IGNORED)
29 Mar 2026 15:11:23,179 INFO : com.automation.jbehave.ConsoleLogger - !-- And [Input] I click on 'Delete Button' (IGNORED)
29 Mar 2026 15:11:23,179 INFO : com.automation.jbehave.ConsoleLogger - !-- And [Progress] I wait for '3' sec (IGNORED)
29 Mar 2026 15:11:23,179 INFO : com.automation.jbehave.ConsoleLogger - !-- And [Input] I click on 'Close Notification Button' (IGNORED)
29 Mar 2026 15:11:23,179 INFO : com.automation.jbehave.ConsoleLogger - !-- And [Progress] I wait for '3' sec (IGNORED)
29 Mar 2026 15:11:23,179 INFO : com.automation.jbehave.ConsoleLogger - !-- And [Input] I select the 'To View Radio Button' (IGNORED)
29 Mar 2026 15:11:23,180 INFO : com.automation.jbehave.ConsoleLogger - !-- And [Progress] I wait for '5' sec (IGNORED)
29 Mar 2026 15:11:23,180 INFO : com.automation.jbehave.ConsoleLogger - !-- And [Navigation] I scroll to end of page (IGNORED)
29 Mar 2026 15:11:23,180 INFO : com.automation.jbehave.ConsoleLogger - !-- And [Input] I click on 'Add Button' (IGNORED)
29 Mar 2026 15:11:23,180 INFO : com.automation.jbehave.ConsoleLogger - !-- And [Progress] I wait for '4' sec (IGNORED)
29 Mar 2026 15:11:23,180 INFO : com.automation.jbehave.ConsoleLogger - !-- And [Input] I click on 'Close Notification Button' (IGNORED)
29 Mar 2026 15:11:23,180 INFO : com.automation.jbehave.ConsoleLogger - !-- And [Input] I click on 'Direction Button' (IGNORED)
29 Mar 2026 15:11:23,180 INFO : com.automation.jbehave.ConsoleLogger - !-- And [Progress] I wait for '4' sec (IGNORED)
29 Mar 2026 15:11:23,180 INFO : com.automation.jbehave.ConsoleLogger - !-- And [Input] I hover on 'All Task Header Button' (IGNORED)
29 Mar 2026 15:11:23,180 INFO : com.automation.jbehave.ConsoleLogger - !-- And [Input] I click on 'My Processes List Header Button' (IGNORED)
29 Mar 2026 15:11:23,180 INFO : com.automation.jbehave.ConsoleLogger - !-- And [Assertion] Verify 'Process Status' equals 'p:ProcessCompletedStatus' text (IGNORED)
29 Mar 2026 15:11:23,180 INFO : com.automation.jbehave.ConsoleLogger - !-- And [Input] I click on 'My Processes List View Process Button' (IGNORED)
29 Mar 2026 15:11:23,180 INFO : com.automation.jbehave.ConsoleLogger - !-- And [Input] I click on 'Incoming Users Directed To' (IGNORED)
29 Mar 2026 15:11:23,180 INFO : com.automation.jbehave.ConsoleLogger - !-- And [Assertion] Verify 'Incoming User Name Directed To1' equals 'p:manarDojan.username' text (IGNORED)
29 Mar 2026 15:11:23,180 INFO : com.automation.jbehave.ConsoleLogger - !-- And [Input] I hover on 'All Task Header Button' (IGNORED)
29 Mar 2026 15:11:23,181 INFO : com.automation.jbehave.ConsoleLogger - !-- And [Input] I click on 'Completed Tasks' (IGNORED)
29 Mar 2026 15:11:23,181 INFO : com.automation.jbehave.ConsoleLogger - !-- And [Assertion] Verify text of 'Completed Tasks First Subject Text' equals saved value 'SubjectText' (IGNORED)
29 Mar 2026 15:11:23,181 INFO : com.automation.jbehave.ConsoleLogger - !-- And [Input] I click on 'logout Button' (IGNORED)
29 Mar 2026 15:11:23,181 INFO : com.automation.jbehave.ConsoleLogger - !-- Then [Input] I login as 'p:JPPMCuser.manarDojan' with password 'p:JPPMC.password' (IGNORED)
29 Mar 2026 15:11:23,181 INFO : com.automation.jbehave.ConsoleLogger - !-- And [Input] I click on 'Tasks To View' (IGNORED)
29 Mar 2026 15:11:23,181 INFO : com.automation.jbehave.ConsoleLogger - !-- And [Assertion] Verify text of 'Tasks To View First Subject Text SCC' equals saved value 'SubjectText' (IGNORED)
29 Mar 2026 15:11:23,181 INFO : com.automation.jbehave.ConsoleLogger - !-- And [Input] I click on 'Generalizations View Process Button' (IGNORED)
29 Mar 2026 15:11:23,181 INFO : com.automation.jbehave.ConsoleLogger - !-- And [Assertion] Verify text of 'Subject Field' equals saved value 'SubjectText' (IGNORED)
29 Mar 2026 15:11:23,181 INFO : com.automation.jbehave.ConsoleLogger - !-- And [Assertion] Verify value of 'Incoming Get Serial Number' equals saved value 'IncomingSerialNumberValue' (IGNORED)
29 Mar 2026 15:11:23,181 INFO : com.automation.jbehave.ConsoleLogger - !-- And [Input] I click on 'logout Button' (IGNORED)
29 Mar 2026 15:11:23,181 INFO : com.automation.jbehave.ConsoleLogger - !-- And [Assertion] Verify 'login Button' is present (IGNORED)
29 Mar 2026 15:11:23,491 INFO : com.automation.jbehave.ConsoleLogger - ==========================================================
29 Mar 2026 15:11:23,491 INFO : com.automation.jbehave.ConsoleLogger - End Story:  TC_006_JPPMC.story
29 Mar 2026 15:11:23,491 INFO : com.automation.jbehave.ConsoleLogger - Status:  PASSED 
29 Mar 2026 15:11:23,491 INFO : com.automation.jbehave.ConsoleLogger - ==========================================================
Running story stories/TC_007_JPPMC.story
29 Mar 2026 15:11:23,497 INFO : com.automation.jbehave.ConsoleLogger - ==========================================================
29 Mar 2026 15:11:23,498 INFO : com.automation.jbehave.ConsoleLogger - Begin Story: TC_007_JPPMC.story
29 Mar 2026 15:11:23,498 INFO : com.automation.jbehave.ConsoleLogger - ==========================================================
29 Mar 2026 15:11:23,498 INFO : com.automation.jbehave.ConsoleLogger - Narrative[inOrderTo=,asA=,iWantTo=,soThat=]
29 Mar 2026 15:11:23,498 INFO : com.automation.jbehave.ConsoleLogger - Lifecycle[before=Lifecycle.Steps[outcome=<null>,metaFilter=<null>,steps=[]],after={}]
Using timeout for story TC_007_JPPMC.story of 7200 secs.
29 Mar 2026 15:11:24,867 INFO : com.automation.jbehave.ConsoleLogger - ==========================================================
29 Mar 2026 15:11:24,868 INFO : com.automation.jbehave.ConsoleLogger - Scenario: TC_007_JPPMC_001
29 Mar 2026 15:11:24,868 INFO : com.automation.jbehave.ConsoleLogger - ==========================================================
29 Mar 2026 15:11:24,869 INFO : com.automation.jbehave.PropertyParameterConverter - Parameter converted:[p:dewanJPPMC] >> [http://172.16.30.83:5555/JPPMC_EndUser/login.aspx]
29 Mar 2026 15:11:25,160 INFO : com.automation.pages.CannedPage - Navigating to the page: http://172.16.30.83:5555/JPPMC_EndUser/login.aspx
29 Mar 2026 15:11:25,233 INFO : com.automation.jbehave.ConsoleLogger - Given [Navigation] I navigate to 'p:dewanJPPMC' (SUCCESSFUL)
29 Mar 2026 15:11:25,235 INFO : com.automation.jbehave.ConsoleLogger - !-- And [Input] I login as 'p:JPPMCuser.HikmatZomat' with password 'p:JPPMC.password' (IGNORED)
29 Mar 2026 15:11:25,235 INFO : com.automation.jbehave.ConsoleLogger - !-- And [Input] I click on 'Add Process Button' (IGNORED)
29 Mar 2026 15:11:25,235 INFO : com.automation.jbehave.ConsoleLogger - !-- And [Input] I click on 'Internal Correspondence Button JPPMC' (IGNORED)
29 Mar 2026 15:11:25,235 INFO : com.automation.jbehave.ConsoleLogger - !-- When [Input] Set 'Subject Field' value to 'random' (IGNORED)
29 Mar 2026 15:11:25,236 INFO : com.automation.jbehave.ConsoleLogger - !-- And [Input] I select 'p:CommissionersExportingUser' from the 'Commissioner Internal Correspondence JPPMC' combo box (IGNORED)
29 Mar 2026 15:11:25,236 INFO : com.automation.jbehave.ConsoleLogger - !-- And [Progress] I wait for '3' sec (IGNORED)
29 Mar 2026 15:11:25,237 INFO : com.automation.jbehave.ConsoleLogger - !-- And [Navigation] I scroll to end of page (IGNORED)
29 Mar 2026 15:11:25,237 INFO : com.automation.jbehave.ConsoleLogger - !-- And [Input] I select 'p:MainClassificationValue' from the 'Main Classification Internal Correspondence JPPMC' combo box (IGNORED)
29 Mar 2026 15:11:25,237 INFO : com.automation.jbehave.ConsoleLogger - !-- And [Progress] I wait for '3' sec (IGNORED)
29 Mar 2026 15:11:25,237 INFO : com.automation.jbehave.ConsoleLogger - !-- And [Navigation] I scroll to end of page (IGNORED)
29 Mar 2026 15:11:25,237 INFO : com.automation.jbehave.ConsoleLogger - !-- And [Progress] I wait for '3' sec (IGNORED)
29 Mar 2026 15:11:25,238 INFO : com.automation.jbehave.ConsoleLogger - !-- And [Navigation] I scroll to end of page (IGNORED)
29 Mar 2026 15:11:25,238 INFO : com.automation.jbehave.ConsoleLogger - !-- And [Progress] I wait for '3' sec (IGNORED)
29 Mar 2026 15:11:25,238 INFO : com.automation.jbehave.ConsoleLogger - !-- And [Input] I click on 'Save Button' (IGNORED)
29 Mar 2026 15:11:25,238 INFO : com.automation.jbehave.ConsoleLogger - !-- And [Progress] I wait for '3' sec (IGNORED)
29 Mar 2026 15:11:25,238 INFO : com.automation.jbehave.ConsoleLogger - !-- And [Action] I get value from 'Commissioner Internal Correspondence JPPMC' and save it as 'CommissionersExportingUser' (IGNORED)
29 Mar 2026 15:11:25,238 INFO : com.automation.jbehave.ConsoleLogger - !-- And [Action] I get text from 'Subject Field' and save it as 'SubjectText' (IGNORED)
29 Mar 2026 15:11:25,238 INFO : com.automation.jbehave.ConsoleLogger - !-- And [Action] I get value from 'Internal Correspondence Get Serial Number JPPMC' and save it as 'InternalCorrespondenceSerialNumberValue' (IGNORED)
29 Mar 2026 15:11:25,238 INFO : com.automation.jbehave.ConsoleLogger - !-- And [Progress] I wait for '3' sec (IGNORED)
29 Mar 2026 15:11:25,238 INFO : com.automation.jbehave.ConsoleLogger - !-- And [Navigation] I scroll to end of page (IGNORED)
29 Mar 2026 15:11:25,239 INFO : com.automation.jbehave.ConsoleLogger - !-- And [Progress] I wait for '3' sec (IGNORED)
29 Mar 2026 15:11:25,239 INFO : com.automation.jbehave.ConsoleLogger - !-- And [Navigation] I scroll to end of page (IGNORED)
29 Mar 2026 15:11:25,239 INFO : com.automation.jbehave.ConsoleLogger - !-- And [Progress] I wait for '3' sec (IGNORED)
29 Mar 2026 15:11:25,239 INFO : com.automation.jbehave.ConsoleLogger - !-- And [Input] I click on 'Direction Tab' (IGNORED)
29 Mar 2026 15:11:25,239 INFO : com.automation.jbehave.ConsoleLogger - !-- And [Progress] I wait for '3' sec (IGNORED)
29 Mar 2026 15:11:25,239 INFO : com.automation.jbehave.ConsoleLogger - !-- And [Navigation] I scroll to end of page (IGNORED)
29 Mar 2026 15:11:25,239 INFO : com.automation.jbehave.ConsoleLogger - !-- And [Progress] I wait for '3' sec (IGNORED)
29 Mar 2026 15:11:25,240 INFO : com.automation.jbehave.ConsoleLogger - !-- And [Navigation] I scroll to end of page (IGNORED)
29 Mar 2026 15:11:25,240 INFO : com.automation.jbehave.ConsoleLogger - !-- And [Progress] I wait for '3' sec (IGNORED)
29 Mar 2026 15:11:25,240 INFO : com.automation.jbehave.ConsoleLogger - !-- And [Input] I select 'p:CommissionersExportingUser' from the 'Division Input' combo box (IGNORED)
29 Mar 2026 15:11:25,240 INFO : com.automation.jbehave.ConsoleLogger - !-- And [Input] I click on 'AddButton' (IGNORED)
29 Mar 2026 15:11:25,240 INFO : com.automation.jbehave.ConsoleLogger - !-- And [Progress] I wait for '4' sec (IGNORED)
29 Mar 2026 15:11:25,240 INFO : com.automation.jbehave.ConsoleLogger - !-- !-- And [Input] I click on 'Close Notification Button' (IGNORED)
29 Mar 2026 15:11:25,241 INFO : com.automation.jbehave.ConsoleLogger - !-- !-- And [Progress] I wait for '3' sec (IGNORED)
29 Mar 2026 15:11:25,241 INFO : com.automation.jbehave.ConsoleLogger - !-- And [Assertion] Verify text of 'Department Liaison Officer Name' contains saved value 'CommissionersExportingUser' (IGNORED)
29 Mar 2026 15:11:25,241 INFO : com.automation.jbehave.ConsoleLogger - !-- And [Progress] I wait for '3' sec (IGNORED)
29 Mar 2026 15:11:25,241 INFO : com.automation.jbehave.ConsoleLogger - !-- And [Navigation] I scroll to end of page (IGNORED)
29 Mar 2026 15:11:25,241 INFO : com.automation.jbehave.ConsoleLogger - !-- And [Progress] I wait for '3' sec (IGNORED)
29 Mar 2026 15:11:25,241 INFO : com.automation.jbehave.ConsoleLogger - !-- And [Navigation] I scroll to end of page (IGNORED)
29 Mar 2026 15:11:25,242 INFO : com.automation.jbehave.ConsoleLogger - !-- And [Progress] I wait for '3' sec (IGNORED)
29 Mar 2026 15:11:25,242 INFO : com.automation.jbehave.ConsoleLogger - !-- And [Input] I click on 'Direction Button' (IGNORED)
29 Mar 2026 15:11:25,242 INFO : com.automation.jbehave.ConsoleLogger - !-- And [Progress] I wait for '4' sec (IGNORED)
29 Mar 2026 15:11:25,242 INFO : com.automation.jbehave.ConsoleLogger - !-- And [Input] I hover on 'All Task Header Button' (IGNORED)
29 Mar 2026 15:11:25,242 INFO : com.automation.jbehave.ConsoleLogger - !-- And [Input] I click on 'My Processes List Header Button' (IGNORED)
29 Mar 2026 15:11:25,242 INFO : com.automation.jbehave.ConsoleLogger - !-- And [Progress] I wait for '3' sec (IGNORED)
29 Mar 2026 15:11:25,242 INFO : com.automation.jbehave.ConsoleLogger - !-- And [Assertion] Verify 'Process Status' equals 'p:ProcessUnCompletedStatus' text (IGNORED)
29 Mar 2026 15:11:25,243 INFO : com.automation.jbehave.ConsoleLogger - !-- And [Input] I click on 'My Processes List View Process Button' (IGNORED)
29 Mar 2026 15:11:25,243 INFO : com.automation.jbehave.ConsoleLogger - !-- And [Progress] I wait for '3' sec (IGNORED)
29 Mar 2026 15:11:25,243 INFO : com.automation.jbehave.ConsoleLogger - !-- And [Navigation] I scroll to end of page (IGNORED)
29 Mar 2026 15:11:25,243 INFO : com.automation.jbehave.ConsoleLogger - !-- And [Progress] I wait for '3' sec (IGNORED)
29 Mar 2026 15:11:25,243 INFO : com.automation.jbehave.ConsoleLogger - !-- And [Navigation] I scroll to end of page (IGNORED)
29 Mar 2026 15:11:25,244 INFO : com.automation.jbehave.ConsoleLogger - !-- And [Progress] I wait for '3' sec (IGNORED)
29 Mar 2026 15:11:25,244 INFO : com.automation.jbehave.ConsoleLogger - !-- And [Input] I click on 'Incoming Users Directed To' (IGNORED)
29 Mar 2026 15:11:25,244 INFO : com.automation.jbehave.ConsoleLogger - !-- And [Assertion] Verify 'Incoming User Name Directed To1' equals 'p:MalakAlshishani.username' text (IGNORED)
29 Mar 2026 15:11:25,244 INFO : com.automation.jbehave.ConsoleLogger - !-- And [Input] I hover on 'All Task Header Button' (IGNORED)
29 Mar 2026 15:11:25,244 INFO : com.automation.jbehave.ConsoleLogger - !-- And [Input] I click on 'Completed Tasks' (IGNORED)
29 Mar 2026 15:11:25,244 INFO : com.automation.jbehave.ConsoleLogger - !-- And [Assertion] Verify text of 'Completed Tasks First Subject Text' equals saved value 'SubjectText' (IGNORED)
29 Mar 2026 15:11:25,245 INFO : com.automation.jbehave.ConsoleLogger - !-- And [Input] I hover on  'User Name Header Button' (IGNORED)
29 Mar 2026 15:11:25,245 INFO : com.automation.jbehave.ConsoleLogger - !-- And [Input] I click on 'logout Button' (IGNORED)
29 Mar 2026 15:11:25,245 INFO : com.automation.jbehave.ConsoleLogger - !-- And [Input] I login as 'p:JPPMCuser.MalakAlshishani' with password 'p:JPPMC.password' (IGNORED)
29 Mar 2026 15:11:25,245 INFO : com.automation.jbehave.ConsoleLogger - !-- And [Input] I hover on  'All Task Header Button' (IGNORED)
29 Mar 2026 15:11:25,245 INFO : com.automation.jbehave.ConsoleLogger - !-- And [Input] I click on 'Task List Header Button' (IGNORED)
29 Mar 2026 15:11:25,245 INFO : com.automation.jbehave.ConsoleLogger - !-- And [Assertion] Verify text of 'Task List First Subject Text' equals saved value 'SubjectText' (IGNORED)
29 Mar 2026 15:11:25,245 INFO : com.automation.jbehave.ConsoleLogger - !-- And [Input] I click on 'Task List View Process Button' (IGNORED)
29 Mar 2026 15:11:25,246 INFO : com.automation.jbehave.ConsoleLogger - !-- And [Progress] I wait for '3' sec (IGNORED)
29 Mar 2026 15:11:25,246 INFO : com.automation.jbehave.ConsoleLogger - !-- And [Navigation] I scroll to end of page (IGNORED)
29 Mar 2026 15:11:25,246 INFO : com.automation.jbehave.ConsoleLogger - !-- And [Progress] I wait for '3' sec (IGNORED)
29 Mar 2026 15:11:25,246 INFO : com.automation.jbehave.ConsoleLogger - !-- And [Navigation] I scroll to end of page (IGNORED)
29 Mar 2026 15:11:25,246 INFO : com.automation.jbehave.ConsoleLogger - !-- And [Progress] I wait for '3' sec (IGNORED)
29 Mar 2026 15:11:25,246 INFO : com.automation.jbehave.ConsoleLogger - !-- And [Input] I click on 'Close Button' (IGNORED)
29 Mar 2026 15:11:25,246 INFO : com.automation.jbehave.ConsoleLogger - !-- And [Javascript] I accept alert (IGNORED)
29 Mar 2026 15:11:25,246 INFO : com.automation.jbehave.ConsoleLogger - !-- And [Progress] I wait for '3' sec (IGNORED)
29 Mar 2026 15:11:25,247 INFO : com.automation.jbehave.ConsoleLogger - !-- And [Input] I hover on 'All Task Header Button' (IGNORED)
29 Mar 2026 15:11:25,247 INFO : com.automation.jbehave.ConsoleLogger - !-- And [Input] I click on 'Completed Tasks' (IGNORED)
29 Mar 2026 15:11:25,247 INFO : com.automation.jbehave.ConsoleLogger - !-- And [Assertion] Verify text of 'Completed Tasks First Subject Text' equals saved value 'SubjectText' (IGNORED)
29 Mar 2026 15:11:25,247 INFO : com.automation.jbehave.ConsoleLogger - !-- And [Input] I hover on  'User Name Header Button' (IGNORED)
29 Mar 2026 15:11:25,247 INFO : com.automation.jbehave.ConsoleLogger - !-- And [Input] I click on 'logout Button' (IGNORED)
29 Mar 2026 15:11:25,248 INFO : com.automation.jbehave.ConsoleLogger - !-- And [Assertion] Verify 'login Button' is present (IGNORED)
29 Mar 2026 15:11:25,248 INFO : com.automation.jbehave.ConsoleLogger - !-- Then [Input] I login as 'p:JPPMCuser.HikmatZomat' with password 'p:JPPMC.password' (IGNORED)
29 Mar 2026 15:11:25,248 INFO : com.automation.jbehave.ConsoleLogger - !-- And [Input] I hover on 'All Task Header Button' (IGNORED)
29 Mar 2026 15:11:25,248 INFO : com.automation.jbehave.ConsoleLogger - !-- And [Input] I click on 'My Processes List Header Button' (IGNORED)
29 Mar 2026 15:11:25,248 INFO : com.automation.jbehave.ConsoleLogger - !-- And [Assertion] Verify 'Process Status' equals 'p:ProcessCompletedStatus' text (IGNORED)
29 Mar 2026 15:11:25,249 INFO : com.automation.jbehave.ConsoleLogger - !-- And [Input] I hover on  'User Name Header Button' (IGNORED)
29 Mar 2026 15:11:25,249 INFO : com.automation.jbehave.ConsoleLogger - !-- And [Input] I click on 'logout Button' (IGNORED)
29 Mar 2026 15:11:25,249 INFO : com.automation.jbehave.ConsoleLogger - !-- And [Assertion] Verify 'login Button' is present (IGNORED)
29 Mar 2026 15:11:25,734 INFO : com.automation.jbehave.ConsoleLogger - ==========================================================
29 Mar 2026 15:11:25,734 INFO : com.automation.jbehave.ConsoleLogger - Scenario: TC_007_JPPMC_002
29 Mar 2026 15:11:25,734 INFO : com.automation.jbehave.ConsoleLogger - ==========================================================
29 Mar 2026 15:11:25,735 INFO : com.automation.jbehave.PropertyParameterConverter - Parameter converted:[p:dewanJPPMC] >> [http://172.16.30.83:5555/JPPMC_EndUser/login.aspx]
29 Mar 2026 15:11:25,967 INFO : com.automation.pages.CannedPage - Navigating to the page: http://172.16.30.83:5555/JPPMC_EndUser/login.aspx
29 Mar 2026 15:11:26,019 INFO : com.automation.jbehave.ConsoleLogger - Given [Navigation] I navigate to 'p:dewanJPPMC' (SUCCESSFUL)
29 Mar 2026 15:11:26,020 INFO : com.automation.jbehave.ConsoleLogger - !-- And [Input] I login as 'p:JPPMCuser.HikmatZomat' with password 'p:JPPMC.password' (IGNORED)
29 Mar 2026 15:11:26,020 INFO : com.automation.jbehave.ConsoleLogger - !-- And [Input] I click on 'Add Process Button' (IGNORED)
29 Mar 2026 15:11:26,020 INFO : com.automation.jbehave.ConsoleLogger - !-- And [Input] I click on 'Internal Correspondence Button SCC' (IGNORED)
29 Mar 2026 15:11:26,020 INFO : com.automation.jbehave.ConsoleLogger - !-- When [Input] Set 'Subject Field' value to 'random' (IGNORED)
29 Mar 2026 15:11:26,020 INFO : com.automation.jbehave.ConsoleLogger - !-- And [Input] I select 'p:GeneralManagerOffice' from the 'General Manager Office Internal Correspondence SCC' combo box (IGNORED)
29 Mar 2026 15:11:26,021 INFO : com.automation.jbehave.ConsoleLogger - !-- And [Input] I select 'p:FileName' from the 'File Name Internal Correspondence SCC' combo box (IGNORED)
29 Mar 2026 15:11:26,021 INFO : com.automation.jbehave.ConsoleLogger - !-- And [Input] Set 'File Subject Internal Correspondence SCC' value to 'random' (IGNORED)
29 Mar 2026 15:11:26,021 INFO : com.automation.jbehave.ConsoleLogger - !-- And [Input] I click on 'Save Draft Button' (IGNORED)
29 Mar 2026 15:11:26,021 INFO : com.automation.jbehave.ConsoleLogger - !-- And [Input] I click on 'Save Button' (IGNORED)
29 Mar 2026 15:11:26,021 INFO : com.automation.jbehave.ConsoleLogger - !-- And [Progress] I wait for '3' sec (IGNORED)
29 Mar 2026 15:11:26,021 INFO : com.automation.jbehave.ConsoleLogger - !-- And [Action] I get value from 'General Manager Office Internal Correspondence SCC' and save it as 'GeneralManagerOfficeComboBoxValue' (IGNORED)
29 Mar 2026 15:11:26,021 INFO : com.automation.jbehave.ConsoleLogger - !-- And [Action] I get text from 'Subject Field' and save it as 'SubjectText' (IGNORED)
29 Mar 2026 15:11:26,021 INFO : com.automation.jbehave.ConsoleLogger - !-- And [Action] I get value from 'Internal Correspondence Get Serial Number SCC' and save it as 'InternalCorrespondenceSerialNumberValue' (IGNORED)
29 Mar 2026 15:11:26,021 INFO : com.automation.jbehave.ConsoleLogger - !-- And [Input] I click on 'Direction Tab' (IGNORED)
29 Mar 2026 15:11:26,021 INFO : com.automation.jbehave.ConsoleLogger - !-- And [Input] I click on 'Click On All Check Box' (IGNORED)
29 Mar 2026 15:11:26,022 INFO : com.automation.jbehave.ConsoleLogger - !-- And [Input] I click on 'Delete Button' (IGNORED)
29 Mar 2026 15:11:26,022 INFO : com.automation.jbehave.ConsoleLogger - !-- And [Progress] I wait for '3' sec (IGNORED)
29 Mar 2026 15:11:26,022 INFO : com.automation.jbehave.ConsoleLogger - !-- And [Input] I click on 'Close Notification Button' (IGNORED)
29 Mar 2026 15:11:26,022 INFO : com.automation.jbehave.ConsoleLogger - !-- And [Progress] I wait for '3' sec (IGNORED)
29 Mar 2026 15:11:26,022 INFO : com.automation.jbehave.ConsoleLogger - !-- And [Input] I select the 'To View Radio Button' (IGNORED)
29 Mar 2026 15:11:26,022 INFO : com.automation.jbehave.ConsoleLogger - !-- And [Progress] I wait for '3' sec (IGNORED)
29 Mar 2026 15:11:26,022 INFO : com.automation.jbehave.ConsoleLogger - !-- And [Navigation] I scroll to end of page (IGNORED)
29 Mar 2026 15:11:26,022 INFO : com.automation.jbehave.ConsoleLogger - !-- And [Input] I click on 'Add Button' (IGNORED)
29 Mar 2026 15:11:26,022 INFO : com.automation.jbehave.ConsoleLogger - !-- And [Progress] I wait for '3' sec (IGNORED)
29 Mar 2026 15:11:26,022 INFO : com.automation.jbehave.ConsoleLogger - !-- And [Input] I click on 'Close Notification Button' (IGNORED)
29 Mar 2026 15:11:26,022 INFO : com.automation.jbehave.ConsoleLogger - !-- And [Assertion] Verify text of 'Department Liaison Officer Name' contains saved value 'GeneralManagerOfficeComboBoxValue' (IGNORED)
29 Mar 2026 15:11:26,023 INFO : com.automation.jbehave.ConsoleLogger - !-- And [Input] I click on 'Direction Button' (IGNORED)
29 Mar 2026 15:11:26,023 INFO : com.automation.jbehave.ConsoleLogger - !-- And [Progress] I wait for '4' sec (IGNORED)
29 Mar 2026 15:11:26,023 INFO : com.automation.jbehave.ConsoleLogger - !-- And [Input] I hover on 'All Task Header Button' (IGNORED)
29 Mar 2026 15:11:26,023 INFO : com.automation.jbehave.ConsoleLogger - !-- And [Input] I click on 'My Processes List Header Button' (IGNORED)
29 Mar 2026 15:11:26,023 INFO : com.automation.jbehave.ConsoleLogger - !-- And [Assertion] Verify 'Process Status' equals 'p:ProcessCompletedStatus' text (IGNORED)
29 Mar 2026 15:11:26,023 INFO : com.automation.jbehave.ConsoleLogger - !-- And [Input] I click on 'My Processes List View Process Button' (IGNORED)
29 Mar 2026 15:11:26,023 INFO : com.automation.jbehave.ConsoleLogger - !-- And [Input] I click on 'Incoming Users Directed To' (IGNORED)
29 Mar 2026 15:11:26,024 INFO : com.automation.jbehave.ConsoleLogger - !-- And [Assertion] Verify 'Incoming User Name Directed To1' equals 'p:manarDojan.username' text (IGNORED)
29 Mar 2026 15:11:26,024 INFO : com.automation.jbehave.ConsoleLogger - !-- And [Input] I hover on 'All Task Header Button' (IGNORED)
29 Mar 2026 15:11:26,024 INFO : com.automation.jbehave.ConsoleLogger - !-- And [Input] I click on 'Completed Tasks' (IGNORED)
29 Mar 2026 15:11:26,024 INFO : com.automation.jbehave.ConsoleLogger - !-- And [Assertion] Verify text of 'Completed Tasks First Subject Text' equals saved value 'SubjectText' (IGNORED)
29 Mar 2026 15:11:26,024 INFO : com.automation.jbehave.ConsoleLogger - !-- And [Input] I click on 'logout Button' (IGNORED)
29 Mar 2026 15:11:26,024 INFO : com.automation.jbehave.ConsoleLogger - !-- Then [Input] I login as 'p:JPPMCuser.manarDojan' with password 'p:JPPMC.password' (IGNORED)
29 Mar 2026 15:11:26,025 INFO : com.automation.jbehave.ConsoleLogger - !-- And [Input] I click on 'Tasks To View' (IGNORED)
29 Mar 2026 15:11:26,025 INFO : com.automation.jbehave.ConsoleLogger - !-- And [Assertion] Verify text of 'Tasks To View First Subject Text SCC' equals saved value 'SubjectText' (IGNORED)
29 Mar 2026 15:11:26,025 INFO : com.automation.jbehave.ConsoleLogger - !-- And [Input] I click on 'Generalizations View Process Button' (IGNORED)
29 Mar 2026 15:11:26,025 INFO : com.automation.jbehave.ConsoleLogger - !-- And [Assertion] Verify text of 'Subject Field' equals saved value 'SubjectText' (IGNORED)
29 Mar 2026 15:11:26,026 INFO : com.automation.jbehave.ConsoleLogger - !-- And [Assertion] Verify value of 'Internal Correspondence Get Serial Number SCC' equals saved value 'InternalCorrespondenceSerialNumberValue' (IGNORED)
29 Mar 2026 15:11:26,026 INFO : com.automation.jbehave.ConsoleLogger - !-- And [Input] I click on 'logout Button' (IGNORED)
29 Mar 2026 15:11:26,026 INFO : com.automation.jbehave.ConsoleLogger - !-- And [Assertion] Verify 'login Button' is present (IGNORED)
29 Mar 2026 15:11:26,533 INFO : com.automation.jbehave.ConsoleLogger - ==========================================================
29 Mar 2026 15:11:26,533 INFO : com.automation.jbehave.ConsoleLogger - End Story:  TC_007_JPPMC.story
29 Mar 2026 15:11:26,533 INFO : com.automation.jbehave.ConsoleLogger - Status:  PASSED 
29 Mar 2026 15:11:26,533 INFO : com.automation.jbehave.ConsoleLogger - ==========================================================
Sent message successfully....
Generating reports view to 'D:\Automation Quality Projects\Dewan-Automation\target\jbehave' using formats '[ide_console, xml, html, consolelogger]' and view properties '{reports=ftl/jbehave-reports.ftl, nonDecorated=ftl/jbehave-report-non-decorated.ftl, maps=ftl/jbehave-maps.ftl, navigator=ftl/jbehave-navigator.ftl, views=ftl/jbehave-views.ftl, decorated=ftl/jbehave-report-decorated.ftl}'
Reports view generated with 0 stories (of which 0 pending) containing 0 scenarios (of which 0 pending)
]]></system-out>
    <system-err><![CDATA[[pool-2-thread-1] INFO io.github.bonigarcia.wdm.WebDriverManager - Using chromedriver 146.0.7680.165 (resolved driver for Chrome 146)
[pool-2-thread-1] INFO io.github.bonigarcia.wdm.WebDriverManager - Exporting webdriver.chrome.driver as C:\Users\mbarghuthi\.cache\selenium\chromedriver\win64\146.0.7680.165\chromedriver.exe
Mar 29, 2026 3:08:48 PM org.openqa.selenium.remote.service.DriverService$Builder getLogOutput
INFO: Driver logs no longer sent to console by default; https://www.selenium.dev/documentation/webdriver/drivers/service/#setting-log-output
Mar 29, 2026 3:08:52 PM org.openqa.selenium.devtools.CdpVersionFinder findNearestMatch
WARNING: Unable to find CDP implementation matching 146
Mar 29, 2026 3:08:52 PM org.openqa.selenium.chromium.ChromiumDriver lambda$new$4
WARNING: Unable to find version of CDP to use for . You may need to include a dependency on a specific version of the CDP using something similar to `org.seleniumhq.selenium:selenium-devtools-v86:4.10.0` where the version ("v86") matches the version of the chromium-based browser you're using and the version number of the artifact is the same as Selenium's.
[pool-2-thread-1] INFO io.github.bonigarcia.wdm.WebDriverManager - Using chromedriver 146.0.7680.165 (resolved driver for Chrome 146)
[pool-2-thread-1] INFO io.github.bonigarcia.wdm.WebDriverManager - Exporting webdriver.chrome.driver as C:\Users\mbarghuthi\.cache\selenium\chromedriver\win64\146.0.7680.165\chromedriver.exe
Mar 29, 2026 3:08:55 PM org.openqa.selenium.remote.service.DriverService$Builder getLogOutput
INFO: Driver logs no longer sent to console by default; https://www.selenium.dev/documentation/webdriver/drivers/service/#setting-log-output
Mar 29, 2026 3:08:57 PM org.openqa.selenium.devtools.CdpVersionFinder findNearestMatch
WARNING: Unable to find CDP implementation matching 146
Mar 29, 2026 3:08:57 PM org.openqa.selenium.chromium.ChromiumDriver lambda$new$4
WARNING: Unable to find version of CDP to use for . You may need to include a dependency on a specific version of the CDP using something similar to `org.seleniumhq.selenium:selenium-devtools-v86:4.10.0` where the version ("v86") matches the version of the chromium-based browser you're using and the version number of the artifact is the same as Selenium's.
[pool-2-thread-1] INFO io.github.bonigarcia.wdm.WebDriverManager - Using chromedriver 146.0.7680.165 (resolved driver for Chrome 146)
[pool-2-thread-1] INFO io.github.bonigarcia.wdm.WebDriverManager - Exporting webdriver.chrome.driver as C:\Users\mbarghuthi\.cache\selenium\chromedriver\win64\146.0.7680.165\chromedriver.exe
Mar 29, 2026 3:08:58 PM org.openqa.selenium.remote.service.DriverService$Builder getLogOutput
INFO: Driver logs no longer sent to console by default; https://www.selenium.dev/documentation/webdriver/drivers/service/#setting-log-output
Mar 29, 2026 3:09:00 PM org.openqa.selenium.devtools.CdpVersionFinder findNearestMatch
WARNING: Unable to find CDP implementation matching 146
Mar 29, 2026 3:09:00 PM org.openqa.selenium.chromium.ChromiumDriver lambda$new$4
WARNING: Unable to find version of CDP to use for . You may need to include a dependency on a specific version of the CDP using something similar to `org.seleniumhq.selenium:selenium-devtools-v86:4.10.0` where the version ("v86") matches the version of the chromium-based browser you're using and the version number of the artifact is the same as Selenium's.
[pool-2-thread-1] INFO io.github.bonigarcia.wdm.WebDriverManager - Using chromedriver 146.0.7680.165 (resolved driver for Chrome 146)
[pool-2-thread-1] INFO io.github.bonigarcia.wdm.WebDriverManager - Exporting webdriver.chrome.driver as C:\Users\mbarghuthi\.cache\selenium\chromedriver\win64\146.0.7680.165\chromedriver.exe
Mar 29, 2026 3:09:17 PM org.openqa.selenium.remote.service.DriverService$Builder getLogOutput
INFO: Driver logs no longer sent to console by default; https://www.selenium.dev/documentation/webdriver/drivers/service/#setting-log-output
Mar 29, 2026 3:09:19 PM org.openqa.selenium.devtools.CdpVersionFinder findNearestMatch
WARNING: Unable to find CDP implementation matching 146
Mar 29, 2026 3:09:19 PM org.openqa.selenium.chromium.ChromiumDriver lambda$new$4
WARNING: Unable to find version of CDP to use for . You may need to include a dependency on a specific version of the CDP using something similar to `org.seleniumhq.selenium:selenium-devtools-v86:4.10.0` where the version ("v86") matches the version of the chromium-based browser you're using and the version number of the artifact is the same as Selenium's.
Screenshot of page 'http://172.16.30.83:5555/JPPMC_EndUser/Enduser/Generalazation' has **NOT** been saved. If there is no error, perhaps the WebDriver type you are using is not compatible with taking screenshots
[pool-2-thread-1] INFO io.github.bonigarcia.wdm.WebDriverManager - Using chromedriver 146.0.7680.165 (resolved driver for Chrome 146)
[pool-2-thread-1] INFO io.github.bonigarcia.wdm.WebDriverManager - Exporting webdriver.chrome.driver as C:\Users\mbarghuthi\.cache\selenium\chromedriver\win64\146.0.7680.165\chromedriver.exe
Mar 29, 2026 3:11:17 PM org.openqa.selenium.remote.service.DriverService$Builder getLogOutput
INFO: Driver logs no longer sent to console by default; https://www.selenium.dev/documentation/webdriver/drivers/service/#setting-log-output
Mar 29, 2026 3:11:18 PM org.openqa.selenium.devtools.CdpVersionFinder findNearestMatch
WARNING: Unable to find CDP implementation matching 146
Mar 29, 2026 3:11:18 PM org.openqa.selenium.chromium.ChromiumDriver lambda$new$4
WARNING: Unable to find version of CDP to use for . You may need to include a dependency on a specific version of the CDP using something similar to `org.seleniumhq.selenium:selenium-devtools-v86:4.10.0` where the version ("v86") matches the version of the chromium-based browser you're using and the version number of the artifact is the same as Selenium's.
[pool-2-thread-1] INFO io.github.bonigarcia.wdm.WebDriverManager - Using chromedriver 146.0.7680.165 (resolved driver for Chrome 146)
[pool-2-thread-1] INFO io.github.bonigarcia.wdm.WebDriverManager - Exporting webdriver.chrome.driver as C:\Users\mbarghuthi\.cache\selenium\chromedriver\win64\146.0.7680.165\chromedriver.exe
Mar 29, 2026 3:11:19 PM org.openqa.selenium.remote.service.DriverService$Builder getLogOutput
INFO: Driver logs no longer sent to console by default; https://www.selenium.dev/documentation/webdriver/drivers/service/#setting-log-output
Mar 29, 2026 3:11:20 PM org.openqa.selenium.devtools.CdpVersionFinder findNearestMatch
WARNING: Unable to find CDP implementation matching 146
Mar 29, 2026 3:11:20 PM org.openqa.selenium.chromium.ChromiumDriver lambda$new$4
WARNING: Unable to find version of CDP to use for . You may need to include a dependency on a specific version of the CDP using something similar to `org.seleniumhq.selenium:selenium-devtools-v86:4.10.0` where the version ("v86") matches the version of the chromium-based browser you're using and the version number of the artifact is the same as Selenium's.
[pool-2-thread-1] INFO io.github.bonigarcia.wdm.WebDriverManager - Using chromedriver 146.0.7680.165 (resolved driver for Chrome 146)
[pool-2-thread-1] INFO io.github.bonigarcia.wdm.WebDriverManager - Exporting webdriver.chrome.driver as C:\Users\mbarghuthi\.cache\selenium\chromedriver\win64\146.0.7680.165\chromedriver.exe
Mar 29, 2026 3:11:23 PM org.openqa.selenium.remote.service.DriverService$Builder getLogOutput
INFO: Driver logs no longer sent to console by default; https://www.selenium.dev/documentation/webdriver/drivers/service/#setting-log-output
Mar 29, 2026 3:11:24 PM org.openqa.selenium.devtools.CdpVersionFinder findNearestMatch
WARNING: Unable to find CDP implementation matching 146
Mar 29, 2026 3:11:24 PM org.openqa.selenium.chromium.ChromiumDriver lambda$new$4
WARNING: Unable to find version of CDP to use for . You may need to include a dependency on a specific version of the CDP using something similar to `org.seleniumhq.selenium:selenium-devtools-v86:4.10.0` where the version ("v86") matches the version of the chromium-based browser you're using and the version number of the artifact is the same as Selenium's.
]]></system-err>
  </testcase>
</testsuite>